[2024-12-02 08:53:24,396] [runserver.py:147] [runserver:log_action] [INFO]- HTTP GET /admin/ 302 [0.51, 127.0.0.1:54221]
[2024-12-02 08:53:24,480] [runserver.py:141] [runserver:log_action] [INFO]- HTTP GET /admin/login/?next=/admin/ 200 [0.08, 127.0.0.1:54221]
[2024-12-02 08:53:24,501] [runserver.py:145] [runserver:log_action] [INFO]- HTTP GET /static/admin/simpleui-x/fontawesome-free-5.8.1-web/css/all.min.css 304 [0.01, 127.0.0.1:54221]
[2024-12-02 08:53:24,514] [runserver.py:145] [runserver:log_action] [INFO]- HTTP GET /static/admin/simpleui-x/css/login.css?_=2.1 304 [0.02, 127.0.0.1:54222]
[2024-12-02 08:53:24,523] [runserver.py:145] [runserver:log_action] [INFO]- HTTP GET /static/admin/simpleui-x/img/logo.png 304 [0.03, 127.0.0.1:54225]
[2024-12-02 08:53:24,532] [runserver.py:145] [runserver:log_action] [INFO]- HTTP GET /static/admin/simpleui-x/js/vue.min.js?_=2022.4.9 304 [0.03, 127.0.0.1:54226]
[2024-12-02 08:53:24,539] [runserver.py:145] [runserver:log_action] [INFO]- HTTP GET /static/admin/simpleui-x/img/bg.svg 304 [0.04, 127.0.0.1:54227]
[2024-12-02 08:53:24,546] [runserver.py:145] [runserver:log_action] [INFO]- HTTP GET /static/admin/simpleui-x/js/login.js?_=3.3 304 [0.04, 127.0.0.1:54221]
[2024-12-02 08:53:24,554] [runserver.py:145] [runserver:log_action] [INFO]- HTTP GET /static/admin/simpleui-x/particles/particles.js 304 [0.04, 127.0.0.1:54228]
[2024-12-02 08:53:24,559] [runserver.py:145] [runserver:log_action] [INFO]- HTTP GET /static/admin/simpleui-x/particles/app.js 304 [0.04, 127.0.0.1:54222]
[2024-12-02 08:53:24,586] [runserver.py:145] [runserver:log_action] [INFO]- HTTP GET /static/admin/simpleui-x/fontawesome-free-5.8.1-web/webfonts/fa-solid-900.woff2 304 [0.00, 127.0.0.1:54222]
[2024-12-02 08:53:24,614] [runserver.py:147] [runserver:log_action] [INFO]- HTTP GET /favicon.ico 302 [0.01, 127.0.0.1:54222]
[2024-12-02 08:53:24,628] [runserver.py:141] [runserver:log_action] [INFO]- HTTP GET /login/ 200 [0.00, 127.0.0.1:54222]
[2024-12-02 08:53:27,015] [UserIP.py:90] [UserIP:process_response] [INFO]- 2024-12-02 08:53:27 None>None None>None>None 127.0.0.1 127.0.0.1 /admin/login/ POST
[2024-12-02 08:53:27,028] [runserver.py:147] [runserver:log_action] [INFO]- HTTP POST /admin/login/?next=/admin/ 302 [0.32, 127.0.0.1:54222]
[2024-12-02 08:53:29,077] [runserver.py:141] [runserver:log_action] [INFO]- HTTP GET /admin/ 200 [2.04, 127.0.0.1:54222]
[2024-12-02 08:53:29,113] [runserver.py:145] [runserver:log_action] [INFO]- HTTP GET /static/admin/simpleui-x/waves/waves.min.css?_=2.1 304 [0.02, 127.0.0.1:54222]
[2024-12-02 08:53:29,119] [runserver.py:145] [runserver:log_action] [INFO]- HTTP GET /static/admin/simpleui-x/automatic/segment.js?_=2022.4.9 304 [0.02, 127.0.0.1:54228]
[2024-12-02 08:53:29,123] [runserver.py:145] [runserver:log_action] [INFO]- HTTP GET /static/admin/simpleui-x/locale/en-us.js?_=2022.4.9 304 [0.02, 127.0.0.1:54221]
[2024-12-02 08:53:29,128] [runserver.py:145] [runserver:log_action] [INFO]- HTTP GET /static/admin/simpleui-x/locale/zh-hans.js?_=2022.4.9 304 [0.02, 127.0.0.1:54227]
[2024-12-02 08:53:29,134] [runserver.py:145] [runserver:log_action] [INFO]- HTTP GET /static/admin/simpleui-x/theme/theme.js?_=2022.4.9 304 [0.02, 127.0.0.1:54225]
[2024-12-02 08:53:29,136] [runserver.py:145] [runserver:log_action] [INFO]- HTTP GET /static/admin/simpleui-x/js/cookie.js?_=2022.4.9 304 [0.03, 127.0.0.1:54226]
[2024-12-02 08:53:29,140] [runserver.py:145] [runserver:log_action] [INFO]- HTTP GET /static/admin/simpleui-x/waves/waves.min.js?_=2022.4.9 304 [0.02, 127.0.0.1:54222]
[2024-12-02 08:53:29,254] [runserver.py:145] [runserver:log_action] [INFO]- HTTP GET /static/admin/simpleui-x/fontawesome-free-5.8.1-web/webfonts/fa-regular-400.woff2 304 [0.01, 127.0.0.1:54222]
[2024-12-02 08:53:29,258] [runserver.py:145] [runserver:log_action] [INFO]- HTTP GET /static/admin/simpleui-x/fontawesome-free-5.8.1-web/webfonts/fa-brands-400.woff2 304 [0.01, 127.0.0.1:54226]
[2024-12-02 08:53:29,327] [runserver.py:147] [runserver:log_action] [INFO]- HTTP GET /favicon.ico 302 [0.03, 127.0.0.1:54226]
[2024-12-02 08:53:29,355] [runserver.py:141] [runserver:log_action] [INFO]- HTTP GET /login/ 200 [0.03, 127.0.0.1:54226]
[2024-12-02 08:53:41,094] [runserver.py:141] [runserver:log_action] [INFO]- HTTP GET /admin/CriticalIssueCrossCheck/criticalissuecrossresult/ 200 [0.40, 127.0.0.1:54226]
[2024-12-02 08:53:41,131] [runserver.py:147] [runserver:log_action] [INFO]- HTTP GET /favicon.ico 302 [0.42, 127.0.0.1:54222]
[2024-12-02 08:53:41,137] [runserver.py:145] [runserver:log_action] [INFO]- HTTP GET /static/admin/css/base.css?_=2.7 304 [0.03, 127.0.0.1:54226]
[2024-12-02 08:53:41,142] [runserver.py:145] [runserver:log_action] [INFO]- HTTP GET /static/admin/simpleui-x/js/language.js?_=2.1.2 304 [0.03, 127.0.0.1:54225]
[2024-12-02 08:53:41,147] [runserver.py:145] [runserver:log_action] [INFO]- HTTP GET /static/admin/simpleui-x/locale/en-us.js?_=2.1.2 304 [0.03, 127.0.0.1:54227]
[2024-12-02 08:53:41,151] [runserver.py:145] [runserver:log_action] [INFO]- HTTP GET /static/admin/simpleui-x/locale/zh-hans.js 304 [0.03, 127.0.0.1:54221]
[2024-12-02 08:53:41,296] [runserver.py:145] [runserver:log_action] [INFO]- HTTP GET /static/admin/simpleui-x/js/cookie.js 304 [0.18, 127.0.0.1:54228]
[2024-12-02 08:53:41,302] [runserver.py:145] [runserver:log_action] [INFO]- HTTP GET /static/admin/css/changelists.css?_=20180905 304 [0.17, 127.0.0.1:54222]
[2024-12-02 08:53:41,309] [runserver.py:145] [runserver:log_action] [INFO]- HTTP GET /static/admin/css/responsive.css?_=20180905 304 [0.17, 127.0.0.1:54226]
[2024-12-02 08:53:41,312] [runserver.py:145] [runserver:log_action] [INFO]- HTTP GET /static/admin/css/fonts.css 304 [0.17, 127.0.0.1:54225]
[2024-12-02 08:53:41,317] [runserver.py:145] [runserver:log_action] [INFO]- HTTP GET /static/admin/js/vendor/jquery/jquery.js 304 [0.17, 127.0.0.1:54227]
[2024-12-02 08:53:41,345] [runserver.py:141] [runserver:log_action] [INFO]- HTTP GET /admin/jsi18n/ 200 [0.19, 127.0.0.1:54221]
[2024-12-02 08:53:41,352] [runserver.py:145] [runserver:log_action] [INFO]- HTTP GET /static/admin/js/jquery.init.js 304 [0.05, 127.0.0.1:54228]
[2024-12-02 08:53:41,357] [runserver.py:145] [runserver:log_action] [INFO]- HTTP GET /static/admin/js/core.js 304 [0.05, 127.0.0.1:54222]
[2024-12-02 08:53:41,362] [runserver.py:145] [runserver:log_action] [INFO]- HTTP GET /static/admin/js/admin/RelatedObjectLookups.js 304 [0.05, 127.0.0.1:54226]
[2024-12-02 08:53:41,368] [runserver.py:145] [runserver:log_action] [INFO]- HTTP GET /static/admin/js/actions.js 304 [0.05, 127.0.0.1:54225]
[2024-12-02 08:53:41,373] [runserver.py:145] [runserver:log_action] [INFO]- HTTP GET /static/admin/js/urlify.js 304 [0.05, 127.0.0.1:54227]
[2024-12-02 08:53:41,380] [runserver.py:145] [runserver:log_action] [INFO]- HTTP GET /static/admin/js/prepopulate.js 304 [0.03, 127.0.0.1:54221]
[2024-12-02 08:53:41,385] [runserver.py:145] [runserver:log_action] [INFO]- HTTP GET /static/admin/js/vendor/xregexp/xregexp.js 304 [0.03, 127.0.0.1:54228]
[2024-12-02 08:53:41,398] [runserver.py:145] [runserver:log_action] [INFO]- HTTP GET /static/admin/js/vendor/jquery/jquery.min.js 304 [0.04, 127.0.0.1:54222]
[2024-12-02 08:53:41,403] [runserver.py:145] [runserver:log_action] [INFO]- HTTP GET /static/admin/simpleui-x/automatic/segment.js 304 [0.04, 127.0.0.1:54226]
[2024-12-02 08:53:41,423] [runserver.py:141] [runserver:log_action] [INFO]- HTTP GET /login/ 200 [0.05, 127.0.0.1:54225]
[2024-12-02 08:53:41,462] [runserver.py:145] [runserver:log_action] [INFO]- HTTP GET /static/admin/fonts/Roboto-Regular-webfont.woff 304 [0.00, 127.0.0.1:54225]
[2024-12-02 08:53:41,475] [runserver.py:145] [runserver:log_action] [INFO]- HTTP GET /static/admin/img/sorting-icons.svg 304 [0.00, 127.0.0.1:54225]
[2024-12-02 08:53:41,482] [runserver.py:145] [runserver:log_action] [INFO]- HTTP GET /static/admin/fonts/Roboto-Light-webfont.woff 304 [0.00, 127.0.0.1:54225]
[2024-12-02 08:53:41,485] [runserver.py:145] [runserver:log_action] [INFO]- HTTP GET /static/admin/fonts/Roboto-Bold-webfont.woff 304 [0.01, 127.0.0.1:54226]
[2024-12-02 08:53:49,777] [runserver.py:141] [runserver:log_action] [INFO]- HTTP GET /admin/app01/role/ 200 [1.69, 127.0.0.1:54226]
[2024-12-02 08:53:49,807] [runserver.py:147] [runserver:log_action] [INFO]- HTTP GET /favicon.ico 302 [1.71, 127.0.0.1:54225]
[2024-12-02 08:53:49,854] [runserver.py:141] [runserver:log_action] [INFO]- HTTP GET /admin/jsi18n/ 200 [0.06, 127.0.0.1:54226]
[2024-12-02 08:53:49,884] [runserver.py:141] [runserver:log_action] [INFO]- HTTP GET /login/ 200 [0.07, 127.0.0.1:54225]
[2024-12-02 08:54:03,683] [runserver.py:141] [runserver:log_action] [INFO]- HTTP GET /admin/app01/role/18/change/ 200 [0.47, 127.0.0.1:54225]
[2024-12-02 08:54:03,703] [runserver.py:145] [runserver:log_action] [INFO]- HTTP GET /static/admin/css/forms.css 304 [0.01, 127.0.0.1:54225]
[2024-12-02 08:54:03,712] [runserver.py:145] [runserver:log_action] [INFO]- HTTP GET /static/admin/js/SelectBox.js 304 [0.02, 127.0.0.1:54222]
[2024-12-02 08:54:03,747] [runserver.py:141] [runserver:log_action] [INFO]- HTTP GET /admin/jsi18n/ 200 [0.05, 127.0.0.1:54226]
[2024-12-02 08:54:03,753] [runserver.py:145] [runserver:log_action] [INFO]- HTTP GET /static/admin/js/change_form.js 304 [0.05, 127.0.0.1:54227]
[2024-12-02 08:54:03,759] [runserver.py:145] [runserver:log_action] [INFO]- HTTP GET /static/admin/img/icon-addlink.svg 304 [0.06, 127.0.0.1:54221]
[2024-12-02 08:54:03,763] [runserver.py:145] [runserver:log_action] [INFO]- HTTP GET /static/admin/js/SelectFilter2.js 304 [0.06, 127.0.0.1:54228]
[2024-12-02 08:54:03,768] [runserver.py:145] [runserver:log_action] [INFO]- HTTP GET /static/admin/css/widgets.css 304 [0.04, 127.0.0.1:54222]
[2024-12-02 08:54:03,771] [runserver.py:145] [runserver:log_action] [INFO]- HTTP GET /static/admin/js/prepopulate_init.js 304 [0.01, 127.0.0.1:54227]
[2024-12-02 08:54:03,845] [runserver.py:145] [runserver:log_action] [INFO]- HTTP GET /static/admin/img/search.svg 304 [0.00, 127.0.0.1:54227]
[2024-12-02 08:54:03,848] [runserver.py:145] [runserver:log_action] [INFO]- HTTP GET /static/admin/img/selector-icons.svg 304 [0.01, 127.0.0.1:54222]
[2024-12-02 08:54:29,980] [runserver.py:141] [runserver:log_action] [INFO]- HTTP GET /admin/app01/role/ 200 [1.47, 127.0.0.1:54222]
[2024-12-02 08:54:48,078] [runserver.py:141] [runserver:log_action] [INFO]- HTTP GET /admin/app01/role/1/change/ 200 [0.45, 127.0.0.1:54222]
[2024-12-02 08:54:48,107] [runserver.py:141] [runserver:log_action] [INFO]- HTTP GET /admin/jsi18n/ 200 [0.02, 127.0.0.1:54222]
[2024-12-02 08:55:09,573] [runserver.py:147] [runserver:log_action] [INFO]- HTTP GET /Navigations_system/ProjectInfo/ 302 [0.02, 127.0.0.1:54222]
[2024-12-02 08:55:09,670] [runserver.py:147] [runserver:log_action] [INFO]- HTTP GET /favicon.ico 302 [0.03, 127.0.0.1:54222]
[2024-12-02 08:55:09,697] [runserver.py:141] [runserver:log_action] [INFO]- HTTP GET /login/ 200 [0.02, 127.0.0.1:54222]
[2024-12-02 08:55:11,763] [runserver.py:147] [runserver:log_action] [INFO]- HTTP GET /favicon.ico 302 [0.04, 127.0.0.1:54222]
[2024-12-02 08:55:11,798] [runserver.py:141] [runserver:log_action] [INFO]- HTTP GET /login/ 200 [0.03, 127.0.0.1:54222]
[2024-12-02 08:55:14,102] [UserIP.py:90] [UserIP:process_response] [INFO]- 2024-12-02 08:55:14 C1010S3>Edwin None>None>None 127.0.0.1 127.0.0.1 /login/ POST
[2024-12-02 08:55:14,146] [runserver.py:147] [runserver:log_action] [INFO]- HTTP POST /login/?next= 302 [0.09, 127.0.0.1:54222]
[2024-12-02 08:55:14,179] [runserver.py:147] [runserver:log_action] [INFO]- HTTP GET /login/ 302 [0.03, 127.0.0.1:54222]
[2024-12-02 08:55:14,240] [runserver.py:141] [runserver:log_action] [INFO]- HTTP GET /Navigations/ 200 [0.06, 127.0.0.1:54222]
[2024-12-02 08:55:14,273] [runserver.py:145] [runserver:log_action] [INFO]- HTTP GET /static/css/style.css 304 [0.00, 127.0.0.1:54222]
[2024-12-02 08:55:14,377] [runserver.py:162] [runserver:log_action] [INFO]- WebSocket HANDSHAKING /ws/msg/Reliability_Row_data/ [127.0.0.1:54404]
[2024-12-02 08:55:14,528] [runserver.py:158] [runserver:log_action] [INFO]- WebSocket CONNECT /ws/msg/Reliability_Row_data/ [127.0.0.1:54404]
[2024-12-02 08:55:14,663] [runserver.py:141] [runserver:log_action] [INFO]- HTTP GET /favicon.ico 200 [0.04, 127.0.0.1:54222]
[2024-12-02 08:55:53,746] [runserver.py:141] [runserver:log_action] [INFO]- HTTP GET /admin/app01/role/ 200 [1.80, 127.0.0.1:54222]
[2024-12-02 08:56:01,275] [runserver.py:141] [runserver:log_action] [INFO]- HTTP GET /CriticalIssueCrossCheck/CriticalIssue_ProjectResult/ 200 [0.04, 127.0.0.1:54222]
[2024-12-02 08:56:01,288] [runserver.py:145] [runserver:log_action] [INFO]- HTTP GET /static/css/ElementUI.css 304 [0.00, 127.0.0.1:54222]
[2024-12-02 08:56:01,324] [runserver.py:160] [runserver:log_action] [INFO]- WebSocket DISCONNECT /ws/msg/Reliability_Row_data/ [127.0.0.1:54404]
[2024-12-02 08:56:01,338] [runserver.py:162] [runserver:log_action] [INFO]- WebSocket HANDSHAKING /ws/msg/Reliability_Row_data/ [127.0.0.1:50359]
[2024-12-02 08:56:01,342] [runserver.py:158] [runserver:log_action] [INFO]- WebSocket CONNECT /ws/msg/Reliability_Row_data/ [127.0.0.1:50359]
[2024-12-02 08:56:01,542] [runserver.py:141] [runserver:log_action] [INFO]- HTTP GET /CriticalIssueCrossCheck/CriticalIssue_ProjectResult/?action=get&csrfmiddlewaretoken=3RJQvtL8x42KgXHIjgwy5X7cMAswq1XDlvb8MNfX95eZCFxhHDGLQTXKxXFp3eUj 200 [0.04, 127.0.0.1:54222]
[2024-12-02 08:56:01,545] [runserver.py:145] [runserver:log_action] [INFO]- HTTP GET /static/css/fonts/element-icons.ttf 304 [0.04, 127.0.0.1:54393]
[2024-12-02 08:56:01,613] [runserver.py:141] [runserver:log_action] [INFO]- HTTP GET /favicon.ico 200 [0.05, 127.0.0.1:54393]
[2024-12-02 08:56:02,884] [runserver.py:141] [runserver:log_action] [INFO]- HTTP GET /Navigations/ 200 [0.04, 127.0.0.1:54393]
[2024-12-02 08:56:02,929] [runserver.py:162] [runserver:log_action] [INFO]- WebSocket HANDSHAKING /ws/msg/Reliability_Row_data/ [127.0.0.1:50365]
[2024-12-02 08:56:02,933] [runserver.py:158] [runserver:log_action] [INFO]- WebSocket CONNECT /ws/msg/Reliability_Row_data/ [127.0.0.1:50365]
[2024-12-02 08:56:02,961] [runserver.py:160] [runserver:log_action] [INFO]- WebSocket DISCONNECT /ws/msg/Reliability_Row_data/ [127.0.0.1:50359]
[2024-12-02 08:56:03,130] [runserver.py:141] [runserver:log_action] [INFO]- HTTP GET /favicon.ico 200 [0.06, 127.0.0.1:54393]
[2024-12-02 08:56:14,654] [runserver.py:141] [runserver:log_action] [INFO]- HTTP GET /CriticalIssueCrossCheck/CriticalIssue_edit/ 200 [0.04, 127.0.0.1:54393]
[2024-12-02 08:56:14,719] [runserver.py:162] [runserver:log_action] [INFO]- WebSocket HANDSHAKING /ws/msg/Reliability_Row_data/ [127.0.0.1:50377]
[2024-12-02 08:56:14,721] [runserver.py:160] [runserver:log_action] [INFO]- WebSocket DISCONNECT /ws/msg/Reliability_Row_data/ [127.0.0.1:50365]
[2024-12-02 08:56:14,726] [runserver.py:158] [runserver:log_action] [INFO]- WebSocket CONNECT /ws/msg/Reliability_Row_data/ [127.0.0.1:50377]
[2024-12-02 08:56:14,842] [UserIP.py:90] [UserIP:process_response] [INFO]- 2024-12-02 08:56:14 C1010S3>Edwin None>None>None 127.0.0.1 127.0.0.1 /CriticalIssueCrossCheck/CriticalIssue_edit/ POST
[2024-12-02 08:56:14,858] [runserver.py:141] [runserver:log_action] [INFO]- HTTP POST /CriticalIssueCrossCheck/CriticalIssue_edit/ 200 [0.03, 127.0.0.1:54393]
[2024-12-02 08:56:14,900] [runserver.py:141] [runserver:log_action] [INFO]- HTTP GET /favicon.ico 200 [0.06, 127.0.0.1:54222]
[2024-12-02 09:33:35,891] [runserver.py:141] [runserver:log_action] [INFO]- HTTP GET /LessonProjectME/Lesson_SearchByProject/ 200 [0.26, 127.0.0.1:65219]
[2024-12-02 09:33:36,034] [runserver.py:162] [runserver:log_action] [INFO]- WebSocket HANDSHAKING /ws/msg/Reliability_Row_data/ [127.0.0.1:65224]
[2024-12-02 09:33:36,200] [runserver.py:158] [runserver:log_action] [INFO]- WebSocket CONNECT /ws/msg/Reliability_Row_data/ [127.0.0.1:65224]
[2024-12-02 09:33:36,317] [runserver.py:141] [runserver:log_action] [INFO]- HTTP GET /LessonProjectME/Lesson_SearchByProject/?action=get&csrfmiddlewaretoken=yAaXP143kempzyaHQKsz2kowPPYxkwjbQeCf6lySWfyEVg0ge7CMNge4AcbqXJgR 200 [0.05, 127.0.0.1:65219]
[2024-12-02 09:33:36,365] [runserver.py:141] [runserver:log_action] [INFO]- HTTP GET /favicon.ico 200 [0.08, 127.0.0.1:65221]
[2024-12-02 09:33:43,759] [runserver.py:141] [runserver:log_action] [INFO]- HTTP GET /LessonProjectME/Lesson_SearchByProject/?action=search&customer=C38(NB)&csrfmiddlewaretoken=yAaXP143kempzyaHQKsz2kowPPYxkwjbQeCf6lySWfyEVg0ge7CMNge4AcbqXJgR 200 [2.70, 127.0.0.1:65221]
[2024-12-02 09:33:53,204] [UserIP.py:90] [UserIP:process_response] [INFO]- 2024-12-02 09:33:53 C1010S3>Edwin None>None>None 127.0.0.1 127.0.0.1 /LessonProjectME/Lesson_SearchByProject/ POST
[2024-12-02 09:33:53,228] [runserver.py:141] [runserver:log_action] [INFO]- HTTP POST /LessonProjectME/Lesson_SearchByProject/ 200 [1.73, 127.0.0.1:65221]
[2024-12-02 09:33:53,458] [log.py:228] [log:log_response] [WARNING]- Not Found: /media/img/test/Error.png
[2024-12-02 09:33:53,460] [runserver.py:149] [runserver:log_action] [WARNING]- HTTP GET /media/img/test/Error.png 404 [0.02, 127.0.0.1:65221]
[2024-12-02 09:33:53,494] [log.py:228] [log:log_response] [WARNING]- Not Found: /media/img/test/fail.png
[2024-12-02 09:33:53,496] [runserver.py:149] [runserver:log_action] [WARNING]- HTTP GET /media/img/test/fail.png 404 [0.06, 127.0.0.1:65219]
[2024-12-02 09:33:53,524] [log.py:228] [log:log_response] [WARNING]- Not Found: /media/img/test/348621_LL.png
[2024-12-02 09:33:53,531] [runserver.py:149] [runserver:log_action] [WARNING]- HTTP GET /media/img/test/348621_LL.png 404 [0.09, 127.0.0.1:50739]
[2024-12-02 09:33:53,584] [runserver.py:141] [runserver:log_action] [INFO]- HTTP GET /media/img/test/%E5%B1%8F%E5%B9%95%E6%88%AA%E5%9B%BE1_hNH7bZV.png 200 [0.14, 127.0.0.1:50740]
[2024-12-02 09:33:53,615] [log.py:228] [log:log_response] [WARNING]- Not Found: /media/img/test/1_eiPmC9F.jpg
[2024-12-02 09:33:53,617] [runserver.py:149] [runserver:log_action] [WARNING]- HTTP GET /media/img/test/1_eiPmC9F.jpg 404 [0.18, 127.0.0.1:50741]
[2024-12-02 09:33:53,646] [log.py:228] [log:log_response] [WARNING]- Not Found: /media/img/test/3_aAYec09.jpg
[2024-12-02 09:33:53,648] [runserver.py:149] [runserver:log_action] [WARNING]- HTTP GET /media/img/test/3_aAYec09.jpg 404 [0.21, 127.0.0.1:50742]
[2024-12-02 09:33:53,676] [log.py:228] [log:log_response] [WARNING]- Not Found: /media/img/test/5.jpg
[2024-12-02 09:33:53,679] [runserver.py:149] [runserver:log_action] [WARNING]- HTTP GET /media/img/test/5.jpg 404 [0.21, 127.0.0.1:65221]
[2024-12-02 09:33:53,724] [log.py:228] [log:log_response] [WARNING]- Not Found: /media/img/test/1_xjt6Ker.jpg
[2024-12-02 09:33:53,727] [runserver.py:149] [runserver:log_action] [WARNING]- HTTP GET /media/img/test/1_xjt6Ker.jpg 404 [0.23, 127.0.0.1:65219]
[2024-12-02 09:33:53,769] [log.py:228] [log:log_response] [WARNING]- Not Found: /media/img/test/4_13Mnq7g.jpg
[2024-12-02 09:33:53,772] [runserver.py:149] [runserver:log_action] [WARNING]- HTTP GET /media/img/test/4_13Mnq7g.jpg 404 [0.24, 127.0.0.1:50739]
[2024-12-02 09:33:53,802] [log.py:228] [log:log_response] [WARNING]- Not Found: /media/img/test/5_FXHldYM.jpg
[2024-12-02 09:33:53,804] [runserver.py:149] [runserver:log_action] [WARNING]- HTTP GET /media/img/test/5_FXHldYM.jpg 404 [0.22, 127.0.0.1:50740]
[2024-12-02 09:33:53,823] [log.py:228] [log:log_response] [WARNING]- Not Found: /media/img/test/7.jpg
[2024-12-02 09:33:53,825] [runserver.py:149] [runserver:log_action] [WARNING]- HTTP GET /media/img/test/7.jpg 404 [0.20, 127.0.0.1:50741]
[2024-12-02 09:33:53,850] [log.py:228] [log:log_response] [WARNING]- Not Found: /media/img/test/9.jpg
[2024-12-02 09:33:53,851] [runserver.py:149] [runserver:log_action] [WARNING]- HTTP GET /media/img/test/9.jpg 404 [0.20, 127.0.0.1:50742]
[2024-12-02 09:33:53,881] [log.py:228] [log:log_response] [WARNING]- Not Found: /media/img/test/10.jpg
[2024-12-02 09:33:53,883] [runserver.py:149] [runserver:log_action] [WARNING]- HTTP GET /media/img/test/10.jpg 404 [0.20, 127.0.0.1:65221]
[2024-12-02 09:33:53,927] [log.py:228] [log:log_response] [WARNING]- Not Found: /media/img/test/11.jpg
[2024-12-02 09:33:53,930] [runserver.py:149] [runserver:log_action] [WARNING]- HTTP GET /media/img/test/11.jpg 404 [0.20, 127.0.0.1:65219]
[2024-12-02 09:33:53,973] [log.py:228] [log:log_response] [WARNING]- Not Found: /media/img/test/12.jpg
[2024-12-02 09:33:53,976] [runserver.py:149] [runserver:log_action] [WARNING]- HTTP GET /media/img/test/12.jpg 404 [0.20, 127.0.0.1:50739]
[2024-12-02 09:33:54,014] [log.py:228] [log:log_response] [WARNING]- Not Found: /media/img/test/13.jpg
[2024-12-02 09:33:54,016] [runserver.py:149] [runserver:log_action] [WARNING]- HTTP GET /media/img/test/13.jpg 404 [0.21, 127.0.0.1:50740]
[2024-12-02 09:33:54,074] [log.py:228] [log:log_response] [WARNING]- Not Found: /media/img/test/1_l88aXoy.jpg
[2024-12-02 09:33:54,078] [runserver.py:149] [runserver:log_action] [WARNING]- HTTP GET /media/img/test/1_l88aXoy.jpg 404 [0.25, 127.0.0.1:50741]
[2024-12-02 09:33:54,124] [log.py:228] [log:log_response] [WARNING]- Not Found: /media/img/test/3_JmnKEV2.jpg
[2024-12-02 09:33:54,126] [runserver.py:149] [runserver:log_action] [WARNING]- HTTP GET /media/img/test/3_JmnKEV2.jpg 404 [0.27, 127.0.0.1:50742]
[2024-12-02 09:33:54,165] [log.py:228] [log:log_response] [WARNING]- Not Found: /media/img/test/4_j9Jj9v3.jpg
[2024-12-02 09:33:54,168] [runserver.py:149] [runserver:log_action] [WARNING]- HTTP GET /media/img/test/4_j9Jj9v3.jpg 404 [0.28, 127.0.0.1:65221]
[2024-12-02 09:33:54,202] [log.py:228] [log:log_response] [WARNING]- Not Found: /media/img/test/5_wmAjvLf.jpg
[2024-12-02 09:33:54,206] [runserver.py:149] [runserver:log_action] [WARNING]- HTTP GET /media/img/test/5_wmAjvLf.jpg 404 [0.27, 127.0.0.1:65219]
[2024-12-02 09:33:54,244] [log.py:228] [log:log_response] [WARNING]- Not Found: /media/img/test/7_MDIb8TN.jpg
[2024-12-02 09:33:54,245] [runserver.py:149] [runserver:log_action] [WARNING]- HTTP GET /media/img/test/7_MDIb8TN.jpg 404 [0.27, 127.0.0.1:50739]
[2024-12-02 09:33:54,270] [log.py:228] [log:log_response] [WARNING]- Not Found: /media/img/test/9_7iKrxXA.jpg
[2024-12-02 09:33:54,271] [runserver.py:149] [runserver:log_action] [WARNING]- HTTP GET /media/img/test/9_7iKrxXA.jpg 404 [0.25, 127.0.0.1:50740]
[2024-12-02 09:33:54,298] [log.py:228] [log:log_response] [WARNING]- Not Found: /media/img/test/2_cGVxvOt.jpg
[2024-12-02 09:33:54,299] [runserver.py:149] [runserver:log_action] [WARNING]- HTTP GET /media/img/test/2_cGVxvOt.jpg 404 [0.21, 127.0.0.1:50741]
[2024-12-02 10:33:49,879] [runserver.py:141] [runserver:log_action] [INFO]- HTTP GET / 200 [0.31, 127.0.0.1:64493]
[2024-12-02 10:33:50,218] [runserver.py:162] [runserver:log_action] [INFO]- WebSocket HANDSHAKING /ws/msg/Reliability_Row_data/ [127.0.0.1:64497]
[2024-12-02 10:33:50,329] [runserver.py:158] [runserver:log_action] [INFO]- WebSocket CONNECT /ws/msg/Reliability_Row_data/ [127.0.0.1:64497]
[2024-12-02 10:33:50,534] [runserver.py:145] [runserver:log_action] [INFO]- HTTP GET /static/src/PerC38.jpg 304 [0.01, 127.0.0.1:64493]
[2024-12-02 10:33:50,544] [UserIP.py:90] [UserIP:process_response] [INFO]- 2024-12-02 10:33:50 C1010S3>Edwin None>None>None 127.0.0.1 127.0.0.1 /PermInfo/ POST
[2024-12-02 10:33:50,557] [runserver.py:141] [runserver:log_action] [INFO]- HTTP POST /PermInfo/ 200 [0.03, 127.0.0.1:64496]
[2024-12-02 10:33:50,559] [runserver.py:145] [runserver:log_action] [INFO]- HTTP GET /static/src/PerA31.jpg 304 [0.03, 127.0.0.1:64502]
[2024-12-02 10:33:50,563] [runserver.py:145] [runserver:log_action] [INFO]- HTTP GET /static/src/PerABO.jpg 304 [0.03, 127.0.0.1:64500]
[2024-12-02 10:33:50,567] [runserver.py:145] [runserver:log_action] [INFO]- HTTP GET /static/src/PerCQT88.jpg 304 [0.03, 127.0.0.1:64501]
[2024-12-02 10:33:50,570] [runserver.py:145] [runserver:log_action] [INFO]- HTTP GET /static/src/PerA32.jpg 304 [0.04, 127.0.0.1:64503]
[2024-12-02 10:33:50,658] [runserver.py:141] [runserver:log_action] [INFO]- HTTP GET /favicon.ico 200 [0.04, 127.0.0.1:64503]
[2024-12-02 10:33:52,044] [runserver.py:160] [runserver:log_action] [INFO]- WebSocket DISCONNECT /ws/msg/Reliability_Row_data/ [127.0.0.1:64497]
[2024-12-02 10:33:57,315] [runserver.py:141] [runserver:log_action] [INFO]- HTTP GET /admin/ 200 [1.85, 127.0.0.1:64503]
[2024-12-02 10:33:57,507] [runserver.py:141] [runserver:log_action] [INFO]- HTTP GET /favicon.ico 200 [0.04, 127.0.0.1:64503]
[2024-12-02 10:33:58,786] [log.py:228] [log:log_response] [WARNING]- Not Found: /admin/CriticalIssueCrossCheck/criticalissuetestproject/
[2024-12-02 10:33:58,789] [runserver.py:149] [runserver:log_action] [WARNING]- HTTP GET /admin/CriticalIssueCrossCheck/criticalissuetestproject/ 404 [0.04, 127.0.0.1:64503]
[2024-12-02 10:34:04,692] [runserver.py:141] [runserver:log_action] [INFO]- HTTP GET /admin/app01/role/ 200 [1.96, 127.0.0.1:64503]
[2024-12-02 10:34:04,747] [runserver.py:141] [runserver:log_action] [INFO]- HTTP GET /favicon.ico 200 [1.97, 127.0.0.1:64501]
[2024-12-02 10:34:04,937] [runserver.py:141] [runserver:log_action] [INFO]- HTTP GET /admin/CriticalIssueCrossCheck/criticalissuecrossresult/ 200 [1.29, 127.0.0.1:64500]
[2024-12-02 10:34:04,982] [runserver.py:141] [runserver:log_action] [INFO]- HTTP GET /admin/jsi18n/ 200 [0.26, 127.0.0.1:64503]
[2024-12-02 10:34:05,027] [runserver.py:141] [runserver:log_action] [INFO]- HTTP GET /favicon.ico 200 [0.27, 127.0.0.1:64502]
[2024-12-02 10:34:05,058] [runserver.py:141] [runserver:log_action] [INFO]- HTTP GET /admin/jsi18n/ 200 [0.06, 127.0.0.1:64500]
[2024-12-02 10:38:52,545] [runserver.py:141] [runserver:log_action] [INFO]- HTTP GET / 200 [0.19, 127.0.0.1:59009]
[2024-12-02 10:38:52,748] [runserver.py:162] [runserver:log_action] [INFO]- WebSocket HANDSHAKING /ws/msg/Reliability_Row_data/ [127.0.0.1:59013]
[2024-12-02 10:38:52,852] [runserver.py:158] [runserver:log_action] [INFO]- WebSocket CONNECT /ws/msg/Reliability_Row_data/ [127.0.0.1:59013]
[2024-12-02 10:38:52,888] [UserIP.py:90] [UserIP:process_response] [INFO]- 2024-12-02 10:38:52 C1010S3>Edwin None>None>None 127.0.0.1 127.0.0.1 /PermInfo/ POST
[2024-12-02 10:38:52,904] [runserver.py:141] [runserver:log_action] [INFO]- HTTP POST /PermInfo/ 200 [0.02, 127.0.0.1:59009]
[2024-12-02 10:38:52,985] [runserver.py:141] [runserver:log_action] [INFO]- HTTP GET /favicon.ico 200 [0.03, 127.0.0.1:59009]
[2024-12-02 10:39:00,730] [runserver.py:141] [runserver:log_action] [INFO]- HTTP GET /favicon.ico 200 [0.03, 127.0.0.1:59009]
[2024-12-02 10:39:04,103] [runserver.py:141] [runserver:log_action] [INFO]- HTTP GET /admin/ 200 [1.03, 127.0.0.1:59009]
[2024-12-02 10:39:04,285] [runserver.py:141] [runserver:log_action] [INFO]- HTTP GET /favicon.ico 200 [0.04, 127.0.0.1:59009]
[2024-12-02 10:39:12,982] [runserver.py:141] [runserver:log_action] [INFO]- HTTP GET /admin/CriticalIssueCrossCheck/criticalissuecrossresult/ 200 [0.14, 127.0.0.1:59009]
[2024-12-02 10:39:13,006] [runserver.py:141] [runserver:log_action] [INFO]- HTTP GET /favicon.ico 200 [0.15, 127.0.0.1:59011]
[2024-12-02 10:39:13,023] [runserver.py:141] [runserver:log_action] [INFO]- HTTP GET /admin/jsi18n/ 200 [0.03, 127.0.0.1:59009]
[2024-12-02 10:39:14,391] [runserver.py:141] [runserver:log_action] [INFO]- HTTP GET /admin/CriticalIssueCrossCheck/criticalissuecrossresult/add/ 200 [0.11, 127.0.0.1:59009]
[2024-12-02 10:39:14,429] [runserver.py:141] [runserver:log_action] [INFO]- HTTP GET /admin/jsi18n/ 200 [0.03, 127.0.0.1:59009]
[2024-12-02 10:39:14,433] [runserver.py:145] [runserver:log_action] [INFO]- HTTP GET /static/admin/img/icon-changelink.svg 304 [0.03, 127.0.0.1:59011]
[2024-12-02 10:39:14,435] [runserver.py:145] [runserver:log_action] [INFO]- HTTP GET /static/admin/img/icon-deletelink.svg 304 [0.02, 127.0.0.1:59045]
[2024-12-02 10:39:27,833] [runserver.py:141] [runserver:log_action] [INFO]- HTTP GET /admin/CriticalIssueCrossCheck/criticalissuecrossresult/ 200 [0.11, 127.0.0.1:59045]
[2024-12-02 10:39:27,868] [runserver.py:141] [runserver:log_action] [INFO]- HTTP GET /admin/jsi18n/ 200 [0.03, 127.0.0.1:59045]
[2024-12-02 13:10:37,535] [runserver.py:141] [runserver:log_action] [INFO]- HTTP GET /admin/app01/projectinfoindct/ 200 [4.73, 127.0.0.1:59632]
[2024-12-02 13:10:37,598] [runserver.py:141] [runserver:log_action] [INFO]- HTTP GET /favicon.ico 200 [4.74, 127.0.0.1:59633]
[2024-12-02 13:10:37,640] [runserver.py:141] [runserver:log_action] [INFO]- HTTP GET /admin/jsi18n/ 200 [0.08, 127.0.0.1:59632]
[2024-12-02 13:10:39,513] [runserver.py:141] [runserver:log_action] [INFO]- HTTP GET /admin/app01/projectinfoindct/add/ 200 [0.28, 127.0.0.1:59632]
[2024-12-02 13:10:39,563] [runserver.py:141] [runserver:log_action] [INFO]- HTTP GET /admin/jsi18n/ 200 [0.03, 127.0.0.1:59632]
[2024-12-02 13:12:40,955] [UserIP.py:90] [UserIP:process_response] [INFO]- 2024-12-02 13:12:40 C1010S3>Edwin None>None>None 127.0.0.1 127.0.0.1 /admin/app01/projectinfoindct/add/ POST
[2024-12-02 13:12:40,968] [runserver.py:147] [runserver:log_action] [INFO]- HTTP POST /admin/app01/projectinfoindct/add/ 302 [0.06, 127.0.0.1:65379]
[2024-12-02 13:12:43,765] [runserver.py:141] [runserver:log_action] [INFO]- HTTP GET /admin/app01/projectinfoindct/ 200 [2.79, 127.0.0.1:65379]
[2024-12-02 13:12:43,804] [runserver.py:141] [runserver:log_action] [INFO]- HTTP GET /admin/jsi18n/ 200 [0.03, 127.0.0.1:65379]
[2024-12-02 13:13:03,272] [runserver.py:141] [runserver:log_action] [INFO]- HTTP GET /ProjectInfoSearch/ 200 [0.15, 127.0.0.1:65379]
[2024-12-02 13:13:03,517] [runserver.py:162] [runserver:log_action] [INFO]- WebSocket HANDSHAKING /ws/msg/Reliability_Row_data/ [127.0.0.1:65407]
[2024-12-02 13:13:03,752] [runserver.py:158] [runserver:log_action] [INFO]- WebSocket CONNECT /ws/msg/Reliability_Row_data/ [127.0.0.1:65407]
[2024-12-02 13:13:03,876] [UserIP.py:90] [UserIP:process_response] [INFO]- 2024-12-02 13:13:03 C1010S3>Edwin None>None>None 127.0.0.1 127.0.0.1 /ProjectInfoSearch/ POST
[2024-12-02 13:13:03,890] [runserver.py:141] [runserver:log_action] [INFO]- HTTP POST /ProjectInfoSearch/ 200 [0.10, 127.0.0.1:65379]
[2024-12-02 13:13:03,923] [runserver.py:141] [runserver:log_action] [INFO]- HTTP GET /favicon.ico 200 [0.09, 127.0.0.1:65405]
[2024-12-02 13:13:17,719] [UserIP.py:90] [UserIP:process_response] [INFO]- 2024-12-02 13:13:17 C1010S3>Edwin None>None>None 127.0.0.1 127.0.0.1 /ProjectInfoSearch/ POST
[2024-12-02 13:13:17,734] [runserver.py:141] [runserver:log_action] [INFO]- HTTP POST /ProjectInfoSearch/ 200 [0.76, 127.0.0.1:65405]
[2024-12-02 13:14:21,973] [runserver.py:141] [runserver:log_action] [INFO]- HTTP GET /ProjectInfoSearch/ 200 [0.09, 127.0.0.1:54594]
[2024-12-02 13:14:22,073] [runserver.py:162] [runserver:log_action] [INFO]- WebSocket HANDSHAKING /ws/msg/Reliability_Row_data/ [127.0.0.1:54597]
[2024-12-02 13:14:22,148] [runserver.py:158] [runserver:log_action] [INFO]- WebSocket CONNECT /ws/msg/Reliability_Row_data/ [127.0.0.1:54597]
[2024-12-02 13:14:22,352] [UserIP.py:90] [UserIP:process_response] [INFO]- 2024-12-02 13:14:22 C1010S3>Edwin None>None>None 127.0.0.1 127.0.0.1 /ProjectInfoSearch/ POST
[2024-12-02 13:14:22,363] [runserver.py:141] [runserver:log_action] [INFO]- HTTP POST /ProjectInfoSearch/ 200 [0.06, 127.0.0.1:54594]
[2024-12-02 13:14:22,394] [runserver.py:141] [runserver:log_action] [INFO]- HTTP GET /favicon.ico 200 [0.07, 127.0.0.1:54595]
[2024-12-02 13:14:28,927] [UserIP.py:90] [UserIP:process_response] [INFO]- 2024-12-02 13:14:28 C1010S3>Edwin None>None>None 127.0.0.1 127.0.0.1 /ProjectInfoSearch/ POST
[2024-12-02 13:14:28,950] [runserver.py:141] [runserver:log_action] [INFO]- HTTP POST /ProjectInfoSearch/ 200 [0.07, 127.0.0.1:54595]
[2024-12-02 13:14:35,965] [UserIP.py:90] [UserIP:process_response] [INFO]- 2024-12-02 13:14:35 C1010S3>Edwin None>None>None 127.0.0.1 127.0.0.1 /ProjectInfoSearch/ POST
[2024-12-02 13:14:35,976] [runserver.py:141] [runserver:log_action] [INFO]- HTTP POST /ProjectInfoSearch/ 200 [0.08, 127.0.0.1:54595]
[2024-12-02 13:17:12,338] [runserver.py:141] [runserver:log_action] [INFO]- HTTP GET /admin/CriticalIssueCrossCheck/criticalissue/ 200 [1.55, 127.0.0.1:64270]
[2024-12-02 13:17:12,385] [runserver.py:141] [runserver:log_action] [INFO]- HTTP GET /favicon.ico 200 [1.48, 127.0.0.1:64272]
[2024-12-02 13:17:12,424] [runserver.py:141] [runserver:log_action] [INFO]- HTTP GET /admin/jsi18n/ 200 [0.07, 127.0.0.1:64270]
[2024-12-02 13:17:14,190] [runserver.py:141] [runserver:log_action] [INFO]- HTTP GET /admin/CriticalIssueCrossCheck/criticalissue/add/ 200 [0.50, 127.0.0.1:64270]
[2024-12-02 13:17:14,247] [runserver.py:141] [runserver:log_action] [INFO]- HTTP GET /admin/jsi18n/ 200 [0.04, 127.0.0.1:64270]
[2024-12-02 13:19:05,504] [UserIP.py:90] [UserIP:process_response] [INFO]- 2024-12-02 13:19:05 C1010S3>Edwin None>None>None 127.0.0.1 127.0.0.1 /admin/CriticalIssueCrossCheck/criticalissue/add/ POST
[2024-12-02 13:19:05,522] [runserver.py:147] [runserver:log_action] [INFO]- HTTP POST /admin/CriticalIssueCrossCheck/criticalissue/add/ 302 [0.09, 127.0.0.1:54928]
[2024-12-02 13:19:05,670] [runserver.py:141] [runserver:log_action] [INFO]- HTTP GET /admin/CriticalIssueCrossCheck/criticalissue/ 200 [0.14, 127.0.0.1:54928]
[2024-12-02 13:19:05,701] [runserver.py:141] [runserver:log_action] [INFO]- HTTP GET /admin/jsi18n/ 200 [0.02, 127.0.0.1:54928]
[2024-12-02 13:19:23,052] [runserver.py:141] [runserver:log_action] [INFO]- HTTP GET /favicon.ico 200 [0.08, 127.0.0.1:54928]
[2024-12-02 13:19:24,521] [runserver.py:141] [runserver:log_action] [INFO]- HTTP GET /admin/CriticalIssueCrossCheck/criticalissuecrossresult/add/ 200 [0.23, 127.0.0.1:54928]
[2024-12-02 13:19:24,558] [runserver.py:141] [runserver:log_action] [INFO]- HTTP GET /admin/jsi18n/ 200 [0.02, 127.0.0.1:54928]
[2024-12-02 13:19:31,251] [UserIP.py:90] [UserIP:process_response] [INFO]- 2024-12-02 13:19:31 C1010S3>Edwin None>None>None 127.0.0.1 127.0.0.1 /admin/CriticalIssueCrossCheck/criticalissuecrossresult/add/ POST
[2024-12-02 13:19:31,282] [runserver.py:141] [runserver:log_action] [INFO]- HTTP POST /admin/CriticalIssueCrossCheck/criticalissuecrossresult/add/ 200 [0.31, 127.0.0.1:54928]
[2024-12-02 13:19:31,322] [runserver.py:141] [runserver:log_action] [INFO]- HTTP GET /admin/jsi18n/ 200 [0.03, 127.0.0.1:54928]
[2024-12-02 13:19:56,669] [log.py:228] [log:log_response] [ERROR]- Internal Server Error: /admin/CriticalIssueCrossCheck/criticalissuecrossresult/add/
Traceback (most recent call last):
  File "C:\Python372\mecheck\lib\site-packages\django\db\backends\utils.py", line 85, in _execute
    return self.cursor.execute(sql, params)
  File "C:\Python372\mecheck\lib\site-packages\django\db\backends\mysql\base.py", line 71, in execute
    return self.cursor.execute(query, args)
  File "C:\Python372\mecheck\lib\site-packages\pymysql\cursors.py", line 170, in execute
    result = self._query(query)
  File "C:\Python372\mecheck\lib\site-packages\pymysql\cursors.py", line 328, in _query
    conn.query(q)
  File "C:\Python372\mecheck\lib\site-packages\pymysql\connections.py", line 517, in query
    self._affected_rows = self._read_query_result(unbuffered=unbuffered)
  File "C:\Python372\mecheck\lib\site-packages\pymysql\connections.py", line 732, in _read_query_result
    result.read()
  File "C:\Python372\mecheck\lib\site-packages\pymysql\connections.py", line 1075, in read
    first_packet = self.connection._read_packet()
  File "C:\Python372\mecheck\lib\site-packages\pymysql\connections.py", line 684, in _read_packet
    packet.check_error()
  File "C:\Python372\mecheck\lib\site-packages\pymysql\protocol.py", line 220, in check_error
    err.raise_mysql_exception(self._data)
  File "C:\Python372\mecheck\lib\site-packages\pymysql\err.py", line 109, in raise_mysql_exception
    raise errorclass(errno, errval)
pymysql.err.IntegrityError: (1452, 'Cannot add or update a child row: a foreign key constraint fails (`reliabilityrowdata`.`criticalissuecrosscheck_criticalissuecrossresult`, CONSTRAINT `CriticalIssueCrossCh_Projectinfo_id_f42441ef_fk_CriticalI` FOREIGN KEY (`Projectinfo_id`) REFERENCES `criti)')

The above exception was the direct cause of the following exception:

Traceback (most recent call last):
  File "C:\Python372\mecheck\lib\site-packages\django\core\handlers\exception.py", line 34, in inner
    response = get_response(request)
  File "C:\Python372\mecheck\lib\site-packages\django\core\handlers\base.py", line 126, in _get_response
    response = self.process_exception_by_middleware(e, request)
  File "C:\Python372\mecheck\lib\site-packages\django\core\handlers\base.py", line 124, in _get_response
    response = wrapped_callback(request, *callback_args, **callback_kwargs)
  File "C:\Python372\mecheck\lib\site-packages\django\contrib\admin\options.py", line 604, in wrapper
    return self.admin_site.admin_view(view)(*args, **kwargs)
  File "C:\Python372\mecheck\lib\site-packages\django\utils\decorators.py", line 142, in _wrapped_view
    response = view_func(request, *args, **kwargs)
  File "C:\Python372\mecheck\lib\site-packages\django\views\decorators\cache.py", line 44, in _wrapped_view_func
    response = view_func(request, *args, **kwargs)
  File "C:\Python372\mecheck\lib\site-packages\django\contrib\admin\sites.py", line 223, in inner
    return view(request, *args, **kwargs)
  File "C:\Python372\mecheck\lib\site-packages\django\contrib\admin\options.py", line 1637, in add_view
    return self.changeform_view(request, None, form_url, extra_context)
  File "C:\Python372\mecheck\lib\site-packages\django\utils\decorators.py", line 45, in _wrapper
    return bound_method(*args, **kwargs)
  File "C:\Python372\mecheck\lib\site-packages\django\utils\decorators.py", line 142, in _wrapped_view
    response = view_func(request, *args, **kwargs)
  File "C:\Python372\mecheck\lib\site-packages\django\contrib\admin\options.py", line 1525, in changeform_view
    return self._changeform_view(request, object_id, form_url, extra_context)
  File "C:\Python372\mecheck\lib\site-packages\django\contrib\admin\options.py", line 1564, in _changeform_view
    self.save_model(request, new_object, form, not add)
  File "C:\Python372\mecheck\lib\site-packages\django\contrib\admin\options.py", line 1091, in save_model
    obj.save()
  File "C:\Python372\mecheck\lib\site-packages\django\db\models\base.py", line 718, in save
    force_update=force_update, update_fields=update_fields)
  File "C:\Python372\mecheck\lib\site-packages\django\db\models\base.py", line 748, in save_base
    updated = self._save_table(raw, cls, force_insert, force_update, using, update_fields)
  File "C:\Python372\mecheck\lib\site-packages\django\db\models\base.py", line 831, in _save_table
    result = self._do_insert(cls._base_manager, using, fields, update_pk, raw)
  File "C:\Python372\mecheck\lib\site-packages\django\db\models\base.py", line 869, in _do_insert
    using=using, raw=raw)
  File "C:\Python372\mecheck\lib\site-packages\django\db\models\manager.py", line 82, in manager_method
    return getattr(self.get_queryset(), name)(*args, **kwargs)
  File "C:\Python372\mecheck\lib\site-packages\django\db\models\query.py", line 1136, in _insert
    return query.get_compiler(using=using).execute_sql(return_id)
  File "C:\Python372\mecheck\lib\site-packages\django\db\models\sql\compiler.py", line 1289, in execute_sql
    cursor.execute(sql, params)
  File "C:\Python372\mecheck\lib\site-packages\django\db\backends\utils.py", line 100, in execute
    return super().execute(sql, params)
  File "C:\Python372\mecheck\lib\site-packages\django\db\backends\utils.py", line 68, in execute
    return self._execute_with_wrappers(sql, params, many=False, executor=self._execute)
  File "C:\Python372\mecheck\lib\site-packages\django\db\backends\utils.py", line 77, in _execute_with_wrappers
    return executor(sql, params, many, context)
  File "C:\Python372\mecheck\lib\site-packages\django\db\backends\utils.py", line 85, in _execute
    return self.cursor.execute(sql, params)
  File "C:\Python372\mecheck\lib\site-packages\django\db\utils.py", line 89, in __exit__
    raise dj_exc_value.with_traceback(traceback) from exc_value
  File "C:\Python372\mecheck\lib\site-packages\django\db\backends\utils.py", line 85, in _execute
    return self.cursor.execute(sql, params)
  File "C:\Python372\mecheck\lib\site-packages\django\db\backends\mysql\base.py", line 71, in execute
    return self.cursor.execute(query, args)
  File "C:\Python372\mecheck\lib\site-packages\pymysql\cursors.py", line 170, in execute
    result = self._query(query)
  File "C:\Python372\mecheck\lib\site-packages\pymysql\cursors.py", line 328, in _query
    conn.query(q)
  File "C:\Python372\mecheck\lib\site-packages\pymysql\connections.py", line 517, in query
    self._affected_rows = self._read_query_result(unbuffered=unbuffered)
  File "C:\Python372\mecheck\lib\site-packages\pymysql\connections.py", line 732, in _read_query_result
    result.read()
  File "C:\Python372\mecheck\lib\site-packages\pymysql\connections.py", line 1075, in read
    first_packet = self.connection._read_packet()
  File "C:\Python372\mecheck\lib\site-packages\pymysql\connections.py", line 684, in _read_packet
    packet.check_error()
  File "C:\Python372\mecheck\lib\site-packages\pymysql\protocol.py", line 220, in check_error
    err.raise_mysql_exception(self._data)
  File "C:\Python372\mecheck\lib\site-packages\pymysql\err.py", line 109, in raise_mysql_exception
    raise errorclass(errno, errval)
django.db.utils.IntegrityError: (1452, 'Cannot add or update a child row: a foreign key constraint fails (`reliabilityrowdata`.`criticalissuecrosscheck_criticalissuecrossresult`, CONSTRAINT `CriticalIssueCrossCh_Projectinfo_id_f42441ef_fk_CriticalI` FOREIGN KEY (`Projectinfo_id`) REFERENCES `criti)')
[2024-12-02 13:19:56,710] [UserIP.py:90] [UserIP:process_response] [INFO]- 2024-12-02 13:19:56 C1010S3>Edwin None>None>None 127.0.0.1 127.0.0.1 /admin/CriticalIssueCrossCheck/criticalissuecrossresult/add/ POST
[2024-12-02 13:19:56,714] [runserver.py:154] [runserver:log_action] [ERROR]- HTTP POST /admin/CriticalIssueCrossCheck/criticalissuecrossresult/add/ 500 [0.25, 127.0.0.1:54928]
[2024-12-02 13:21:41,278] [runserver.py:141] [runserver:log_action] [INFO]- HTTP GET / 200 [0.15, 127.0.0.1:54778]
[2024-12-02 13:21:41,487] [runserver.py:162] [runserver:log_action] [INFO]- WebSocket HANDSHAKING /ws/msg/Reliability_Row_data/ [127.0.0.1:54781]
[2024-12-02 13:21:41,581] [runserver.py:158] [runserver:log_action] [INFO]- WebSocket CONNECT /ws/msg/Reliability_Row_data/ [127.0.0.1:54781]
[2024-12-02 13:21:41,615] [UserIP.py:90] [UserIP:process_response] [INFO]- 2024-12-02 13:21:41 C1010S3>Edwin None>None>None 127.0.0.1 127.0.0.1 /PermInfo/ POST
[2024-12-02 13:21:41,633] [runserver.py:141] [runserver:log_action] [INFO]- HTTP POST /PermInfo/ 200 [0.03, 127.0.0.1:54778]
[2024-12-02 13:21:41,702] [runserver.py:141] [runserver:log_action] [INFO]- HTTP GET /favicon.ico 200 [0.03, 127.0.0.1:54778]
[2024-12-02 13:21:44,193] [runserver.py:147] [runserver:log_action] [INFO]- HTTP GET /login/ 302 [0.02, 127.0.0.1:54778]
[2024-12-02 13:21:44,214] [runserver.py:141] [runserver:log_action] [INFO]- HTTP GET /Navigations/ 200 [0.02, 127.0.0.1:54778]
[2024-12-02 13:21:44,343] [runserver.py:162] [runserver:log_action] [INFO]- WebSocket HANDSHAKING /ws/msg/Reliability_Row_data/ [127.0.0.1:54795]
[2024-12-02 13:21:44,346] [runserver.py:158] [runserver:log_action] [INFO]- WebSocket CONNECT /ws/msg/Reliability_Row_data/ [127.0.0.1:54795]
[2024-12-02 13:21:44,634] [runserver.py:141] [runserver:log_action] [INFO]- HTTP GET /favicon.ico 200 [0.02, 127.0.0.1:54778]
[2024-12-02 13:24:22,049] [runserver.py:141] [runserver:log_action] [INFO]- HTTP GET /admin/ 200 [1.30, 127.0.0.1:53128]
[2024-12-02 13:24:22,455] [runserver.py:141] [runserver:log_action] [INFO]- HTTP GET /admin/CriticalIssueCrossCheck/criticalissuecrossresult/ 200 [0.27, 127.0.0.1:53128]
[2024-12-02 13:24:22,504] [runserver.py:141] [runserver:log_action] [INFO]- HTTP GET /admin/jsi18n/ 200 [0.02, 127.0.0.1:53128]
[2024-12-02 13:24:22,687] [runserver.py:141] [runserver:log_action] [INFO]- HTTP GET /favicon.ico 200 [0.03, 127.0.0.1:53128]
[2024-12-02 13:24:25,127] [runserver.py:141] [runserver:log_action] [INFO]- HTTP GET /admin/CriticalIssueCrossCheck/criticalissuecrossresult/add/ 200 [0.10, 127.0.0.1:53128]
[2024-12-02 13:24:25,160] [runserver.py:141] [runserver:log_action] [INFO]- HTTP GET /admin/jsi18n/ 200 [0.02, 127.0.0.1:53128]
[2024-12-02 13:24:41,542] [runserver.py:141] [runserver:log_action] [INFO]- HTTP GET /admin/CriticalIssueCrossCheck/criticalissue/ 200 [0.09, 127.0.0.1:53160]
[2024-12-02 13:24:41,563] [runserver.py:141] [runserver:log_action] [INFO]- HTTP GET /favicon.ico 200 [0.09, 127.0.0.1:53162]
[2024-12-02 13:24:41,594] [runserver.py:141] [runserver:log_action] [INFO]- HTTP GET /admin/jsi18n/ 200 [0.04, 127.0.0.1:53160]
[2024-12-02 13:24:56,218] [runserver.py:141] [runserver:log_action] [INFO]- HTTP GET /admin/CriticalIssueCrossCheck/criticalissue/100001/change/ 200 [0.11, 127.0.0.1:53180]
[2024-12-02 13:24:56,250] [runserver.py:141] [runserver:log_action] [INFO]- HTTP GET /admin/jsi18n/ 200 [0.02, 127.0.0.1:53180]
[2024-12-02 13:25:00,580] [runserver.py:141] [runserver:log_action] [INFO]- HTTP GET /admin/CriticalIssueCrossCheck/criticalissue/ 200 [0.07, 127.0.0.1:53180]
[2024-12-02 13:29:03,858] [UserIP.py:90] [UserIP:process_response] [INFO]- 2024-12-02 13:29:03 C1010S3>Edwin None>None>None 127.0.0.1 127.0.0.1 /admin/CriticalIssueCrossCheck/criticalissue/ POST
[2024-12-02 13:29:03,874] [runserver.py:141] [runserver:log_action] [INFO]- HTTP POST /admin/CriticalIssueCrossCheck/criticalissue/ 200 [0.63, 127.0.0.1:55118]
[2024-12-02 13:29:03,889] [runserver.py:145] [runserver:log_action] [INFO]- HTTP GET /static/admin/js/cancel.js 304 [0.00, 127.0.0.1:55118]
[2024-12-02 13:29:05,186] [UserIP.py:90] [UserIP:process_response] [INFO]- 2024-12-02 13:29:05 C1010S3>Edwin None>None>None 127.0.0.1 127.0.0.1 /admin/CriticalIssueCrossCheck/criticalissue/ POST
[2024-12-02 13:29:05,210] [runserver.py:147] [runserver:log_action] [INFO]- HTTP POST /admin/CriticalIssueCrossCheck/criticalissue/ 302 [0.11, 127.0.0.1:55118]
[2024-12-02 13:29:05,377] [runserver.py:141] [runserver:log_action] [INFO]- HTTP GET /admin/CriticalIssueCrossCheck/criticalissue/ 200 [0.16, 127.0.0.1:55118]
[2024-12-02 13:29:05,411] [runserver.py:141] [runserver:log_action] [INFO]- HTTP GET /admin/jsi18n/ 200 [0.02, 127.0.0.1:55118]
[2024-12-02 13:34:20,523] [runserver.py:141] [runserver:log_action] [INFO]- HTTP GET /favicon.ico 200 [0.11, 127.0.0.1:51158]
[2024-12-02 13:34:24,178] [runserver.py:141] [runserver:log_action] [INFO]- HTTP GET /admin/CriticalIssueCrossCheck/criticalissuecrossresult/ 200 [1.48, 127.0.0.1:51158]
[2024-12-02 13:34:24,214] [runserver.py:141] [runserver:log_action] [INFO]- HTTP GET /admin/jsi18n/ 200 [0.02, 127.0.0.1:51158]
[2024-12-02 13:34:26,989] [runserver.py:141] [runserver:log_action] [INFO]- HTTP GET /admin/CriticalIssueCrossCheck/criticalissuecrossresult/? 200 [0.35, 127.0.0.1:51158]
[2024-12-02 13:34:27,030] [runserver.py:141] [runserver:log_action] [INFO]- HTTP GET /admin/jsi18n/ 200 [0.03, 127.0.0.1:51158]
[2024-12-02 13:34:29,041] [runserver.py:141] [runserver:log_action] [INFO]- HTTP GET /favicon.ico 200 [0.05, 127.0.0.1:51158]
[2024-12-02 13:34:29,895] [runserver.py:141] [runserver:log_action] [INFO]- HTTP GET /admin/CriticalIssueCrossCheck/criticalissue/? 200 [0.16, 127.0.0.1:51158]
[2024-12-02 13:34:29,945] [runserver.py:141] [runserver:log_action] [INFO]- HTTP GET /admin/jsi18n/ 200 [0.04, 127.0.0.1:51158]
[2024-12-02 13:34:30,658] [runserver.py:141] [runserver:log_action] [INFO]- HTTP GET /admin/CriticalIssueCrossCheck/criticalissue/? 200 [0.14, 127.0.0.1:51158]
[2024-12-02 13:34:30,708] [runserver.py:141] [runserver:log_action] [INFO]- HTTP GET /admin/jsi18n/ 200 [0.04, 127.0.0.1:51158]
[2024-12-02 13:34:31,169] [runserver.py:141] [runserver:log_action] [INFO]- HTTP GET /admin/CriticalIssueCrossCheck/criticalissue/? 200 [0.22, 127.0.0.1:51158]
[2024-12-02 13:34:31,214] [runserver.py:141] [runserver:log_action] [INFO]- HTTP GET /admin/jsi18n/ 200 [0.03, 127.0.0.1:51158]
[2024-12-02 13:44:06,097] [runserver.py:141] [runserver:log_action] [INFO]- HTTP GET /favicon.ico 200 [0.03, 127.0.0.1:57754]
[2024-12-02 13:44:07,090] [runserver.py:141] [runserver:log_action] [INFO]- HTTP GET /admin/CriticalIssueCrossCheck/criticalissuecrossresult/add/ 200 [0.16, 127.0.0.1:57754]
[2024-12-02 13:44:07,176] [runserver.py:141] [runserver:log_action] [INFO]- HTTP GET /admin/jsi18n/ 200 [0.05, 127.0.0.1:57754]
[2024-12-02 13:44:12,056] [runserver.py:141] [runserver:log_action] [INFO]- HTTP GET /admin/app01/projectinfoindct/ 200 [2.99, 127.0.0.1:57754]
[2024-12-02 13:44:12,107] [runserver.py:141] [runserver:log_action] [INFO]- HTTP GET /favicon.ico 200 [3.01, 127.0.0.1:57769]
[2024-12-02 13:44:12,129] [runserver.py:141] [runserver:log_action] [INFO]- HTTP GET /admin/jsi18n/ 200 [0.06, 127.0.0.1:57754]
[2024-12-02 13:44:12,164] [runserver.py:141] [runserver:log_action] [INFO]- HTTP GET /favicon.ico 200 [0.05, 127.0.0.1:57769]
[2024-12-02 13:44:12,718] [runserver.py:141] [runserver:log_action] [INFO]- HTTP GET /admin/CriticalIssueCrossCheck/criticalissuecrossresult/? 200 [0.19, 127.0.0.1:57769]
[2024-12-02 13:44:12,757] [runserver.py:141] [runserver:log_action] [INFO]- HTTP GET /admin/jsi18n/ 200 [0.03, 127.0.0.1:57769]
[2024-12-02 13:44:13,811] [runserver.py:141] [runserver:log_action] [INFO]- HTTP GET /favicon.ico 200 [0.03, 127.0.0.1:57769]
[2024-12-02 13:44:15,656] [runserver.py:141] [runserver:log_action] [INFO]- HTTP GET /favicon.ico 200 [0.04, 127.0.0.1:57769]
[2024-12-02 13:44:16,719] [runserver.py:141] [runserver:log_action] [INFO]- HTTP GET /admin/CriticalIssueCrossCheck/criticalissue/add/ 200 [0.21, 127.0.0.1:57769]
[2024-12-02 13:44:16,748] [runserver.py:141] [runserver:log_action] [INFO]- HTTP GET /admin/jsi18n/ 200 [0.02, 127.0.0.1:57769]
[2024-12-02 13:44:34,767] [UserIP.py:90] [UserIP:process_response] [INFO]- 2024-12-02 13:44:34 C1010S3>Edwin None>None>None 127.0.0.1 127.0.0.1 /admin/CriticalIssueCrossCheck/criticalissue/add/ POST
[2024-12-02 13:44:34,780] [runserver.py:147] [runserver:log_action] [INFO]- HTTP POST /admin/CriticalIssueCrossCheck/criticalissue/add/ 302 [0.05, 127.0.0.1:57769]
[2024-12-02 13:44:34,931] [runserver.py:141] [runserver:log_action] [INFO]- HTTP GET /admin/CriticalIssueCrossCheck/criticalissue/ 200 [0.15, 127.0.0.1:57769]
[2024-12-02 13:44:34,968] [runserver.py:141] [runserver:log_action] [INFO]- HTTP GET /admin/jsi18n/ 200 [0.03, 127.0.0.1:57769]
[2024-12-02 13:44:36,750] [runserver.py:141] [runserver:log_action] [INFO]- HTTP GET /favicon.ico 200 [0.05, 127.0.0.1:57769]
[2024-12-02 13:44:37,654] [runserver.py:141] [runserver:log_action] [INFO]- HTTP GET /admin/CriticalIssueCrossCheck/criticalissuecrossresult/add/ 200 [0.25, 127.0.0.1:57769]
[2024-12-02 13:44:37,688] [runserver.py:141] [runserver:log_action] [INFO]- HTTP GET /admin/jsi18n/ 200 [0.02, 127.0.0.1:57769]
[2024-12-02 13:44:47,474] [UserIP.py:90] [UserIP:process_response] [INFO]- 2024-12-02 13:44:47 C1010S3>Edwin None>None>None 127.0.0.1 127.0.0.1 /admin/CriticalIssueCrossCheck/criticalissuecrossresult/add/ POST
[2024-12-02 13:44:47,486] [runserver.py:147] [runserver:log_action] [INFO]- HTTP POST /admin/CriticalIssueCrossCheck/criticalissuecrossresult/add/ 302 [0.04, 127.0.0.1:57769]
[2024-12-02 13:44:47,687] [runserver.py:141] [runserver:log_action] [INFO]- HTTP GET /admin/CriticalIssueCrossCheck/criticalissuecrossresult/ 200 [0.20, 127.0.0.1:57769]
[2024-12-02 13:44:47,732] [runserver.py:141] [runserver:log_action] [INFO]- HTTP GET /admin/jsi18n/ 200 [0.03, 127.0.0.1:57769]
[2024-12-02 13:48:54,088] [runserver.py:141] [runserver:log_action] [INFO]- HTTP GET /favicon.ico 200 [0.14, 127.0.0.1:52929]
[2024-12-02 13:48:58,923] [runserver.py:141] [runserver:log_action] [INFO]- HTTP GET /admin/app01/projectinfoindct/add/ 200 [0.47, 127.0.0.1:52929]
[2024-12-02 13:48:58,975] [runserver.py:141] [runserver:log_action] [INFO]- HTTP GET /admin/jsi18n/ 200 [0.03, 127.0.0.1:52929]
[2024-12-02 13:49:28,553] [UserIP.py:90] [UserIP:process_response] [INFO]- 2024-12-02 13:49:28 C1010S3>Edwin None>None>None 127.0.0.1 127.0.0.1 /admin/app01/projectinfoindct/add/ POST
[2024-12-02 13:49:28,561] [runserver.py:147] [runserver:log_action] [INFO]- HTTP POST /admin/app01/projectinfoindct/add/ 302 [0.02, 127.0.0.1:52929]
[2024-12-02 13:49:29,613] [runserver.py:141] [runserver:log_action] [INFO]- HTTP GET /admin/app01/projectinfoindct/ 200 [1.05, 127.0.0.1:52929]
[2024-12-02 13:49:29,661] [runserver.py:141] [runserver:log_action] [INFO]- HTTP GET /admin/jsi18n/ 200 [0.02, 127.0.0.1:52929]
[2024-12-02 13:49:32,297] [runserver.py:141] [runserver:log_action] [INFO]- HTTP GET /favicon.ico 200 [0.03, 127.0.0.1:52929]
[2024-12-02 13:49:33,286] [runserver.py:141] [runserver:log_action] [INFO]- HTTP GET /admin/CriticalIssueCrossCheck/criticalissue/add/ 200 [0.10, 127.0.0.1:52929]
[2024-12-02 13:49:33,326] [runserver.py:141] [runserver:log_action] [INFO]- HTTP GET /admin/jsi18n/ 200 [0.03, 127.0.0.1:52929]
[2024-12-02 13:49:49,232] [UserIP.py:90] [UserIP:process_response] [INFO]- 2024-12-02 13:49:49 C1010S3>Edwin None>None>None 127.0.0.1 127.0.0.1 /admin/CriticalIssueCrossCheck/criticalissue/add/ POST
[2024-12-02 13:49:49,241] [runserver.py:141] [runserver:log_action] [INFO]- HTTP POST /admin/CriticalIssueCrossCheck/criticalissue/add/ 200 [0.08, 127.0.0.1:52929]
[2024-12-02 13:49:49,267] [runserver.py:141] [runserver:log_action] [INFO]- HTTP GET /admin/jsi18n/ 200 [0.02, 127.0.0.1:52929]
[2024-12-02 13:49:55,004] [UserIP.py:90] [UserIP:process_response] [INFO]- 2024-12-02 13:49:55 C1010S3>Edwin None>None>None 127.0.0.1 127.0.0.1 /admin/CriticalIssueCrossCheck/criticalissue/add/ POST
[2024-12-02 13:49:55,017] [runserver.py:147] [runserver:log_action] [INFO]- HTTP POST /admin/CriticalIssueCrossCheck/criticalissue/add/ 302 [0.04, 127.0.0.1:52929]
[2024-12-02 13:49:55,075] [runserver.py:141] [runserver:log_action] [INFO]- HTTP GET /admin/CriticalIssueCrossCheck/criticalissue/ 200 [0.05, 127.0.0.1:52929]
[2024-12-02 13:49:55,102] [runserver.py:141] [runserver:log_action] [INFO]- HTTP GET /admin/jsi18n/ 200 [0.02, 127.0.0.1:52929]
[2024-12-02 13:50:00,972] [runserver.py:141] [runserver:log_action] [INFO]- HTTP GET /admin/ 200 [0.58, 127.0.0.1:52929]
[2024-12-02 13:50:01,162] [runserver.py:141] [runserver:log_action] [INFO]- HTTP GET /admin/CriticalIssueCrossCheck/criticalissue/ 200 [0.09, 127.0.0.1:52929]
[2024-12-02 13:50:01,218] [runserver.py:141] [runserver:log_action] [INFO]- HTTP GET /admin/jsi18n/ 200 [0.03, 127.0.0.1:52929]
[2024-12-02 13:50:01,321] [runserver.py:141] [runserver:log_action] [INFO]- HTTP GET /favicon.ico 200 [0.02, 127.0.0.1:52929]
[2024-12-02 13:50:07,906] [runserver.py:141] [runserver:log_action] [INFO]- HTTP GET /admin/CriticalIssueCrossCheck/criticalissue/add/ 200 [0.14, 127.0.0.1:52929]
[2024-12-02 13:50:07,945] [runserver.py:141] [runserver:log_action] [INFO]- HTTP GET /admin/jsi18n/ 200 [0.03, 127.0.0.1:52929]
[2024-12-02 13:50:12,408] [runserver.py:141] [runserver:log_action] [INFO]- HTTP GET /admin/CriticalIssueCrossCheck/criticalissue/ 200 [0.09, 127.0.0.1:52929]
[2024-12-02 13:50:14,881] [runserver.py:141] [runserver:log_action] [INFO]- HTTP GET /admin/CriticalIssueCrossCheck/criticalissue/100001/change/ 200 [0.10, 127.0.0.1:52929]
[2024-12-02 13:50:14,905] [runserver.py:141] [runserver:log_action] [INFO]- HTTP GET /admin/jsi18n/ 200 [0.02, 127.0.0.1:52929]
[2024-12-02 13:50:18,306] [runserver.py:141] [runserver:log_action] [INFO]- HTTP GET /admin/CriticalIssueCrossCheck/criticalissue/ 200 [0.07, 127.0.0.1:52929]
[2024-12-02 13:50:19,409] [runserver.py:141] [runserver:log_action] [INFO]- HTTP GET /admin/CriticalIssueCrossCheck/criticalissue/add/ 200 [0.13, 127.0.0.1:52929]
[2024-12-02 13:50:19,438] [runserver.py:141] [runserver:log_action] [INFO]- HTTP GET /admin/jsi18n/ 200 [0.02, 127.0.0.1:52929]
[2024-12-02 13:50:37,740] [UserIP.py:90] [UserIP:process_response] [INFO]- 2024-12-02 13:50:37 C1010S3>Edwin None>None>None 127.0.0.1 127.0.0.1 /admin/CriticalIssueCrossCheck/criticalissue/add/ POST
[2024-12-02 13:50:37,747] [runserver.py:147] [runserver:log_action] [INFO]- HTTP POST /admin/CriticalIssueCrossCheck/criticalissue/add/ 302 [0.03, 127.0.0.1:52929]
[2024-12-02 13:50:37,808] [runserver.py:141] [runserver:log_action] [INFO]- HTTP GET /admin/CriticalIssueCrossCheck/criticalissue/ 200 [0.06, 127.0.0.1:52929]
[2024-12-02 13:50:37,844] [runserver.py:141] [runserver:log_action] [INFO]- HTTP GET /admin/jsi18n/ 200 [0.03, 127.0.0.1:52929]
[2024-12-02 13:50:42,079] [runserver.py:141] [runserver:log_action] [INFO]- HTTP GET /admin/ 200 [0.53, 127.0.0.1:52929]
[2024-12-02 13:50:42,247] [runserver.py:141] [runserver:log_action] [INFO]- HTTP GET /admin/CriticalIssueCrossCheck/criticalissue/ 200 [0.08, 127.0.0.1:52929]
[2024-12-02 13:50:42,282] [runserver.py:141] [runserver:log_action] [INFO]- HTTP GET /admin/jsi18n/ 200 [0.02, 127.0.0.1:52929]
[2024-12-02 13:50:42,380] [runserver.py:141] [runserver:log_action] [INFO]- HTTP GET /favicon.ico 200 [0.03, 127.0.0.1:52929]
[2024-12-02 13:50:45,645] [runserver.py:141] [runserver:log_action] [INFO]- HTTP GET /admin/ 200 [0.51, 127.0.0.1:52929]
[2024-12-02 13:50:45,671] [runserver.py:141] [runserver:log_action] [INFO]- HTTP GET /static/admin/simpleui-x/elementui/theme-chalk/index.css 200 [0.01, 127.0.0.1:52929]
[2024-12-02 13:50:45,677] [runserver.py:141] [runserver:log_action] [INFO]- HTTP GET /static/admin/simpleui-x/fontawesome-free-5.8.1-web/css/all.min.css 200 [0.01, 127.0.0.1:58740]
[2024-12-02 13:50:45,684] [runserver.py:141] [runserver:log_action] [INFO]- HTTP GET /static/admin/simpleui-x/css/index.css?_=3.2 200 [0.02, 127.0.0.1:58804]
[2024-12-02 13:50:45,689] [runserver.py:141] [runserver:log_action] [INFO]- HTTP GET /static/admin/simpleui-x/waves/waves.min.css?_=2.1 200 [0.02, 127.0.0.1:58805]
[2024-12-02 13:50:45,695] [runserver.py:141] [runserver:log_action] [INFO]- HTTP GET /static/admin/simpleui-x/img/logo.png 200 [0.03, 127.0.0.1:58806]
[2024-12-02 13:50:45,700] [runserver.py:141] [runserver:log_action] [INFO]- HTTP GET /static/admin/simpleui-x/js/vue.min.js?_=2022.4.9 200 [0.03, 127.0.0.1:58807]
[2024-12-02 13:50:45,707] [runserver.py:141] [runserver:log_action] [INFO]- HTTP GET /static/admin/simpleui-x/elementui/index.js?_=2022.4.9 200 [0.03, 127.0.0.1:52929]
[2024-12-02 13:50:45,712] [runserver.py:141] [runserver:log_action] [INFO]- HTTP GET /static/admin/simpleui-x/automatic/dicts.js?_=2022.4.9 200 [0.03, 127.0.0.1:58740]
[2024-12-02 13:50:45,717] [runserver.py:141] [runserver:log_action] [INFO]- HTTP GET /static/admin/simpleui-x/automatic/segment.js?_=2022.4.9 200 [0.03, 127.0.0.1:58804]
[2024-12-02 13:50:45,722] [runserver.py:141] [runserver:log_action] [INFO]- HTTP GET /static/admin/simpleui-x/locale/en-us.js?_=2022.4.9 200 [0.03, 127.0.0.1:58805]
[2024-12-02 13:50:45,727] [runserver.py:141] [runserver:log_action] [INFO]- HTTP GET /static/admin/simpleui-x/locale/zh-hans.js?_=2022.4.9 200 [0.03, 127.0.0.1:58806]
[2024-12-02 13:50:45,731] [runserver.py:141] [runserver:log_action] [INFO]- HTTP GET /static/admin/simpleui-x/js/cookie.js?_=2022.4.9 200 [0.03, 127.0.0.1:58807]
[2024-12-02 13:50:45,736] [runserver.py:141] [runserver:log_action] [INFO]- HTTP GET /static/admin/simpleui-x/theme/theme.js?_=2022.4.9 200 [0.02, 127.0.0.1:52929]
[2024-12-02 13:50:45,743] [runserver.py:141] [runserver:log_action] [INFO]- HTTP GET /static/admin/simpleui-x/waves/waves.min.js?_=2022.4.9 200 [0.03, 127.0.0.1:58740]
[2024-12-02 13:50:45,752] [runserver.py:141] [runserver:log_action] [INFO]- HTTP GET /static/admin/simpleui-x/js/menu.js?_=2022.4.9 200 [0.03, 127.0.0.1:58804]
[2024-12-02 13:50:45,760] [runserver.py:141] [runserver:log_action] [INFO]- HTTP GET /static/admin/simpleui-x/js/index.js?_=2022.4.9 200 [0.03, 127.0.0.1:58805]
[2024-12-02 13:50:45,932] [runserver.py:141] [runserver:log_action] [INFO]- HTTP GET /admin/CriticalIssueCrossCheck/criticalissue/ 200 [0.10, 127.0.0.1:58805]
[2024-12-02 13:50:45,938] [runserver.py:141] [runserver:log_action] [INFO]- HTTP GET /static/admin/simpleui-x/fontawesome-free-5.8.1-web/webfonts/fa-solid-900.woff2 200 [0.09, 127.0.0.1:58804]
[2024-12-02 13:50:45,945] [runserver.py:141] [runserver:log_action] [INFO]- HTTP GET /static/admin/simpleui-x/fontawesome-free-5.8.1-web/webfonts/fa-brands-400.woff2 200 [0.10, 127.0.0.1:58807]
[2024-12-02 13:50:45,954] [runserver.py:141] [runserver:log_action] [INFO]- HTTP GET /static/admin/simpleui-x/fontawesome-free-5.8.1-web/webfonts/fa-regular-400.woff2 200 [0.11, 127.0.0.1:58740]
[2024-12-02 13:50:45,962] [runserver.py:141] [runserver:log_action] [INFO]- HTTP GET /static/admin/simpleui-x/elementui/theme-chalk/fonts/element-icons.woff 200 [0.11, 127.0.0.1:52929]
[2024-12-02 13:50:45,975] [runserver.py:141] [runserver:log_action] [INFO]- HTTP GET /static/admin/simpleui-x/elementui/theme-chalk/index.css 200 [0.01, 127.0.0.1:58804]
[2024-12-02 13:50:45,982] [runserver.py:141] [runserver:log_action] [INFO]- HTTP GET /static/admin/css/base.css?_=2.7 200 [0.01, 127.0.0.1:58806]
[2024-12-02 13:50:45,988] [runserver.py:141] [runserver:log_action] [INFO]- HTTP GET /static/admin/simpleui-x/fontawesome-free-5.8.1-web/css/all.min.css 200 [0.02, 127.0.0.1:58805]
[2024-12-02 13:50:45,994] [runserver.py:141] [runserver:log_action] [INFO]- HTTP GET /static/admin/simpleui-x/css/base.css?_=2.7 200 [0.02, 127.0.0.1:58740]
[2024-12-02 13:50:46,000] [runserver.py:141] [runserver:log_action] [INFO]- HTTP GET /static/admin/css/changelists.css?_=20180905 200 [0.03, 127.0.0.1:58807]
[2024-12-02 13:50:46,007] [runserver.py:141] [runserver:log_action] [INFO]- HTTP GET /static/admin/simpleui-x/theme/simpleui.css 200 [0.03, 127.0.0.1:52929]
[2024-12-02 13:50:46,013] [runserver.py:141] [runserver:log_action] [INFO]- HTTP GET /static/admin/css/responsive.css?_=20180905 200 [0.03, 127.0.0.1:58804]
[2024-12-02 13:50:46,018] [runserver.py:141] [runserver:log_action] [INFO]- HTTP GET /static/admin/simpleui-x/js/vue.min.js?_=2022.4.9 200 [0.04, 127.0.0.1:58806]
[2024-12-02 13:50:46,025] [runserver.py:141] [runserver:log_action] [INFO]- HTTP GET /static/admin/css/fonts.css 200 [0.04, 127.0.0.1:58805]
[2024-12-02 13:50:46,033] [runserver.py:141] [runserver:log_action] [INFO]- HTTP GET /static/admin/simpleui-x/elementui/index.js?_=2022.4.9 200 [0.04, 127.0.0.1:58740]
[2024-12-02 13:50:46,037] [runserver.py:141] [runserver:log_action] [INFO]- HTTP GET /static/admin/simpleui-x/js/language.js?_=2.1.2 200 [0.04, 127.0.0.1:58807]
[2024-12-02 13:50:46,047] [runserver.py:141] [runserver:log_action] [INFO]- HTTP GET /static/admin/simpleui-x/locale/en-us.js?_=2.1.2 200 [0.04, 127.0.0.1:52929]
[2024-12-02 13:50:46,052] [runserver.py:141] [runserver:log_action] [INFO]- HTTP GET /static/admin/simpleui-x/locale/zh-hans.js 200 [0.04, 127.0.0.1:58804]
[2024-12-02 13:50:46,060] [runserver.py:141] [runserver:log_action] [INFO]- HTTP GET /static/admin/simpleui-x/js/cookie.js 200 [0.04, 127.0.0.1:58806]
[2024-12-02 13:50:46,084] [runserver.py:141] [runserver:log_action] [INFO]- HTTP GET /admin/jsi18n/ 200 [0.06, 127.0.0.1:58805]
[2024-12-02 13:50:46,090] [runserver.py:141] [runserver:log_action] [INFO]- HTTP GET /static/admin/js/vendor/jquery/jquery.js 200 [0.05, 127.0.0.1:58807]
[2024-12-02 13:50:46,096] [runserver.py:141] [runserver:log_action] [INFO]- HTTP GET /static/admin/js/jquery.init.js 200 [0.05, 127.0.0.1:58740]
[2024-12-02 13:50:46,102] [runserver.py:141] [runserver:log_action] [INFO]- HTTP GET /static/admin/js/core.js 200 [0.05, 127.0.0.1:52929]
[2024-12-02 13:50:46,107] [runserver.py:141] [runserver:log_action] [INFO]- HTTP GET /static/admin/js/admin/RelatedObjectLookups.js 200 [0.05, 127.0.0.1:58804]
[2024-12-02 13:50:46,112] [runserver.py:141] [runserver:log_action] [INFO]- HTTP GET /static/admin/js/actions.js 200 [0.05, 127.0.0.1:58806]
[2024-12-02 13:50:46,117] [runserver.py:141] [runserver:log_action] [INFO]- HTTP GET /static/admin/js/urlify.js 200 [0.03, 127.0.0.1:58805]
[2024-12-02 13:50:46,122] [runserver.py:141] [runserver:log_action] [INFO]- HTTP GET /static/admin/js/prepopulate.js 200 [0.03, 127.0.0.1:58807]
[2024-12-02 13:50:46,138] [runserver.py:141] [runserver:log_action] [INFO]- HTTP GET /static/admin/js/vendor/xregexp/xregexp.js 200 [0.04, 127.0.0.1:58740]
[2024-12-02 13:50:46,145] [runserver.py:141] [runserver:log_action] [INFO]- HTTP GET /static/admin/js/vendor/jquery/jquery.min.js 200 [0.04, 127.0.0.1:52929]
[2024-12-02 13:50:46,148] [runserver.py:141] [runserver:log_action] [INFO]- HTTP GET /static/admin/simpleui-x/automatic/dicts.js 200 [0.04, 127.0.0.1:58804]
[2024-12-02 13:50:46,154] [runserver.py:141] [runserver:log_action] [INFO]- HTTP GET /static/admin/simpleui-x/automatic/segment.js 200 [0.04, 127.0.0.1:58806]
[2024-12-02 13:50:46,161] [runserver.py:141] [runserver:log_action] [INFO]- HTTP GET /static/admin/simpleui-x/js/axios.min.js 200 [0.04, 127.0.0.1:58805]
[2024-12-02 13:50:46,173] [runserver.py:141] [runserver:log_action] [INFO]- HTTP GET /static/admin/fonts/Roboto-Regular-webfont.woff 200 [0.00, 127.0.0.1:58805]
[2024-12-02 13:50:46,186] [runserver.py:141] [runserver:log_action] [INFO]- HTTP GET /static/admin/simpleui-x/elementui/theme-chalk/fonts/element-icons.woff 200 [0.00, 127.0.0.1:58805]
[2024-12-02 13:50:46,206] [runserver.py:141] [runserver:log_action] [INFO]- HTTP GET /static/admin/img/sorting-icons.svg 200 [0.01, 127.0.0.1:58805]
[2024-12-02 13:50:46,212] [runserver.py:141] [runserver:log_action] [INFO]- HTTP GET /static/admin/fonts/Roboto-Bold-webfont.woff 200 [0.01, 127.0.0.1:58806]
[2024-12-02 13:50:46,218] [runserver.py:141] [runserver:log_action] [INFO]- HTTP GET /static/admin/fonts/Roboto-Light-webfont.woff 200 [0.02, 127.0.0.1:58804]
[2024-12-02 13:50:46,279] [runserver.py:141] [runserver:log_action] [INFO]- HTTP GET /favicon.ico 200 [0.03, 127.0.0.1:58804]
[2024-12-02 13:50:56,932] [runserver.py:141] [runserver:log_action] [INFO]- HTTP GET /admin/CriticalIssueCrossCheck/criticalissue/add/ 200 [0.08, 127.0.0.1:58804]
[2024-12-02 13:50:56,962] [runserver.py:141] [runserver:log_action] [INFO]- HTTP GET /admin/jsi18n/ 200 [0.02, 127.0.0.1:58804]
[2024-12-02 13:51:18,974] [UserIP.py:90] [UserIP:process_response] [INFO]- 2024-12-02 13:51:18 C1010S3>Edwin None>None>None 127.0.0.1 127.0.0.1 /admin/CriticalIssueCrossCheck/criticalissue/add/ POST
[2024-12-02 13:51:18,982] [runserver.py:147] [runserver:log_action] [INFO]- HTTP POST /admin/CriticalIssueCrossCheck/criticalissue/add/ 302 [0.04, 127.0.0.1:58804]
[2024-12-02 13:51:19,068] [runserver.py:141] [runserver:log_action] [INFO]- HTTP GET /admin/CriticalIssueCrossCheck/criticalissue/add/ 200 [0.08, 127.0.0.1:58804]
[2024-12-02 13:51:19,093] [runserver.py:141] [runserver:log_action] [INFO]- HTTP GET /admin/jsi18n/ 200 [0.02, 127.0.0.1:58804]
[2024-12-02 13:51:21,016] [runserver.py:141] [runserver:log_action] [INFO]- HTTP GET /admin/CriticalIssueCrossCheck/criticalissue/ 200 [0.09, 127.0.0.1:58804]
[2024-12-02 13:51:21,047] [runserver.py:141] [runserver:log_action] [INFO]- HTTP GET /admin/jsi18n/ 200 [0.02, 127.0.0.1:58804]
[2024-12-02 13:51:25,570] [runserver.py:141] [runserver:log_action] [INFO]- HTTP GET /admin/CriticalIssueCrossCheck/criticalissue/add/ 200 [0.11, 127.0.0.1:58804]
[2024-12-02 13:51:25,605] [runserver.py:141] [runserver:log_action] [INFO]- HTTP GET /admin/jsi18n/ 200 [0.03, 127.0.0.1:58804]
[2024-12-02 13:51:29,023] [runserver.py:141] [runserver:log_action] [INFO]- HTTP GET /admin/CriticalIssueCrossCheck/criticalissue/ 200 [0.08, 127.0.0.1:58804]
[2024-12-02 13:59:24,387] [log.py:228] [log:log_response] [ERROR]- Internal Server Error: /admin/CriticalIssueCrossCheck/criticalissue/
Traceback (most recent call last):
  File "C:\Python372\mecheck\lib\site-packages\django\core\handlers\exception.py", line 34, in inner
    response = get_response(request)
  File "C:\Python372\mecheck\lib\site-packages\django\core\handlers\base.py", line 126, in _get_response
    response = self.process_exception_by_middleware(e, request)
  File "C:\Python372\mecheck\lib\site-packages\django\core\handlers\base.py", line 124, in _get_response
    response = wrapped_callback(request, *callback_args, **callback_kwargs)
  File "C:\Python372\mecheck\lib\site-packages\django\contrib\admin\options.py", line 604, in wrapper
    return self.admin_site.admin_view(view)(*args, **kwargs)
  File "C:\Python372\mecheck\lib\site-packages\django\utils\decorators.py", line 142, in _wrapped_view
    response = view_func(request, *args, **kwargs)
  File "C:\Python372\mecheck\lib\site-packages\django\views\decorators\cache.py", line 44, in _wrapped_view_func
    response = view_func(request, *args, **kwargs)
  File "C:\Python372\mecheck\lib\site-packages\django\contrib\admin\sites.py", line 223, in inner
    return view(request, *args, **kwargs)
  File "C:\Python372\mecheck\lib\site-packages\django\utils\decorators.py", line 45, in _wrapper
    return bound_method(*args, **kwargs)
  File "C:\Python372\mecheck\lib\site-packages\django\utils\decorators.py", line 142, in _wrapped_view
    response = view_func(request, *args, **kwargs)
  File "C:\Python372\mecheck\lib\site-packages\django\contrib\admin\options.py", line 1717, in changelist_view
    response = self.response_action(request, queryset=cl.get_queryset(request))
  File "C:\Python372\mecheck\lib\site-packages\django\contrib\admin\options.py", line 1400, in response_action
    response = func(self, request, queryset)
  File "C:\Python372\mecheck\lib\site-packages\django\contrib\admin\actions.py", line 28, in delete_selected
    deletable_objects, model_count, perms_needed, protected = modeladmin.get_deleted_objects(queryset, request)
  File "C:\Python372\mecheck\lib\site-packages\django\contrib\admin\options.py", line 1823, in get_deleted_objects
    return get_deleted_objects(objs, request, self.admin_site)
  File "C:\Python372\mecheck\lib\site-packages\django\contrib\admin\utils.py", line 134, in get_deleted_objects
    collector.collect(objs)
  File "C:\Python372\mecheck\lib\site-packages\django\contrib\admin\utils.py", line 197, in collect
    return super().collect(objs, source_attr=source_attr, **kwargs)
  File "C:\Python372\mecheck\lib\site-packages\django\db\models\deletion.py", line 221, in collect
    field.remote_field.on_delete(self, field, sub_objs, self.using)
TypeError: 'bool' object is not callable
[2024-12-02 13:59:24,405] [UserIP.py:90] [UserIP:process_response] [INFO]- 2024-12-02 13:59:24 C1010S3>Edwin None>None>None 127.0.0.1 127.0.0.1 /admin/CriticalIssueCrossCheck/criticalissue/ POST
[2024-12-02 13:59:24,408] [runserver.py:154] [runserver:log_action] [ERROR]- HTTP POST /admin/CriticalIssueCrossCheck/criticalissue/ 500 [1.31, 127.0.0.1:51733]
[2024-12-02 13:59:31,331] [runserver.py:141] [runserver:log_action] [INFO]- HTTP GET /admin/CriticalIssueCrossCheck/criticalissue/ 200 [0.65, 127.0.0.1:51733]
[2024-12-02 13:59:33,614] [runserver.py:141] [runserver:log_action] [INFO]- HTTP GET /admin/ 200 [0.81, 127.0.0.1:51733]
[2024-12-02 13:59:34,025] [runserver.py:141] [runserver:log_action] [INFO]- HTTP GET /admin/CriticalIssueCrossCheck/criticalissue/ 200 [0.32, 127.0.0.1:51733]
[2024-12-02 13:59:34,036] [runserver.py:141] [runserver:log_action] [INFO]- HTTP GET /static/admin/simpleui-x/fontawesome-free-5.8.1-web/webfonts/fa-solid-900.woff2 200 [0.31, 127.0.0.1:58637]
[2024-12-02 13:59:34,045] [runserver.py:141] [runserver:log_action] [INFO]- HTTP GET /static/admin/simpleui-x/fontawesome-free-5.8.1-web/webfonts/fa-brands-400.woff2 200 [0.32, 127.0.0.1:58642]
[2024-12-02 13:59:34,054] [runserver.py:141] [runserver:log_action] [INFO]- HTTP GET /static/admin/simpleui-x/fontawesome-free-5.8.1-web/webfonts/fa-regular-400.woff2 200 [0.17, 127.0.0.1:58641]
[2024-12-02 13:59:34,091] [runserver.py:141] [runserver:log_action] [INFO]- HTTP GET /admin/jsi18n/ 200 [0.05, 127.0.0.1:51733]
[2024-12-02 13:59:34,227] [runserver.py:141] [runserver:log_action] [INFO]- HTTP GET /favicon.ico 200 [0.07, 127.0.0.1:51733]
[2024-12-02 13:59:42,775] [log.py:228] [log:log_response] [ERROR]- Internal Server Error: /admin/CriticalIssueCrossCheck/criticalissue/
Traceback (most recent call last):
  File "C:\Python372\mecheck\lib\site-packages\django\core\handlers\exception.py", line 34, in inner
    response = get_response(request)
  File "C:\Python372\mecheck\lib\site-packages\django\core\handlers\base.py", line 126, in _get_response
    response = self.process_exception_by_middleware(e, request)
  File "C:\Python372\mecheck\lib\site-packages\django\core\handlers\base.py", line 124, in _get_response
    response = wrapped_callback(request, *callback_args, **callback_kwargs)
  File "C:\Python372\mecheck\lib\site-packages\django\contrib\admin\options.py", line 604, in wrapper
    return self.admin_site.admin_view(view)(*args, **kwargs)
  File "C:\Python372\mecheck\lib\site-packages\django\utils\decorators.py", line 142, in _wrapped_view
    response = view_func(request, *args, **kwargs)
  File "C:\Python372\mecheck\lib\site-packages\django\views\decorators\cache.py", line 44, in _wrapped_view_func
    response = view_func(request, *args, **kwargs)
  File "C:\Python372\mecheck\lib\site-packages\django\contrib\admin\sites.py", line 223, in inner
    return view(request, *args, **kwargs)
  File "C:\Python372\mecheck\lib\site-packages\django\utils\decorators.py", line 45, in _wrapper
    return bound_method(*args, **kwargs)
  File "C:\Python372\mecheck\lib\site-packages\django\utils\decorators.py", line 142, in _wrapped_view
    response = view_func(request, *args, **kwargs)
  File "C:\Python372\mecheck\lib\site-packages\django\contrib\admin\options.py", line 1717, in changelist_view
    response = self.response_action(request, queryset=cl.get_queryset(request))
  File "C:\Python372\mecheck\lib\site-packages\django\contrib\admin\options.py", line 1400, in response_action
    response = func(self, request, queryset)
  File "C:\Python372\mecheck\lib\site-packages\django\contrib\admin\actions.py", line 28, in delete_selected
    deletable_objects, model_count, perms_needed, protected = modeladmin.get_deleted_objects(queryset, request)
  File "C:\Python372\mecheck\lib\site-packages\django\contrib\admin\options.py", line 1823, in get_deleted_objects
    return get_deleted_objects(objs, request, self.admin_site)
  File "C:\Python372\mecheck\lib\site-packages\django\contrib\admin\utils.py", line 134, in get_deleted_objects
    collector.collect(objs)
  File "C:\Python372\mecheck\lib\site-packages\django\contrib\admin\utils.py", line 197, in collect
    return super().collect(objs, source_attr=source_attr, **kwargs)
  File "C:\Python372\mecheck\lib\site-packages\django\db\models\deletion.py", line 221, in collect
    field.remote_field.on_delete(self, field, sub_objs, self.using)
TypeError: 'bool' object is not callable
[2024-12-02 13:59:42,777] [UserIP.py:90] [UserIP:process_response] [INFO]- 2024-12-02 13:59:42 C1010S3>Edwin None>None>None 127.0.0.1 127.0.0.1 /admin/CriticalIssueCrossCheck/criticalissue/ POST
[2024-12-02 13:59:42,778] [runserver.py:154] [runserver:log_action] [ERROR]- HTTP POST /admin/CriticalIssueCrossCheck/criticalissue/ 500 [0.07, 127.0.0.1:51733]
[2024-12-02 13:59:47,965] [runserver.py:141] [runserver:log_action] [INFO]- HTTP GET /admin/CriticalIssueCrossCheck/criticalissue/ 200 [0.15, 127.0.0.1:51733]
[2024-12-02 13:59:53,137] [runserver.py:141] [runserver:log_action] [INFO]- HTTP GET /admin/app01/projectinfoindct/ 200 [4.01, 127.0.0.1:51733]
[2024-12-02 13:59:53,200] [runserver.py:141] [runserver:log_action] [INFO]- HTTP GET /favicon.ico 200 [4.05, 127.0.0.1:58641]
[2024-12-02 13:59:53,529] [runserver.py:141] [runserver:log_action] [INFO]- HTTP GET /admin/CriticalIssueCrossCheck/criticalissuecrossresult/ 200 [1.03, 127.0.0.1:58642]
[2024-12-02 13:59:53,579] [runserver.py:141] [runserver:log_action] [INFO]- HTTP GET /admin/jsi18n/ 200 [0.42, 127.0.0.1:51733]
[2024-12-02 13:59:53,634] [runserver.py:141] [runserver:log_action] [INFO]- HTTP GET /favicon.ico 200 [0.43, 127.0.0.1:58637]
[2024-12-02 13:59:53,664] [runserver.py:141] [runserver:log_action] [INFO]- HTTP GET /admin/jsi18n/ 200 [0.08, 127.0.0.1:58642]
[2024-12-02 13:59:59,658] [UserIP.py:90] [UserIP:process_response] [INFO]- 2024-12-02 13:59:59 C1010S3>Edwin None>None>None 127.0.0.1 127.0.0.1 /admin/CriticalIssueCrossCheck/criticalissuecrossresult/ POST
[2024-12-02 13:59:59,674] [runserver.py:141] [runserver:log_action] [INFO]- HTTP POST /admin/CriticalIssueCrossCheck/criticalissuecrossresult/ 200 [0.18, 127.0.0.1:58642]
[2024-12-02 14:00:01,021] [UserIP.py:90] [UserIP:process_response] [INFO]- 2024-12-02 14:00:01 C1010S3>Edwin None>None>None 127.0.0.1 127.0.0.1 /admin/CriticalIssueCrossCheck/criticalissuecrossresult/ POST
[2024-12-02 14:00:01,040] [runserver.py:147] [runserver:log_action] [INFO]- HTTP POST /admin/CriticalIssueCrossCheck/criticalissuecrossresult/ 302 [0.14, 127.0.0.1:58642]
[2024-12-02 14:00:01,306] [runserver.py:141] [runserver:log_action] [INFO]- HTTP GET /admin/CriticalIssueCrossCheck/criticalissuecrossresult/ 200 [0.26, 127.0.0.1:58642]
[2024-12-02 14:00:01,334] [runserver.py:141] [runserver:log_action] [INFO]- HTTP GET /admin/jsi18n/ 200 [0.02, 127.0.0.1:58642]
[2024-12-02 14:00:02,696] [runserver.py:141] [runserver:log_action] [INFO]- HTTP GET /favicon.ico 200 [0.04, 127.0.0.1:58642]
[2024-12-02 14:00:04,755] [UserIP.py:90] [UserIP:process_response] [INFO]- 2024-12-02 14:00:04 C1010S3>Edwin None>None>None 127.0.0.1 127.0.0.1 /admin/CriticalIssueCrossCheck/criticalissue/ POST
[2024-12-02 14:00:04,773] [runserver.py:141] [runserver:log_action] [INFO]- HTTP POST /admin/CriticalIssueCrossCheck/criticalissue/ 200 [0.17, 127.0.0.1:58642]
[2024-12-02 14:00:06,162] [UserIP.py:90] [UserIP:process_response] [INFO]- 2024-12-02 14:00:06 C1010S3>Edwin None>None>None 127.0.0.1 127.0.0.1 /admin/CriticalIssueCrossCheck/criticalissue/ POST
[2024-12-02 14:00:06,190] [runserver.py:147] [runserver:log_action] [INFO]- HTTP POST /admin/CriticalIssueCrossCheck/criticalissue/ 302 [0.11, 127.0.0.1:58642]
[2024-12-02 14:00:06,341] [runserver.py:141] [runserver:log_action] [INFO]- HTTP GET /admin/CriticalIssueCrossCheck/criticalissue/ 200 [0.14, 127.0.0.1:58642]
[2024-12-02 14:00:06,391] [runserver.py:141] [runserver:log_action] [INFO]- HTTP GET /admin/jsi18n/ 200 [0.04, 127.0.0.1:58642]
[2024-12-02 14:01:13,042] [runserver.py:141] [runserver:log_action] [INFO]- HTTP GET /admin/CriticalIssueCrossCheck/criticalissue/add/ 200 [0.77, 127.0.0.1:60514]
[2024-12-02 14:01:13,078] [runserver.py:141] [runserver:log_action] [INFO]- HTTP GET /admin/jsi18n/ 200 [0.03, 127.0.0.1:60514]
[2024-12-02 14:01:15,251] [runserver.py:141] [runserver:log_action] [INFO]- HTTP GET /admin/CriticalIssueCrossCheck/criticalissue/ 200 [0.06, 127.0.0.1:60514]
[2024-12-02 14:01:43,657] [runserver.py:141] [runserver:log_action] [INFO]- HTTP GET /admin/ 200 [0.97, 127.0.0.1:57467]
[2024-12-02 14:01:43,834] [runserver.py:141] [runserver:log_action] [INFO]- HTTP GET /admin/CriticalIssueCrossCheck/criticalissue/ 200 [0.07, 127.0.0.1:57467]
[2024-12-02 14:01:43,888] [runserver.py:141] [runserver:log_action] [INFO]- HTTP GET /admin/jsi18n/ 200 [0.04, 127.0.0.1:57467]
[2024-12-02 14:01:44,067] [runserver.py:141] [runserver:log_action] [INFO]- HTTP GET /favicon.ico 200 [0.07, 127.0.0.1:57467]
[2024-12-02 14:01:45,627] [log.py:228] [log:log_response] [ERROR]- Internal Server Error: /admin/CriticalIssueCrossCheck/criticalissue/add/
Traceback (most recent call last):
  File "C:\Python372\mecheck\lib\site-packages\django\forms\forms.py", line 163, in __getitem__
    field = self.fields[name]
KeyError: 'id'

During handling of the above exception, another exception occurred:

Traceback (most recent call last):
  File "C:\Python372\mecheck\lib\site-packages\django\core\handlers\exception.py", line 34, in inner
    response = get_response(request)
  File "C:\Python372\mecheck\lib\site-packages\django\core\handlers\base.py", line 156, in _get_response
    response = self.process_exception_by_middleware(e, request)
  File "C:\Python372\mecheck\lib\site-packages\django\core\handlers\base.py", line 154, in _get_response
    response = response.render()
  File "C:\Python372\mecheck\lib\site-packages\django\template\response.py", line 106, in render
    self.content = self.rendered_content
  File "C:\Python372\mecheck\lib\site-packages\django\template\response.py", line 83, in rendered_content
    content = template.render(context, self._request)
  File "C:\Python372\mecheck\lib\site-packages\django\template\backends\django.py", line 61, in render
    return self.template.render(context)
  File "C:\Python372\mecheck\lib\site-packages\django\template\base.py", line 171, in render
    return self._render(context)
  File "C:\Python372\mecheck\lib\site-packages\django\template\base.py", line 163, in _render
    return self.nodelist.render(context)
  File "C:\Python372\mecheck\lib\site-packages\django\template\base.py", line 937, in render
    bit = node.render_annotated(context)
  File "C:\Python372\mecheck\lib\site-packages\django\template\base.py", line 904, in render_annotated
    return self.render(context)
  File "C:\Python372\mecheck\lib\site-packages\django\template\loader_tags.py", line 150, in render
    return compiled_parent._render(context)
  File "C:\Python372\mecheck\lib\site-packages\django\template\base.py", line 163, in _render
    return self.nodelist.render(context)
  File "C:\Python372\mecheck\lib\site-packages\django\template\base.py", line 937, in render
    bit = node.render_annotated(context)
  File "C:\Python372\mecheck\lib\site-packages\django\template\base.py", line 904, in render_annotated
    return self.render(context)
  File "C:\Python372\mecheck\lib\site-packages\django\template\loader_tags.py", line 150, in render
    return compiled_parent._render(context)
  File "C:\Python372\mecheck\lib\site-packages\django\template\base.py", line 163, in _render
    return self.nodelist.render(context)
  File "C:\Python372\mecheck\lib\site-packages\django\template\base.py", line 937, in render
    bit = node.render_annotated(context)
  File "C:\Python372\mecheck\lib\site-packages\django\template\base.py", line 904, in render_annotated
    return self.render(context)
  File "C:\Python372\mecheck\lib\site-packages\django\template\loader_tags.py", line 62, in render
    result = block.nodelist.render(context)
  File "C:\Python372\mecheck\lib\site-packages\django\template\base.py", line 937, in render
    bit = node.render_annotated(context)
  File "C:\Python372\mecheck\lib\site-packages\django\template\base.py", line 904, in render_annotated
    return self.render(context)
  File "C:\Python372\mecheck\lib\site-packages\django\template\loader_tags.py", line 62, in render
    result = block.nodelist.render(context)
  File "C:\Python372\mecheck\lib\site-packages\django\template\base.py", line 937, in render
    bit = node.render_annotated(context)
  File "C:\Python372\mecheck\lib\site-packages\django\template\base.py", line 904, in render_annotated
    return self.render(context)
  File "C:\Python372\mecheck\lib\site-packages\django\template\defaulttags.py", line 209, in render
    nodelist.append(node.render_annotated(context))
  File "C:\Python372\mecheck\lib\site-packages\django\template\base.py", line 904, in render_annotated
    return self.render(context)
  File "C:\Python372\mecheck\lib\site-packages\django\template\loader_tags.py", line 188, in render
    return template.render(context)
  File "C:\Python372\mecheck\lib\site-packages\django\template\base.py", line 173, in render
    return self._render(context)
  File "C:\Python372\mecheck\lib\site-packages\django\template\base.py", line 163, in _render
    return self.nodelist.render(context)
  File "C:\Python372\mecheck\lib\site-packages\django\template\base.py", line 937, in render
    bit = node.render_annotated(context)
  File "C:\Python372\mecheck\lib\site-packages\django\template\base.py", line 904, in render_annotated
    return self.render(context)
  File "C:\Python372\mecheck\lib\site-packages\django\template\defaulttags.py", line 209, in render
    nodelist.append(node.render_annotated(context))
  File "C:\Python372\mecheck\lib\site-packages\django\template\base.py", line 904, in render_annotated
    return self.render(context)
  File "C:\Python372\mecheck\lib\site-packages\django\template\defaulttags.py", line 165, in render
    values = list(values)
  File "C:\Python372\mecheck\lib\site-packages\django\contrib\admin\helpers.py", line 118, in __iter__
    yield AdminField(self.form, field, is_first=(i == 0))
  File "C:\Python372\mecheck\lib\site-packages\django\contrib\admin\helpers.py", line 130, in __init__
    self.field = form[field]  # A django.forms.BoundField instance
  File "C:\Python372\mecheck\lib\site-packages\django\forms\forms.py", line 169, in __getitem__
    ', '.join(sorted(f for f in self.fields)),
KeyError: "Key 'id' not found in 'CriticalIssueForm'. Choices are: Action, CG, Category, Object, Photo, Project, Reproduce_Steps, Root_Cause, Solution, Status, Symptom, edit_time, editor, video."
[2024-12-02 14:01:45,660] [runserver.py:154] [runserver:log_action] [ERROR]- HTTP GET /admin/CriticalIssueCrossCheck/criticalissue/add/ 500 [0.54, 127.0.0.1:57467]
[2024-12-02 14:01:56,373] [runserver.py:141] [runserver:log_action] [INFO]- HTTP GET /admin/CriticalIssueCrossCheck/criticalissue/ 200 [0.19, 127.0.0.1:57467]
[2024-12-02 14:03:24,957] [runserver.py:141] [runserver:log_action] [INFO]- HTTP GET /admin/ 200 [1.05, 127.0.0.1:54929]
[2024-12-02 14:03:25,194] [runserver.py:141] [runserver:log_action] [INFO]- HTTP GET /admin/CriticalIssueCrossCheck/criticalissue/ 200 [0.09, 127.0.0.1:54929]
[2024-12-02 14:03:25,240] [runserver.py:141] [runserver:log_action] [INFO]- HTTP GET /admin/jsi18n/ 200 [0.03, 127.0.0.1:54929]
[2024-12-02 14:03:25,427] [runserver.py:141] [runserver:log_action] [INFO]- HTTP GET /favicon.ico 200 [0.04, 127.0.0.1:54929]
[2024-12-02 14:03:26,741] [runserver.py:141] [runserver:log_action] [INFO]- HTTP GET /admin/CriticalIssueCrossCheck/criticalissue/?o=1.-13 200 [0.12, 127.0.0.1:54929]
[2024-12-02 14:03:26,768] [runserver.py:141] [runserver:log_action] [INFO]- HTTP GET /admin/jsi18n/ 200 [0.02, 127.0.0.1:54929]
[2024-12-02 14:03:27,809] [runserver.py:141] [runserver:log_action] [INFO]- HTTP GET /admin/CriticalIssueCrossCheck/criticalissue/?o=-1.-13 200 [0.11, 127.0.0.1:54929]
[2024-12-02 14:03:27,870] [runserver.py:141] [runserver:log_action] [INFO]- HTTP GET /admin/jsi18n/ 200 [0.05, 127.0.0.1:54929]
[2024-12-02 14:03:29,873] [runserver.py:141] [runserver:log_action] [INFO]- HTTP GET /admin/CriticalIssueCrossCheck/criticalissue/add/?_changelist_filters=o%3D-1.-13 200 [0.28, 127.0.0.1:54929]
[2024-12-02 14:03:29,917] [runserver.py:141] [runserver:log_action] [INFO]- HTTP GET /admin/jsi18n/ 200 [0.03, 127.0.0.1:54929]
[2024-12-02 14:03:53,873] [runserver.py:141] [runserver:log_action] [INFO]- HTTP GET /admin/CriticalIssueCrossCheck/criticalissue/?o=-1.-13 200 [0.60, 127.0.0.1:54978]
[2024-12-02 14:03:53,904] [runserver.py:141] [runserver:log_action] [INFO]- HTTP GET /admin/jsi18n/ 200 [0.02, 127.0.0.1:54978]
[2024-12-02 14:03:55,225] [log.py:228] [log:log_response] [ERROR]- Internal Server Error: /admin/CriticalIssueCrossCheck/criticalissue/add/
Traceback (most recent call last):
  File "C:\Python372\mecheck\lib\site-packages\django\forms\forms.py", line 163, in __getitem__
    field = self.fields[name]
KeyError: 'id'

During handling of the above exception, another exception occurred:

Traceback (most recent call last):
  File "C:\Python372\mecheck\lib\site-packages\django\core\handlers\exception.py", line 34, in inner
    response = get_response(request)
  File "C:\Python372\mecheck\lib\site-packages\django\core\handlers\base.py", line 156, in _get_response
    response = self.process_exception_by_middleware(e, request)
  File "C:\Python372\mecheck\lib\site-packages\django\core\handlers\base.py", line 154, in _get_response
    response = response.render()
  File "C:\Python372\mecheck\lib\site-packages\django\template\response.py", line 106, in render
    self.content = self.rendered_content
  File "C:\Python372\mecheck\lib\site-packages\django\template\response.py", line 83, in rendered_content
    content = template.render(context, self._request)
  File "C:\Python372\mecheck\lib\site-packages\django\template\backends\django.py", line 61, in render
    return self.template.render(context)
  File "C:\Python372\mecheck\lib\site-packages\django\template\base.py", line 171, in render
    return self._render(context)
  File "C:\Python372\mecheck\lib\site-packages\django\template\base.py", line 163, in _render
    return self.nodelist.render(context)
  File "C:\Python372\mecheck\lib\site-packages\django\template\base.py", line 937, in render
    bit = node.render_annotated(context)
  File "C:\Python372\mecheck\lib\site-packages\django\template\base.py", line 904, in render_annotated
    return self.render(context)
  File "C:\Python372\mecheck\lib\site-packages\django\template\loader_tags.py", line 150, in render
    return compiled_parent._render(context)
  File "C:\Python372\mecheck\lib\site-packages\django\template\base.py", line 163, in _render
    return self.nodelist.render(context)
  File "C:\Python372\mecheck\lib\site-packages\django\template\base.py", line 937, in render
    bit = node.render_annotated(context)
  File "C:\Python372\mecheck\lib\site-packages\django\template\base.py", line 904, in render_annotated
    return self.render(context)
  File "C:\Python372\mecheck\lib\site-packages\django\template\loader_tags.py", line 150, in render
    return compiled_parent._render(context)
  File "C:\Python372\mecheck\lib\site-packages\django\template\base.py", line 163, in _render
    return self.nodelist.render(context)
  File "C:\Python372\mecheck\lib\site-packages\django\template\base.py", line 937, in render
    bit = node.render_annotated(context)
  File "C:\Python372\mecheck\lib\site-packages\django\template\base.py", line 904, in render_annotated
    return self.render(context)
  File "C:\Python372\mecheck\lib\site-packages\django\template\loader_tags.py", line 62, in render
    result = block.nodelist.render(context)
  File "C:\Python372\mecheck\lib\site-packages\django\template\base.py", line 937, in render
    bit = node.render_annotated(context)
  File "C:\Python372\mecheck\lib\site-packages\django\template\base.py", line 904, in render_annotated
    return self.render(context)
  File "C:\Python372\mecheck\lib\site-packages\django\template\loader_tags.py", line 62, in render
    result = block.nodelist.render(context)
  File "C:\Python372\mecheck\lib\site-packages\django\template\base.py", line 937, in render
    bit = node.render_annotated(context)
  File "C:\Python372\mecheck\lib\site-packages\django\template\base.py", line 904, in render_annotated
    return self.render(context)
  File "C:\Python372\mecheck\lib\site-packages\django\template\defaulttags.py", line 209, in render
    nodelist.append(node.render_annotated(context))
  File "C:\Python372\mecheck\lib\site-packages\django\template\base.py", line 904, in render_annotated
    return self.render(context)
  File "C:\Python372\mecheck\lib\site-packages\django\template\loader_tags.py", line 188, in render
    return template.render(context)
  File "C:\Python372\mecheck\lib\site-packages\django\template\base.py", line 173, in render
    return self._render(context)
  File "C:\Python372\mecheck\lib\site-packages\django\template\base.py", line 163, in _render
    return self.nodelist.render(context)
  File "C:\Python372\mecheck\lib\site-packages\django\template\base.py", line 937, in render
    bit = node.render_annotated(context)
  File "C:\Python372\mecheck\lib\site-packages\django\template\base.py", line 904, in render_annotated
    return self.render(context)
  File "C:\Python372\mecheck\lib\site-packages\django\template\defaulttags.py", line 209, in render
    nodelist.append(node.render_annotated(context))
  File "C:\Python372\mecheck\lib\site-packages\django\template\base.py", line 904, in render_annotated
    return self.render(context)
  File "C:\Python372\mecheck\lib\site-packages\django\template\defaulttags.py", line 165, in render
    values = list(values)
  File "C:\Python372\mecheck\lib\site-packages\django\contrib\admin\helpers.py", line 118, in __iter__
    yield AdminField(self.form, field, is_first=(i == 0))
  File "C:\Python372\mecheck\lib\site-packages\django\contrib\admin\helpers.py", line 130, in __init__
    self.field = form[field]  # A django.forms.BoundField instance
  File "C:\Python372\mecheck\lib\site-packages\django\forms\forms.py", line 169, in __getitem__
    ', '.join(sorted(f for f in self.fields)),
KeyError: "Key 'id' not found in 'CriticalIssueForm'. Choices are: Action, CG, Category, Object, Photo, Project, Reproduce_Steps, Root_Cause, Solution, Status, Symptom, edit_time, editor, video."
[2024-12-02 14:03:55,233] [runserver.py:154] [runserver:log_action] [ERROR]- HTTP GET /admin/CriticalIssueCrossCheck/criticalissue/add/?_changelist_filters=o%3D-1.-13 500 [0.24, 127.0.0.1:54978]
[2024-12-02 14:08:55,903] [runserver.py:141] [runserver:log_action] [INFO]- HTTP GET /admin/CriticalIssueCrossCheck/criticalissue/?o=-1.-13 200 [0.15, 127.0.0.1:56347]
[2024-12-02 14:08:58,681] [runserver.py:141] [runserver:log_action] [INFO]- HTTP GET /admin/ 200 [0.57, 127.0.0.1:56347]
[2024-12-02 14:08:58,904] [runserver.py:141] [runserver:log_action] [INFO]- HTTP GET /admin/CriticalIssueCrossCheck/criticalissue/ 200 [0.13, 127.0.0.1:56347]
[2024-12-02 14:08:58,936] [runserver.py:141] [runserver:log_action] [INFO]- HTTP GET /admin/jsi18n/ 200 [0.02, 127.0.0.1:56347]
[2024-12-02 14:08:59,087] [runserver.py:141] [runserver:log_action] [INFO]- HTTP GET /favicon.ico 200 [0.07, 127.0.0.1:56347]
[2024-12-02 14:09:00,651] [log.py:228] [log:log_response] [ERROR]- Internal Server Error: /admin/CriticalIssueCrossCheck/criticalissue/add/
Traceback (most recent call last):
  File "C:\Python372\mecheck\lib\site-packages\django\forms\forms.py", line 163, in __getitem__
    field = self.fields[name]
KeyError: 'id'

During handling of the above exception, another exception occurred:

Traceback (most recent call last):
  File "C:\Python372\mecheck\lib\site-packages\django\core\handlers\exception.py", line 34, in inner
    response = get_response(request)
  File "C:\Python372\mecheck\lib\site-packages\django\core\handlers\base.py", line 156, in _get_response
    response = self.process_exception_by_middleware(e, request)
  File "C:\Python372\mecheck\lib\site-packages\django\core\handlers\base.py", line 154, in _get_response
    response = response.render()
  File "C:\Python372\mecheck\lib\site-packages\django\template\response.py", line 106, in render
    self.content = self.rendered_content
  File "C:\Python372\mecheck\lib\site-packages\django\template\response.py", line 83, in rendered_content
    content = template.render(context, self._request)
  File "C:\Python372\mecheck\lib\site-packages\django\template\backends\django.py", line 61, in render
    return self.template.render(context)
  File "C:\Python372\mecheck\lib\site-packages\django\template\base.py", line 171, in render
    return self._render(context)
  File "C:\Python372\mecheck\lib\site-packages\django\template\base.py", line 163, in _render
    return self.nodelist.render(context)
  File "C:\Python372\mecheck\lib\site-packages\django\template\base.py", line 937, in render
    bit = node.render_annotated(context)
  File "C:\Python372\mecheck\lib\site-packages\django\template\base.py", line 904, in render_annotated
    return self.render(context)
  File "C:\Python372\mecheck\lib\site-packages\django\template\loader_tags.py", line 150, in render
    return compiled_parent._render(context)
  File "C:\Python372\mecheck\lib\site-packages\django\template\base.py", line 163, in _render
    return self.nodelist.render(context)
  File "C:\Python372\mecheck\lib\site-packages\django\template\base.py", line 937, in render
    bit = node.render_annotated(context)
  File "C:\Python372\mecheck\lib\site-packages\django\template\base.py", line 904, in render_annotated
    return self.render(context)
  File "C:\Python372\mecheck\lib\site-packages\django\template\loader_tags.py", line 150, in render
    return compiled_parent._render(context)
  File "C:\Python372\mecheck\lib\site-packages\django\template\base.py", line 163, in _render
    return self.nodelist.render(context)
  File "C:\Python372\mecheck\lib\site-packages\django\template\base.py", line 937, in render
    bit = node.render_annotated(context)
  File "C:\Python372\mecheck\lib\site-packages\django\template\base.py", line 904, in render_annotated
    return self.render(context)
  File "C:\Python372\mecheck\lib\site-packages\django\template\loader_tags.py", line 62, in render
    result = block.nodelist.render(context)
  File "C:\Python372\mecheck\lib\site-packages\django\template\base.py", line 937, in render
    bit = node.render_annotated(context)
  File "C:\Python372\mecheck\lib\site-packages\django\template\base.py", line 904, in render_annotated
    return self.render(context)
  File "C:\Python372\mecheck\lib\site-packages\django\template\loader_tags.py", line 62, in render
    result = block.nodelist.render(context)
  File "C:\Python372\mecheck\lib\site-packages\django\template\base.py", line 937, in render
    bit = node.render_annotated(context)
  File "C:\Python372\mecheck\lib\site-packages\django\template\base.py", line 904, in render_annotated
    return self.render(context)
  File "C:\Python372\mecheck\lib\site-packages\django\template\defaulttags.py", line 209, in render
    nodelist.append(node.render_annotated(context))
  File "C:\Python372\mecheck\lib\site-packages\django\template\base.py", line 904, in render_annotated
    return self.render(context)
  File "C:\Python372\mecheck\lib\site-packages\django\template\loader_tags.py", line 188, in render
    return template.render(context)
  File "C:\Python372\mecheck\lib\site-packages\django\template\base.py", line 173, in render
    return self._render(context)
  File "C:\Python372\mecheck\lib\site-packages\django\template\base.py", line 163, in _render
    return self.nodelist.render(context)
  File "C:\Python372\mecheck\lib\site-packages\django\template\base.py", line 937, in render
    bit = node.render_annotated(context)
  File "C:\Python372\mecheck\lib\site-packages\django\template\base.py", line 904, in render_annotated
    return self.render(context)
  File "C:\Python372\mecheck\lib\site-packages\django\template\defaulttags.py", line 209, in render
    nodelist.append(node.render_annotated(context))
  File "C:\Python372\mecheck\lib\site-packages\django\template\base.py", line 904, in render_annotated
    return self.render(context)
  File "C:\Python372\mecheck\lib\site-packages\django\template\defaulttags.py", line 165, in render
    values = list(values)
  File "C:\Python372\mecheck\lib\site-packages\django\contrib\admin\helpers.py", line 118, in __iter__
    yield AdminField(self.form, field, is_first=(i == 0))
  File "C:\Python372\mecheck\lib\site-packages\django\contrib\admin\helpers.py", line 130, in __init__
    self.field = form[field]  # A django.forms.BoundField instance
  File "C:\Python372\mecheck\lib\site-packages\django\forms\forms.py", line 169, in __getitem__
    ', '.join(sorted(f for f in self.fields)),
KeyError: "Key 'id' not found in 'CriticalIssueForm'. Choices are: Action, CG, Category, Object, Photo, Project, Reproduce_Steps, Root_Cause, Solution, Status, Symptom, edit_time, editor, video."
[2024-12-02 14:09:00,664] [runserver.py:154] [runserver:log_action] [ERROR]- HTTP GET /admin/CriticalIssueCrossCheck/criticalissue/add/ 500 [0.44, 127.0.0.1:56347]
[2024-12-02 14:09:04,486] [runserver.py:141] [runserver:log_action] [INFO]- HTTP GET /admin/CriticalIssueCrossCheck/criticalissue/ 200 [0.13, 127.0.0.1:56347]
[2024-12-02 14:09:53,439] [runserver.py:141] [runserver:log_action] [INFO]- HTTP GET /admin/ 200 [1.03, 127.0.0.1:53246]
[2024-12-02 14:09:53,603] [runserver.py:141] [runserver:log_action] [INFO]- HTTP GET /admin/CriticalIssueCrossCheck/criticalissue/ 200 [0.08, 127.0.0.1:53246]
[2024-12-02 14:09:53,638] [runserver.py:141] [runserver:log_action] [INFO]- HTTP GET /admin/jsi18n/ 200 [0.02, 127.0.0.1:53246]
[2024-12-02 14:09:53,737] [runserver.py:141] [runserver:log_action] [INFO]- HTTP GET /favicon.ico 200 [0.04, 127.0.0.1:53246]
[2024-12-02 14:09:55,624] [runserver.py:141] [runserver:log_action] [INFO]- HTTP GET /admin/CriticalIssueCrossCheck/criticalissue/add/ 200 [0.19, 127.0.0.1:53246]
[2024-12-02 14:09:55,656] [runserver.py:141] [runserver:log_action] [INFO]- HTTP GET /admin/jsi18n/ 200 [0.02, 127.0.0.1:53246]
[2024-12-02 14:09:58,394] [runserver.py:141] [runserver:log_action] [INFO]- HTTP GET /admin/CriticalIssueCrossCheck/criticalissue/ 200 [0.12, 127.0.0.1:53246]
[2024-12-02 14:09:59,819] [runserver.py:141] [runserver:log_action] [INFO]- HTTP GET /admin/CriticalIssueCrossCheck/criticalissue/add/ 200 [0.23, 127.0.0.1:53246]
[2024-12-02 14:09:59,868] [runserver.py:141] [runserver:log_action] [INFO]- HTTP GET /admin/jsi18n/ 200 [0.03, 127.0.0.1:53246]
[2024-12-02 14:10:18,972] [UserIP.py:90] [UserIP:process_response] [INFO]- 2024-12-02 14:10:18 C1010S3>Edwin None>None>None 127.0.0.1 127.0.0.1 /admin/CriticalIssueCrossCheck/criticalissue/add/ POST
[2024-12-02 14:10:18,990] [runserver.py:147] [runserver:log_action] [INFO]- HTTP POST /admin/CriticalIssueCrossCheck/criticalissue/add/ 302 [0.05, 127.0.0.1:53246]
[2024-12-02 14:10:19,261] [runserver.py:141] [runserver:log_action] [INFO]- HTTP GET /admin/CriticalIssueCrossCheck/criticalissue/ 200 [0.26, 127.0.0.1:53246]
[2024-12-02 14:10:19,303] [runserver.py:141] [runserver:log_action] [INFO]- HTTP GET /admin/jsi18n/ 200 [0.02, 127.0.0.1:53246]
[2024-12-02 14:10:27,599] [runserver.py:141] [runserver:log_action] [INFO]- HTTP GET /admin/CriticalIssueCrossCheck/criticalissue/add/ 200 [0.22, 127.0.0.1:53246]
[2024-12-02 14:10:27,651] [runserver.py:141] [runserver:log_action] [INFO]- HTTP GET /admin/jsi18n/ 200 [0.04, 127.0.0.1:53246]
[2024-12-02 14:10:46,310] [UserIP.py:90] [UserIP:process_response] [INFO]- 2024-12-02 14:10:46 C1010S3>Edwin None>None>None 127.0.0.1 127.0.0.1 /admin/CriticalIssueCrossCheck/criticalissue/add/ POST
[2024-12-02 14:10:46,323] [runserver.py:147] [runserver:log_action] [INFO]- HTTP POST /admin/CriticalIssueCrossCheck/criticalissue/add/ 302 [0.04, 127.0.0.1:53246]
[2024-12-02 14:10:46,493] [runserver.py:141] [runserver:log_action] [INFO]- HTTP GET /admin/CriticalIssueCrossCheck/criticalissue/ 200 [0.17, 127.0.0.1:53246]
[2024-12-02 14:10:46,537] [runserver.py:141] [runserver:log_action] [INFO]- HTTP GET /admin/jsi18n/ 200 [0.03, 127.0.0.1:53246]
[2024-12-02 14:10:51,347] [runserver.py:141] [runserver:log_action] [INFO]- HTTP GET /admin/app01/projectinfoindct/ 200 [2.40, 127.0.0.1:53246]
[2024-12-02 14:10:51,380] [runserver.py:141] [runserver:log_action] [INFO]- HTTP GET /favicon.ico 200 [2.41, 127.0.0.1:53247]
[2024-12-02 14:10:51,518] [runserver.py:141] [runserver:log_action] [INFO]- HTTP GET /admin/CriticalIssueCrossCheck/criticalissuecrossresult/ 200 [0.84, 127.0.0.1:53334]
[2024-12-02 14:10:51,546] [runserver.py:141] [runserver:log_action] [INFO]- HTTP GET /admin/jsi18n/ 200 [0.18, 127.0.0.1:53246]
[2024-12-02 14:10:51,579] [runserver.py:141] [runserver:log_action] [INFO]- HTTP GET /favicon.ico 200 [0.19, 127.0.0.1:53247]
[2024-12-02 14:10:51,616] [runserver.py:141] [runserver:log_action] [INFO]- HTTP GET /admin/jsi18n/ 200 [0.07, 127.0.0.1:53334]
[2024-12-02 14:10:53,112] [runserver.py:141] [runserver:log_action] [INFO]- HTTP GET /admin/CriticalIssueCrossCheck/criticalissuecrossresult/add/ 200 [0.27, 127.0.0.1:53334]
[2024-12-02 14:10:53,167] [runserver.py:141] [runserver:log_action] [INFO]- HTTP GET /admin/jsi18n/ 200 [0.04, 127.0.0.1:53334]
[2024-12-02 14:11:02,376] [UserIP.py:90] [UserIP:process_response] [INFO]- 2024-12-02 14:11:02 C1010S3>Edwin None>None>None 127.0.0.1 127.0.0.1 /admin/CriticalIssueCrossCheck/criticalissuecrossresult/add/ POST
[2024-12-02 14:11:02,388] [runserver.py:147] [runserver:log_action] [INFO]- HTTP POST /admin/CriticalIssueCrossCheck/criticalissuecrossresult/add/ 302 [0.05, 127.0.0.1:53334]
[2024-12-02 14:11:02,655] [runserver.py:141] [runserver:log_action] [INFO]- HTTP GET /admin/CriticalIssueCrossCheck/criticalissuecrossresult/ 200 [0.26, 127.0.0.1:53334]
[2024-12-02 14:11:02,714] [runserver.py:141] [runserver:log_action] [INFO]- HTTP GET /admin/jsi18n/ 200 [0.03, 127.0.0.1:53334]
[2024-12-02 14:11:04,161] [runserver.py:141] [runserver:log_action] [INFO]- HTTP GET /admin/CriticalIssueCrossCheck/criticalissuecrossresult/add/ 200 [0.27, 127.0.0.1:53334]
[2024-12-02 14:11:04,230] [runserver.py:141] [runserver:log_action] [INFO]- HTTP GET /admin/jsi18n/ 200 [0.04, 127.0.0.1:53334]
[2024-12-02 14:11:11,446] [UserIP.py:90] [UserIP:process_response] [INFO]- 2024-12-02 14:11:11 C1010S3>Edwin None>None>None 127.0.0.1 127.0.0.1 /admin/CriticalIssueCrossCheck/criticalissuecrossresult/add/ POST
[2024-12-02 14:11:11,479] [runserver.py:141] [runserver:log_action] [INFO]- HTTP POST /admin/CriticalIssueCrossCheck/criticalissuecrossresult/add/ 200 [0.27, 127.0.0.1:53334]
[2024-12-02 14:11:11,538] [runserver.py:141] [runserver:log_action] [INFO]- HTTP GET /admin/jsi18n/ 200 [0.05, 127.0.0.1:53334]
[2024-12-02 14:11:15,236] [UserIP.py:90] [UserIP:process_response] [INFO]- 2024-12-02 14:11:15 C1010S3>Edwin None>None>None 127.0.0.1 127.0.0.1 /admin/CriticalIssueCrossCheck/criticalissuecrossresult/add/ POST
[2024-12-02 14:11:15,247] [runserver.py:147] [runserver:log_action] [INFO]- HTTP POST /admin/CriticalIssueCrossCheck/criticalissuecrossresult/add/ 302 [0.04, 127.0.0.1:53334]
[2024-12-02 14:11:15,437] [runserver.py:141] [runserver:log_action] [INFO]- HTTP GET /admin/CriticalIssueCrossCheck/criticalissuecrossresult/ 200 [0.19, 127.0.0.1:53334]
[2024-12-02 14:11:15,477] [runserver.py:141] [runserver:log_action] [INFO]- HTTP GET /admin/jsi18n/ 200 [0.03, 127.0.0.1:53334]
[2024-12-02 14:11:17,155] [runserver.py:141] [runserver:log_action] [INFO]- HTTP GET /admin/CriticalIssueCrossCheck/criticalissuecrossresult/add/ 200 [0.30, 127.0.0.1:53334]
[2024-12-02 14:11:17,221] [runserver.py:141] [runserver:log_action] [INFO]- HTTP GET /admin/jsi18n/ 200 [0.05, 127.0.0.1:53334]
[2024-12-02 14:11:25,114] [UserIP.py:90] [UserIP:process_response] [INFO]- 2024-12-02 14:11:25 C1010S3>Edwin None>None>None 127.0.0.1 127.0.0.1 /admin/CriticalIssueCrossCheck/criticalissuecrossresult/add/ POST
[2024-12-02 14:11:25,125] [runserver.py:147] [runserver:log_action] [INFO]- HTTP POST /admin/CriticalIssueCrossCheck/criticalissuecrossresult/add/ 302 [0.04, 127.0.0.1:53334]
[2024-12-02 14:11:25,350] [runserver.py:141] [runserver:log_action] [INFO]- HTTP GET /admin/CriticalIssueCrossCheck/criticalissuecrossresult/ 200 [0.22, 127.0.0.1:53334]
[2024-12-02 14:11:25,397] [runserver.py:141] [runserver:log_action] [INFO]- HTTP GET /admin/jsi18n/ 200 [0.04, 127.0.0.1:53334]
[2024-12-02 14:11:27,051] [runserver.py:141] [runserver:log_action] [INFO]- HTTP GET /admin/CriticalIssueCrossCheck/criticalissuecrossresult/add/ 200 [0.22, 127.0.0.1:53334]
[2024-12-02 14:11:27,084] [runserver.py:141] [runserver:log_action] [INFO]- HTTP GET /admin/jsi18n/ 200 [0.02, 127.0.0.1:53334]
[2024-12-02 14:11:36,226] [UserIP.py:90] [UserIP:process_response] [INFO]- 2024-12-02 14:11:36 C1010S3>Edwin None>None>None 127.0.0.1 127.0.0.1 /admin/CriticalIssueCrossCheck/criticalissuecrossresult/add/ POST
[2024-12-02 14:11:36,236] [runserver.py:147] [runserver:log_action] [INFO]- HTTP POST /admin/CriticalIssueCrossCheck/criticalissuecrossresult/add/ 302 [0.03, 127.0.0.1:53334]
[2024-12-02 14:11:36,472] [runserver.py:141] [runserver:log_action] [INFO]- HTTP GET /admin/CriticalIssueCrossCheck/criticalissuecrossresult/ 200 [0.23, 127.0.0.1:53334]
[2024-12-02 14:11:36,505] [runserver.py:141] [runserver:log_action] [INFO]- HTTP GET /admin/jsi18n/ 200 [0.02, 127.0.0.1:53334]
[2024-12-02 14:50:18,317] [runserver.py:141] [runserver:log_action] [INFO]- HTTP GET /ProjectInfoSearch/ 200 [0.13, 127.0.0.1:60365]
[2024-12-02 14:50:18,453] [runserver.py:162] [runserver:log_action] [INFO]- WebSocket HANDSHAKING /ws/msg/Reliability_Row_data/ [127.0.0.1:60368]
[2024-12-02 14:50:18,521] [runserver.py:158] [runserver:log_action] [INFO]- WebSocket CONNECT /ws/msg/Reliability_Row_data/ [127.0.0.1:60368]
[2024-12-02 14:50:18,740] [UserIP.py:90] [UserIP:process_response] [INFO]- 2024-12-02 14:50:18 C1010S3>Edwin None>None>None 127.0.0.1 127.0.0.1 /ProjectInfoSearch/ POST
[2024-12-02 14:50:18,751] [runserver.py:141] [runserver:log_action] [INFO]- HTTP POST /ProjectInfoSearch/ 200 [0.07, 127.0.0.1:60365]
[2024-12-02 14:50:18,782] [runserver.py:141] [runserver:log_action] [INFO]- HTTP GET /favicon.ico 200 [0.06, 127.0.0.1:60366]
[2024-12-02 14:50:24,380] [UserIP.py:90] [UserIP:process_response] [INFO]- 2024-12-02 14:50:24 C1010S3>Edwin None>None>None 127.0.0.1 127.0.0.1 /ProjectInfoSearch/ POST
[2024-12-02 14:50:24,392] [runserver.py:141] [runserver:log_action] [INFO]- HTTP POST /ProjectInfoSearch/ 200 [0.61, 127.0.0.1:60366]
[2024-12-02 14:54:24,174] [UserIP.py:90] [UserIP:process_response] [INFO]- 2024-12-02 14:54:24 C1010S3>Edwin None>None>None 127.0.0.1 127.0.0.1 /ProjectInfoSearch/ POST
[2024-12-02 14:54:24,187] [runserver.py:141] [runserver:log_action] [INFO]- HTTP POST /ProjectInfoSearch/ 200 [0.28, 127.0.0.1:64846]
[2024-12-02 15:05:33,598] [UserIP.py:90] [UserIP:process_response] [INFO]- 2024-12-02 15:05:33 C1010S3>Edwin None>None>None 127.0.0.1 127.0.0.1 /ProjectInfoSearch/ POST
[2024-12-02 15:05:33,624] [runserver.py:141] [runserver:log_action] [INFO]- HTTP POST /ProjectInfoSearch/ 200 [0.76, 127.0.0.1:60122]
[2024-12-02 15:06:04,868] [runserver.py:141] [runserver:log_action] [INFO]- HTTP GET /favicon.ico 200 [0.08, 127.0.0.1:60122]
[2024-12-02 15:08:34,203] [UserIP.py:90] [UserIP:process_response] [INFO]- 2024-12-02 15:08:34 C1010S3>Edwin None>None>None 127.0.0.1 127.0.0.1 /ProjectInfoSearch/ POST
[2024-12-02 15:08:34,234] [runserver.py:141] [runserver:log_action] [INFO]- HTTP POST /ProjectInfoSearch/ 200 [0.32, 127.0.0.1:61071]
[2024-12-02 15:15:51,542] [log.py:228] [log:log_response] [ERROR]- Internal Server Error: /ProjectInfoSearch/
Traceback (most recent call last):
  File "C:\Python372\mecheck\lib\site-packages\django\core\handlers\exception.py", line 34, in inner
    response = get_response(request)
  File "C:\Python372\mecheck\lib\site-packages\django\core\handlers\base.py", line 126, in _get_response
    response = self.process_exception_by_middleware(e, request)
  File "C:\Python372\mecheck\lib\site-packages\django\core\handlers\base.py", line 124, in _get_response
    response = wrapped_callback(request, *callback_args, **callback_kwargs)
  File "C:\Python372\mecheck\lib\site-packages\django\views\decorators\csrf.py", line 54, in wrapped_view
    return view_func(*args, **kwargs)
  File "C:\djangoproject\Reliability_Row_data\app01\views.py", line 352, in ProjectInfoSearch
    print(str(UserInfo.objects.filter(account=ProjectinfoinDCT.objects.filter(ComPrjCode='ForTest1').first().DQAPLNum).email))
AttributeError: 'QuerySet' object has no attribute 'email'
[2024-12-02 15:15:51,564] [UserIP.py:90] [UserIP:process_response] [INFO]- 2024-12-02 15:15:51 C1010S3>Edwin None>None>None 127.0.0.1 127.0.0.1 /ProjectInfoSearch/ POST
[2024-12-02 15:15:51,569] [runserver.py:154] [runserver:log_action] [ERROR]- HTTP POST /ProjectInfoSearch/ 500 [0.43, 127.0.0.1:49311]
[2024-12-02 15:18:13,183] [UserIP.py:90] [UserIP:process_response] [INFO]- 2024-12-02 15:18:13 C1010S3>Edwin None>None>None 127.0.0.1 127.0.0.1 /ProjectInfoSearch/ POST
[2024-12-02 15:18:13,221] [runserver.py:141] [runserver:log_action] [INFO]- HTTP POST /ProjectInfoSearch/ 200 [0.45, 127.0.0.1:64983]
[2024-12-02 15:27:45,665] [UserIP.py:90] [UserIP:process_response] [INFO]- 2024-12-02 15:27:45 C1010S3>Edwin None>None>None 127.0.0.1 127.0.0.1 /ProjectInfoSearch/ POST
[2024-12-02 15:27:45,685] [runserver.py:141] [runserver:log_action] [INFO]- HTTP POST /ProjectInfoSearch/ 200 [0.41, 127.0.0.1:50691]
[2024-12-02 15:29:27,799] [UserIP.py:90] [UserIP:process_response] [INFO]- 2024-12-02 15:29:27 C1010S3>Edwin None>None>None 127.0.0.1 127.0.0.1 /ProjectInfoSearch/ POST
[2024-12-02 15:29:27,831] [runserver.py:141] [runserver:log_action] [INFO]- HTTP POST /ProjectInfoSearch/ 200 [0.31, 127.0.0.1:57623]
[2024-12-02 15:31:59,848] [UserIP.py:90] [UserIP:process_response] [INFO]- 2024-12-02 15:31:59 C1010S3>Edwin None>None>None 127.0.0.1 127.0.0.1 /ProjectInfoSearch/ POST
[2024-12-02 15:31:59,885] [runserver.py:141] [runserver:log_action] [INFO]- HTTP POST /ProjectInfoSearch/ 200 [0.41, 127.0.0.1:62284]
[2024-12-02 15:33:07,249] [UserIP.py:90] [UserIP:process_response] [INFO]- 2024-12-02 15:33:07 C1010S3>Edwin None>None>None 127.0.0.1 127.0.0.1 /ProjectInfoSearch/ POST
[2024-12-02 15:33:07,290] [runserver.py:141] [runserver:log_action] [INFO]- HTTP POST /ProjectInfoSearch/ 200 [0.79, 127.0.0.1:62452]
[2024-12-02 15:35:32,958] [UserIP.py:90] [UserIP:process_response] [INFO]- 2024-12-02 15:35:32 C1010S3>Edwin None>None>None 127.0.0.1 127.0.0.1 /ProjectInfoSearch/ POST
[2024-12-02 15:35:32,977] [runserver.py:141] [runserver:log_action] [INFO]- HTTP POST /ProjectInfoSearch/ 200 [0.88, 127.0.0.1:61409]
[2024-12-02 15:38:27,209] [UserIP.py:90] [UserIP:process_response] [INFO]- 2024-12-02 15:38:27 C1010S3>Edwin None>None>None 127.0.0.1 127.0.0.1 /ProjectInfoSearch/ POST
[2024-12-02 15:38:27,221] [runserver.py:141] [runserver:log_action] [INFO]- HTTP POST /ProjectInfoSearch/ 200 [0.31, 127.0.0.1:54375]
[2024-12-02 15:39:15,048] [UserIP.py:90] [UserIP:process_response] [INFO]- 2024-12-02 15:39:15 C1010S3>Edwin None>None>None 127.0.0.1 127.0.0.1 /ProjectInfoSearch/ POST
[2024-12-02 15:39:15,067] [runserver.py:141] [runserver:log_action] [INFO]- HTTP POST /ProjectInfoSearch/ 200 [0.30, 127.0.0.1:54446]
[2024-12-02 15:40:27,907] [UserIP.py:90] [UserIP:process_response] [INFO]- 2024-12-02 15:40:27 C1010S3>Edwin None>None>None 127.0.0.1 127.0.0.1 /ProjectInfoSearch/ POST
[2024-12-02 15:40:27,924] [runserver.py:141] [runserver:log_action] [INFO]- HTTP POST /ProjectInfoSearch/ 200 [0.38, 127.0.0.1:64621]
[2024-12-02 15:46:11,557] [UserIP.py:90] [UserIP:process_response] [INFO]- 2024-12-02 15:46:11 C1010S3>Edwin None>None>None 127.0.0.1 127.0.0.1 /ProjectInfoSearch/ POST
[2024-12-02 15:46:11,583] [runserver.py:141] [runserver:log_action] [INFO]- HTTP POST /ProjectInfoSearch/ 200 [0.51, 127.0.0.1:50287]
[2024-12-02 16:32:06,883] [UserIP.py:90] [UserIP:process_response] [INFO]- 2024-12-02 16:32:06 C1010S3>Edwin None>None>None 127.0.0.1 127.0.0.1 /ProjectInfoSearch/ POST
[2024-12-02 16:32:06,906] [runserver.py:141] [runserver:log_action] [INFO]- HTTP POST /ProjectInfoSearch/ 200 [0.34, 127.0.0.1:51203]
[2024-12-02 16:44:35,334] [UserIP.py:90] [UserIP:process_response] [INFO]- 2024-12-02 16:44:35 C1010S3>Edwin None>None>None 127.0.0.1 127.0.0.1 /ProjectInfoSearch/ POST
[2024-12-02 16:44:35,359] [runserver.py:141] [runserver:log_action] [INFO]- HTTP POST /ProjectInfoSearch/ 200 [0.81, 127.0.0.1:62590]
[2024-12-02 16:47:15,331] [runserver.py:141] [runserver:log_action] [INFO]- HTTP GET /CriticalIssueCrossCheck/CriticalIssue_ProjectResult/ 200 [0.24, 127.0.0.1:63087]
[2024-12-02 16:47:15,542] [runserver.py:162] [runserver:log_action] [INFO]- WebSocket HANDSHAKING /ws/msg/Reliability_Row_data/ [127.0.0.1:63090]
[2024-12-02 16:47:15,661] [runserver.py:158] [runserver:log_action] [INFO]- WebSocket CONNECT /ws/msg/Reliability_Row_data/ [127.0.0.1:63090]
[2024-12-02 16:47:15,809] [runserver.py:141] [runserver:log_action] [INFO]- HTTP GET /CriticalIssueCrossCheck/CriticalIssue_ProjectResult/?action=get&csrfmiddlewaretoken=NTswE7QTvaY7lkOMGG78fslbGqj6Xxux5xUOVrkI7bamH2El43hl0obJrNwZAKrd 200 [0.03, 127.0.0.1:63087]
[2024-12-02 16:47:15,865] [runserver.py:141] [runserver:log_action] [INFO]- HTTP GET /favicon.ico 200 [0.04, 127.0.0.1:63087]
[2024-12-02 16:54:58,008] [UserIP.py:90] [UserIP:process_response] [INFO]- 2024-12-02 16:54:58 C1010S3>Edwin None>None>None 127.0.0.1 127.0.0.1 /ProjectInfoSearch/ POST
[2024-12-02 16:54:58,043] [runserver.py:141] [runserver:log_action] [INFO]- HTTP POST /ProjectInfoSearch/ 200 [0.73, 127.0.0.1:65406]
[2024-12-02 17:00:33,033] [UserIP.py:90] [UserIP:process_response] [INFO]- 2024-12-02 17:00:33 C1010S3>Edwin None>None>None 127.0.0.1 127.0.0.1 /ProjectInfoSearch/ POST
[2024-12-02 17:00:33,066] [runserver.py:141] [runserver:log_action] [INFO]- HTTP POST /ProjectInfoSearch/ 200 [0.36, 127.0.0.1:60907]
