[2025-05-08 11:30:49,660] [UserIP.py:93] [UserIP:process_response] [INFO]- 2025-05-08 11:30:49: C1010S3/AnonymousUser/Edwin> None/None/None > 127.0.0.1/127.0.0.1 > <AsgiRequest: GET '/CommonDevice/CommonDevice_edit/'>
[2025-05-08 11:30:49,679] [runserver.py:141] [runserver:log_action] [INFO]- HTTP GET /CommonDevice/CommonDevice_edit/ 200 [0.09, 127.0.0.1:55593]
[2025-05-08 11:30:49,781] [runserver.py:162] [runserver:log_action] [INFO]- WebSocket HANDSHAKING /ws/msg/Reliability_Row_data/ [127.0.0.1:55599]
[2025-05-08 11:30:49,824] [runserver.py:158] [runserver:log_action] [INFO]- WebSocket CONNECT /ws/msg/Reliability_Row_data/ [127.0.0.1:55599]
[2025-05-08 11:30:49,998] [UserIP.py:93] [UserIP:process_response] [INFO]- 2025-05-08 11:30:49: C1010S3/AnonymousUser/Edwin> None/None/None > 127.0.0.1/127.0.0.1 > <AsgiRequest: POST '/PersonalInfo/PublicArea/'>
[2025-05-08 11:30:50,010] [runserver.py:141] [runserver:log_action] [INFO]- HTTP POST /PersonalInfo/PublicArea/ 200 [0.03, 127.0.0.1:55593]
[2025-05-08 11:30:50,022] [UserIP.py:93] [UserIP:process_response] [INFO]- 2025-05-08 11:30:50: C1010S3/AnonymousUser/Edwin> None/None/None > 127.0.0.1/127.0.0.1 > <AsgiRequest: GET '/favicon.ico'>
[2025-05-08 11:30:50,037] [runserver.py:141] [runserver:log_action] [INFO]- HTTP GET /favicon.ico 200 [0.05, 127.0.0.1:55594]
[2025-05-08 11:30:52,876] [UserIP.py:93] [UserIP:process_response] [INFO]- 2025-05-08 11:30:52: C1010S3/AnonymousUser/Edwin> None/None/None > 127.0.0.1/127.0.0.1 > <AsgiRequest: GET '/admin/'>
[2025-05-08 11:30:52,886] [runserver.py:147] [runserver:log_action] [INFO]- HTTP GET /admin/ 302 [0.16, 127.0.0.1:55594]
[2025-05-08 11:30:52,927] [UserIP.py:93] [UserIP:process_response] [INFO]- 2025-05-08 11:30:52: C1010S3/AnonymousUser/Edwin> None/None/None > 127.0.0.1/127.0.0.1 > <AsgiRequest: GET '/admin/login/?next=/admin/'>
[2025-05-08 11:30:52,937] [runserver.py:141] [runserver:log_action] [INFO]- HTTP GET /admin/login/?next=/admin/ 200 [0.05, 127.0.0.1:55594]
[2025-05-08 11:30:53,038] [UserIP.py:93] [UserIP:process_response] [INFO]- 2025-05-08 11:30:53: C1010S3/AnonymousUser/Edwin> None/None/None > 127.0.0.1/127.0.0.1 > <AsgiRequest: GET '/favicon.ico'>
[2025-05-08 11:30:53,077] [runserver.py:141] [runserver:log_action] [INFO]- HTTP GET /favicon.ico 200 [0.06, 127.0.0.1:55594]
[2025-05-08 11:30:55,107] [UserIP.py:93] [UserIP:process_response] [INFO]- 2025-05-08 11:30:55: C1010S3/edwin/Edwin> None/None/None > 127.0.0.1/127.0.0.1 > <AsgiRequest: POST '/admin/login/?next=/admin/'>
[2025-05-08 11:30:55,117] [runserver.py:147] [runserver:log_action] [INFO]- HTTP POST /admin/login/?next=/admin/ 302 [0.39, 127.0.0.1:55594]
[2025-05-08 11:30:56,386] [UserIP.py:93] [UserIP:process_response] [INFO]- 2025-05-08 11:30:56: C1010S3/edwin/Edwin> None/None/None > 127.0.0.1/127.0.0.1 > <AsgiRequest: GET '/admin/'>
[2025-05-08 11:30:56,414] [runserver.py:141] [runserver:log_action] [INFO]- HTTP GET /admin/ 200 [1.29, 127.0.0.1:55594]
[2025-05-08 11:30:56,440] [runserver.py:145] [runserver:log_action] [INFO]- HTTP GET /static/admin/simpleui-x/automatic/segment.js?_=2022.4.9 304 [0.00, 127.0.0.1:55594]
[2025-05-08 11:30:56,569] [UserIP.py:93] [UserIP:process_response] [INFO]- 2025-05-08 11:30:56: C1010S3/edwin/Edwin> None/None/None > 127.0.0.1/127.0.0.1 > <AsgiRequest: GET '/favicon.ico'>
[2025-05-08 11:30:56,605] [runserver.py:141] [runserver:log_action] [INFO]- HTTP GET /favicon.ico 200 [0.08, 127.0.0.1:55594]
[2025-05-08 11:31:05,007] [UserIP.py:93] [UserIP:process_response] [INFO]- 2025-05-08 11:31:05: C1010S3/edwin/Edwin> None/None/None > 127.0.0.1/127.0.0.1 > <AsgiRequest: GET '/admin/CommonDevice/commondevice/'>
[2025-05-08 11:31:05,029] [runserver.py:141] [runserver:log_action] [INFO]- HTTP GET /admin/CommonDevice/commondevice/ 200 [0.25, 127.0.0.1:55594]
[2025-05-08 11:31:05,062] [UserIP.py:93] [UserIP:process_response] [INFO]- 2025-05-08 11:31:05: C1010S3/edwin/Edwin> None/None/None > 127.0.0.1/127.0.0.1 > <AsgiRequest: GET '/favicon.ico'>
[2025-05-08 11:31:05,099] [runserver.py:141] [runserver:log_action] [INFO]- HTTP GET /favicon.ico 200 [0.31, 127.0.0.1:55593]
[2025-05-08 11:31:05,138] [UserIP.py:93] [UserIP:process_response] [INFO]- 2025-05-08 11:31:05: C1010S3/edwin/Edwin> None/None/None > 127.0.0.1/127.0.0.1 > <AsgiRequest: GET '/admin/jsi18n/'>
[2025-05-08 11:31:05,153] [runserver.py:141] [runserver:log_action] [INFO]- HTTP GET /admin/jsi18n/ 200 [0.10, 127.0.0.1:55594]
[2025-05-08 11:31:05,160] [runserver.py:145] [runserver:log_action] [INFO]- HTTP GET /static/admin/simpleui-x/automatic/segment.js 304 [0.11, 127.0.0.1:55665]
[2025-05-08 11:31:06,936] [UserIP.py:93] [UserIP:process_response] [INFO]- 2025-05-08 11:31:06: C1010S3/edwin/Edwin> None/None/None > 127.0.0.1/127.0.0.1 > <AsgiRequest: GET '/admin/CommonDevice/commondevice/2/change/'>
[2025-05-08 11:31:06,957] [runserver.py:141] [runserver:log_action] [INFO]- HTTP GET /admin/CommonDevice/commondevice/2/change/ 200 [0.28, 127.0.0.1:55665]
[2025-05-08 11:31:06,996] [UserIP.py:93] [UserIP:process_response] [INFO]- 2025-05-08 11:31:06: C1010S3/edwin/Edwin> None/None/None > 127.0.0.1/127.0.0.1 > <AsgiRequest: GET '/admin/jsi18n/'>
[2025-05-08 11:31:07,015] [runserver.py:141] [runserver:log_action] [INFO]- HTTP GET /admin/jsi18n/ 200 [0.04, 127.0.0.1:55665]
[2025-05-08 11:31:26,606] [log.py:228] [log:log_response] [ERROR]- Internal Server Error: /admin/CommonDevice/commondevice/2/change/
Traceback (most recent call last):
  File "C:\Python3129\mecheck\lib\site-packages\django\core\handlers\exception.py", line 34, in inner
    response = get_response(request)
  File "C:\Python3129\mecheck\lib\site-packages\django\core\handlers\base.py", line 126, in _get_response
    response = self.process_exception_by_middleware(e, request)
  File "C:\Python3129\mecheck\lib\site-packages\django\core\handlers\base.py", line 124, in _get_response
    response = wrapped_callback(request, *callback_args, **callback_kwargs)
  File "C:\Python3129\mecheck\lib\site-packages\django\contrib\admin\options.py", line 604, in wrapper
    return self.admin_site.admin_view(view)(*args, **kwargs)
  File "C:\Python3129\mecheck\lib\site-packages\django\utils\decorators.py", line 142, in _wrapped_view
    response = view_func(request, *args, **kwargs)
  File "C:\Python3129\mecheck\lib\site-packages\django\views\decorators\cache.py", line 44, in _wrapped_view_func
    response = view_func(request, *args, **kwargs)
  File "C:\Python3129\mecheck\lib\site-packages\django\contrib\admin\sites.py", line 223, in inner
    return view(request, *args, **kwargs)
  File "C:\Python3129\mecheck\lib\site-packages\django\contrib\admin\options.py", line 1640, in change_view
    return self.changeform_view(request, object_id, form_url, extra_context)
  File "C:\Python3129\mecheck\lib\site-packages\django\utils\decorators.py", line 45, in _wrapper
    return bound_method(*args, **kwargs)
  File "C:\Python3129\mecheck\lib\site-packages\django\utils\decorators.py", line 142, in _wrapped_view
    response = view_func(request, *args, **kwargs)
  File "C:\Python3129\mecheck\lib\site-packages\django\contrib\admin\options.py", line 1525, in changeform_view
    return self._changeform_view(request, object_id, form_url, extra_context)
  File "C:\Python3129\mecheck\lib\site-packages\django\contrib\admin\options.py", line 1564, in _changeform_view
    self.save_model(request, new_object, form, not add)
  File "C:\Python3129\mecheck\lib\site-packages\django\contrib\admin\options.py", line 1091, in save_model
    obj.save()
  File "C:\djangoproject\Reliability_Row_data\CommonDevice\models.py", line 36, in save
    if not self.password_hash.startswith('pbkdf2_sha256$'):
AttributeError: 'CommonDevice' object has no attribute 'password_hash'
[2025-05-08 11:31:26,614] [UserIP.py:93] [UserIP:process_response] [INFO]- 2025-05-08 11:31:26: C1010S3/edwin/Edwin> None/None/None > 127.0.0.1/127.0.0.1 > <AsgiRequest: POST '/admin/CommonDevice/commondevice/2/change/'>
[2025-05-08 11:31:26,616] [runserver.py:154] [runserver:log_action] [ERROR]- HTTP POST /admin/CommonDevice/commondevice/2/change/ 500 [0.13, 127.0.0.1:55665]
[2025-05-08 11:31:32,118] [UserIP.py:93] [UserIP:process_response] [INFO]- 2025-05-08 11:31:32: C1010S3/edwin/Edwin> None/None/None > 127.0.0.1/127.0.0.1 > <AsgiRequest: GET '/admin/CommonDevice/commondevice/2/change/'>
[2025-05-08 11:31:32,152] [runserver.py:141] [runserver:log_action] [INFO]- HTTP GET /admin/CommonDevice/commondevice/2/change/ 200 [0.28, 127.0.0.1:55665]
[2025-05-08 11:32:21,896] [UserIP.py:93] [UserIP:process_response] [INFO]- 2025-05-08 11:32:21: C1010S3/edwin/Edwin> None/None/None > 127.0.0.1/127.0.0.1 > <AsgiRequest: GET '/admin/CommonDevice/commondevice/'>
[2025-05-08 11:32:21,922] [runserver.py:141] [runserver:log_action] [INFO]- HTTP GET /admin/CommonDevice/commondevice/ 200 [0.31, 127.0.0.1:55852]
[2025-05-08 11:32:23,588] [UserIP.py:93] [UserIP:process_response] [INFO]- 2025-05-08 11:32:23: C1010S3/edwin/Edwin> None/None/None > 127.0.0.1/127.0.0.1 > <AsgiRequest: GET '/admin/CommonDevice/commondevice/2/change/'>
[2025-05-08 11:32:23,595] [runserver.py:141] [runserver:log_action] [INFO]- HTTP GET /admin/CommonDevice/commondevice/2/change/ 200 [0.09, 127.0.0.1:55852]
[2025-05-08 11:32:23,633] [UserIP.py:93] [UserIP:process_response] [INFO]- 2025-05-08 11:32:23: C1010S3/edwin/Edwin> None/None/None > 127.0.0.1/127.0.0.1 > <AsgiRequest: GET '/admin/jsi18n/'>
[2025-05-08 11:32:23,645] [runserver.py:141] [runserver:log_action] [INFO]- HTTP GET /admin/jsi18n/ 200 [0.04, 127.0.0.1:55852]
[2025-05-08 11:32:27,425] [UserIP.py:93] [UserIP:process_response] [INFO]- 2025-05-08 11:32:27: C1010S3/edwin/Edwin> None/None/None > 127.0.0.1/127.0.0.1 > <AsgiRequest: POST '/admin/CommonDevice/commondevice/2/change/'>
[2025-05-08 11:32:27,438] [runserver.py:147] [runserver:log_action] [INFO]- HTTP POST /admin/CommonDevice/commondevice/2/change/ 302 [0.09, 127.0.0.1:55852]
[2025-05-08 11:32:27,872] [log.py:228] [log:log_response] [ERROR]- Internal Server Error: /admin/CommonDevice/commondevice/
Traceback (most recent call last):
  File "C:\Python3129\mecheck\lib\site-packages\django\db\models\options.py", line 564, in get_field
    return self.fields_map[field_name]
KeyError: 'show_user'

During handling of the above exception, another exception occurred:

Traceback (most recent call last):
  File "C:\Python3129\mecheck\lib\site-packages\django\contrib\admin\utils.py", line 278, in lookup_field
    f = _get_non_gfk_field(opts, name)
  File "C:\Python3129\mecheck\lib\site-packages\django\contrib\admin\utils.py", line 309, in _get_non_gfk_field
    field = opts.get_field(name)
  File "C:\Python3129\mecheck\lib\site-packages\django\db\models\options.py", line 566, in get_field
    raise FieldDoesNotExist("%s has no field named '%s'" % (self.object_name, field_name))
django.core.exceptions.FieldDoesNotExist: CommonDevice has no field named 'show_user'

During handling of the above exception, another exception occurred:

Traceback (most recent call last):
  File "C:\Python3129\mecheck\lib\site-packages\django\core\handlers\exception.py", line 34, in inner
    response = get_response(request)
  File "C:\Python3129\mecheck\lib\site-packages\django\core\handlers\base.py", line 156, in _get_response
    response = self.process_exception_by_middleware(e, request)
  File "C:\Python3129\mecheck\lib\site-packages\django\core\handlers\base.py", line 154, in _get_response
    response = response.render()
  File "C:\Python3129\mecheck\lib\site-packages\django\template\response.py", line 106, in render
    self.content = self.rendered_content
  File "C:\Python3129\mecheck\lib\site-packages\django\template\response.py", line 83, in rendered_content
    content = template.render(context, self._request)
  File "C:\Python3129\mecheck\lib\site-packages\django\template\backends\django.py", line 61, in render
    return self.template.render(context)
  File "C:\Python3129\mecheck\lib\site-packages\django\template\base.py", line 171, in render
    return self._render(context)
  File "C:\Python3129\mecheck\lib\site-packages\django\template\base.py", line 163, in _render
    return self.nodelist.render(context)
  File "C:\Python3129\mecheck\lib\site-packages\django\template\base.py", line 937, in render
    bit = node.render_annotated(context)
  File "C:\Python3129\mecheck\lib\site-packages\django\template\base.py", line 904, in render_annotated
    return self.render(context)
  File "C:\Python3129\mecheck\lib\site-packages\django\template\loader_tags.py", line 150, in render
    return compiled_parent._render(context)
  File "C:\Python3129\mecheck\lib\site-packages\django\template\base.py", line 163, in _render
    return self.nodelist.render(context)
  File "C:\Python3129\mecheck\lib\site-packages\django\template\base.py", line 937, in render
    bit = node.render_annotated(context)
  File "C:\Python3129\mecheck\lib\site-packages\django\template\base.py", line 904, in render_annotated
    return self.render(context)
  File "C:\Python3129\mecheck\lib\site-packages\django\template\loader_tags.py", line 150, in render
    return compiled_parent._render(context)
  File "C:\Python3129\mecheck\lib\site-packages\django\template\base.py", line 163, in _render
    return self.nodelist.render(context)
  File "C:\Python3129\mecheck\lib\site-packages\django\template\base.py", line 937, in render
    bit = node.render_annotated(context)
  File "C:\Python3129\mecheck\lib\site-packages\django\template\base.py", line 904, in render_annotated
    return self.render(context)
  File "C:\Python3129\mecheck\lib\site-packages\django\template\loader_tags.py", line 62, in render
    result = block.nodelist.render(context)
  File "C:\Python3129\mecheck\lib\site-packages\django\template\base.py", line 937, in render
    bit = node.render_annotated(context)
  File "C:\Python3129\mecheck\lib\site-packages\django\template\base.py", line 904, in render_annotated
    return self.render(context)
  File "C:\Python3129\mecheck\lib\site-packages\django\template\loader_tags.py", line 62, in render
    result = block.nodelist.render(context)
  File "C:\Python3129\mecheck\lib\site-packages\django\template\base.py", line 937, in render
    bit = node.render_annotated(context)
  File "C:\Python3129\mecheck\lib\site-packages\django\template\base.py", line 904, in render_annotated
    return self.render(context)
  File "C:\Python3129\mecheck\lib\site-packages\django\contrib\admin\templatetags\base.py", line 33, in render
    return super().render(context)
  File "C:\Python3129\mecheck\lib\site-packages\django\template\library.py", line 214, in render
    _dict = self.func(*resolved_args, **resolved_kwargs)
  File "C:\Python3129\mecheck\lib\site-packages\django\contrib\admin\templatetags\admin_list.py", line 341, in result_list
    'results': list(results(cl))}
  File "C:\Python3129\mecheck\lib\site-packages\django\contrib\admin\templatetags\admin_list.py", line 318, in results
    yield ResultList(None, items_for_result(cl, res, None))
  File "C:\Python3129\mecheck\lib\site-packages\django\contrib\admin\templatetags\admin_list.py", line 309, in __init__
    super().__init__(*items)
  File "C:\Python3129\mecheck\lib\site-packages\django\contrib\admin\templatetags\admin_list.py", line 228, in items_for_result
    f, attr, value = lookup_field(field_name, result, cl.model_admin)
  File "C:\Python3129\mecheck\lib\site-packages\django\contrib\admin\utils.py", line 287, in lookup_field
    value = attr(obj)
  File "C:\djangoproject\Reliability_Row_data\CommonDevice\admin.py", line 16, in show_user
    user_list.append(user.name)
AttributeError: 'UserInfo' object has no attribute 'name'
[2025-05-08 11:32:27,902] [UserIP.py:93] [UserIP:process_response] [INFO]- 2025-05-08 11:32:27: C1010S3/edwin/Edwin> None/None/None > 127.0.0.1/127.0.0.1 > <AsgiRequest: GET '/admin/CommonDevice/commondevice/'>
[2025-05-08 11:32:27,905] [runserver.py:154] [runserver:log_action] [ERROR]- HTTP GET /admin/CommonDevice/commondevice/ 500 [0.46, 127.0.0.1:55852]
[2025-05-08 11:36:15,542] [UserIP.py:93] [UserIP:process_response] [INFO]- 2025-05-08 11:36:15: C1010S3/edwin/Edwin> None/None/None > 127.0.0.1/127.0.0.1 > <AsgiRequest: GET '/admin/CommonDevice/commondevice/2/change/'>
[2025-05-08 11:36:15,550] [runserver.py:141] [runserver:log_action] [INFO]- HTTP GET /admin/CommonDevice/commondevice/2/change/ 200 [0.29, 127.0.0.1:61461]
[2025-05-08 11:36:16,564] [UserIP.py:93] [UserIP:process_response] [INFO]- 2025-05-08 11:36:16: C1010S3/edwin/Edwin> None/None/None > 127.0.0.1/127.0.0.1 > <AsgiRequest: GET '/admin/CommonDevice/commondevice/'>
[2025-05-08 11:36:16,570] [runserver.py:141] [runserver:log_action] [INFO]- HTTP GET /admin/CommonDevice/commondevice/ 200 [0.08, 127.0.0.1:61461]
[2025-05-08 11:36:18,119] [UserIP.py:93] [UserIP:process_response] [INFO]- 2025-05-08 11:36:18: C1010S3/edwin/Edwin> None/None/None > 127.0.0.1/127.0.0.1 > <AsgiRequest: GET '/admin/CommonDevice/commondevice/2/change/'>
[2025-05-08 11:36:18,128] [runserver.py:141] [runserver:log_action] [INFO]- HTTP GET /admin/CommonDevice/commondevice/2/change/ 200 [0.08, 127.0.0.1:61461]
[2025-05-08 11:36:18,161] [UserIP.py:93] [UserIP:process_response] [INFO]- 2025-05-08 11:36:18: C1010S3/edwin/Edwin> None/None/None > 127.0.0.1/127.0.0.1 > <AsgiRequest: GET '/admin/jsi18n/'>
[2025-05-08 11:36:18,169] [runserver.py:141] [runserver:log_action] [INFO]- HTTP GET /admin/jsi18n/ 200 [0.03, 127.0.0.1:61461]
[2025-05-08 11:36:22,911] [UserIP.py:93] [UserIP:process_response] [INFO]- 2025-05-08 11:36:22: C1010S3/edwin/Edwin> None/None/None > 127.0.0.1/127.0.0.1 > <AsgiRequest: POST '/admin/CommonDevice/commondevice/2/change/'>
[2025-05-08 11:36:22,929] [runserver.py:147] [runserver:log_action] [INFO]- HTTP POST /admin/CommonDevice/commondevice/2/change/ 302 [0.08, 127.0.0.1:61461]
[2025-05-08 11:36:23,101] [UserIP.py:93] [UserIP:process_response] [INFO]- 2025-05-08 11:36:23: C1010S3/edwin/Edwin> None/None/None > 127.0.0.1/127.0.0.1 > <AsgiRequest: GET '/admin/CommonDevice/commondevice/'>
[2025-05-08 11:36:23,117] [runserver.py:141] [runserver:log_action] [INFO]- HTTP GET /admin/CommonDevice/commondevice/ 200 [0.18, 127.0.0.1:61461]
[2025-05-08 11:36:23,169] [UserIP.py:93] [UserIP:process_response] [INFO]- 2025-05-08 11:36:23: C1010S3/edwin/Edwin> None/None/None > 127.0.0.1/127.0.0.1 > <AsgiRequest: GET '/admin/jsi18n/'>
[2025-05-08 11:36:23,182] [runserver.py:141] [runserver:log_action] [INFO]- HTTP GET /admin/jsi18n/ 200 [0.05, 127.0.0.1:61461]
[2025-05-08 11:53:44,746] [UserIP.py:93] [UserIP:process_response] [INFO]- 2025-05-08 11:53:44: C1010S3/edwin/Edwin> None/None/None > 127.0.0.1/127.0.0.1 > <AsgiRequest: GET '/admin/CommonDevice/commondevice/2/change/'>
[2025-05-08 11:53:44,761] [runserver.py:141] [runserver:log_action] [INFO]- HTTP GET /admin/CommonDevice/commondevice/2/change/ 200 [0.26, 127.0.0.1:51130]
[2025-05-08 11:53:44,807] [UserIP.py:93] [UserIP:process_response] [INFO]- 2025-05-08 11:53:44: C1010S3/edwin/Edwin> None/None/None > 127.0.0.1/127.0.0.1 > <AsgiRequest: GET '/admin/jsi18n/'>
[2025-05-08 11:53:44,827] [runserver.py:141] [runserver:log_action] [INFO]- HTTP GET /admin/jsi18n/ 200 [0.04, 127.0.0.1:51130]
[2025-05-08 11:53:56,916] [UserIP.py:93] [UserIP:process_response] [INFO]- 2025-05-08 11:53:56: C1010S3/edwin/Edwin> None/None/None > 127.0.0.1/127.0.0.1 > <AsgiRequest: GET '/admin/app01/userinfo/add/?_to_field=id&_popup=1'>
[2025-05-08 11:53:56,929] [runserver.py:141] [runserver:log_action] [INFO]- HTTP GET /admin/app01/userinfo/add/?_to_field=id&_popup=1 200 [0.17, 127.0.0.1:51130]
[2025-05-08 11:53:56,963] [UserIP.py:93] [UserIP:process_response] [INFO]- 2025-05-08 11:53:56: C1010S3/edwin/Edwin> None/None/None > 127.0.0.1/127.0.0.1 > <AsgiRequest: GET '/admin/jsi18n/'>
[2025-05-08 11:53:56,977] [runserver.py:141] [runserver:log_action] [INFO]- HTTP GET /admin/jsi18n/ 200 [0.03, 127.0.0.1:51130]
[2025-05-08 11:53:56,983] [runserver.py:145] [runserver:log_action] [INFO]- HTTP GET /static/admin/js/collapse.js 304 [0.04, 127.0.0.1:61462]
[2025-05-08 11:54:07,056] [UserIP.py:95] [UserIP:process_response] [CRITICAL]- 系统错误: (2003, "Can't connect to MySQL server on '127.0.0.1' (timed out)")
[2025-05-08 11:54:07,137] [runserver.py:141] [runserver:log_action] [INFO]- HTTP GET /favicon.ico 200 [10.10, 127.0.0.1:61462]
[2025-05-08 11:55:20,125] [UserIP.py:93] [UserIP:process_response] [INFO]- 2025-05-08 11:55:20: C1010S3/edwin/Edwin> None/None/None > 127.0.0.1/127.0.0.1 > <AsgiRequest: GET '/admin/app01/userinfo/add/?_to_field=id&_popup=1'>
[2025-05-08 11:55:20,139] [runserver.py:141] [runserver:log_action] [INFO]- HTTP GET /admin/app01/userinfo/add/?_to_field=id&_popup=1 200 [0.16, 127.0.0.1:61538]
[2025-05-08 11:55:20,188] [UserIP.py:93] [UserIP:process_response] [INFO]- 2025-05-08 11:55:20: C1010S3/edwin/Edwin> None/None/None > 127.0.0.1/127.0.0.1 > <AsgiRequest: GET '/admin/jsi18n/'>
[2025-05-08 11:55:20,208] [runserver.py:141] [runserver:log_action] [INFO]- HTTP GET /admin/jsi18n/ 200 [0.05, 127.0.0.1:61538]
[2025-05-08 11:55:20,265] [UserIP.py:93] [UserIP:process_response] [INFO]- 2025-05-08 11:55:20: C1010S3/edwin/Edwin> None/None/None > 127.0.0.1/127.0.0.1 > <AsgiRequest: GET '/favicon.ico'>
[2025-05-08 11:55:20,296] [runserver.py:141] [runserver:log_action] [INFO]- HTTP GET /favicon.ico 200 [0.05, 127.0.0.1:61538]
[2025-05-08 11:58:36,261] [UserIP.py:93] [UserIP:process_response] [INFO]- 2025-05-08 11:58:36: C1010S3/edwin/Edwin> None/None/None > 127.0.0.1/127.0.0.1 > <AsgiRequest: GET '/admin/CommonDevice/commondevice/'>
[2025-05-08 11:58:36,270] [runserver.py:141] [runserver:log_action] [INFO]- HTTP GET /admin/CommonDevice/commondevice/ 200 [0.36, 127.0.0.1:64846]
[2025-05-08 11:58:38,091] [UserIP.py:93] [UserIP:process_response] [INFO]- 2025-05-08 11:58:38: C1010S3/edwin/Edwin> None/None/None > 127.0.0.1/127.0.0.1 > <AsgiRequest: GET '/admin/'>
[2025-05-08 11:58:38,106] [runserver.py:141] [runserver:log_action] [INFO]- HTTP GET /admin/ 200 [0.49, 127.0.0.1:64846]
[2025-05-08 11:58:38,271] [UserIP.py:93] [UserIP:process_response] [INFO]- 2025-05-08 11:58:38: C1010S3/edwin/Edwin> None/None/None > 127.0.0.1/127.0.0.1 > <AsgiRequest: GET '/admin/CommonDevice/commondevice/'>
[2025-05-08 11:58:38,286] [runserver.py:141] [runserver:log_action] [INFO]- HTTP GET /admin/CommonDevice/commondevice/ 200 [0.10, 127.0.0.1:64846]
[2025-05-08 11:58:38,318] [UserIP.py:93] [UserIP:process_response] [INFO]- 2025-05-08 11:58:38: C1010S3/edwin/Edwin> None/None/None > 127.0.0.1/127.0.0.1 > <AsgiRequest: GET '/admin/jsi18n/'>
[2025-05-08 11:58:38,329] [runserver.py:141] [runserver:log_action] [INFO]- HTTP GET /admin/jsi18n/ 200 [0.03, 127.0.0.1:64846]
[2025-05-08 11:58:38,438] [UserIP.py:93] [UserIP:process_response] [INFO]- 2025-05-08 11:58:38: C1010S3/edwin/Edwin> None/None/None > 127.0.0.1/127.0.0.1 > <AsgiRequest: GET '/favicon.ico'>
[2025-05-08 11:58:38,468] [runserver.py:141] [runserver:log_action] [INFO]- HTTP GET /favicon.ico 200 [0.06, 127.0.0.1:64846]
[2025-05-08 11:58:39,446] [UserIP.py:93] [UserIP:process_response] [INFO]- 2025-05-08 11:58:39: C1010S3/edwin/Edwin> None/None/None > 127.0.0.1/127.0.0.1 > <AsgiRequest: GET '/admin/CommonDevice/commondevice/2/change/'>
[2025-05-08 11:58:39,455] [runserver.py:141] [runserver:log_action] [INFO]- HTTP GET /admin/CommonDevice/commondevice/2/change/ 200 [0.08, 127.0.0.1:64846]
[2025-05-08 11:58:39,488] [UserIP.py:93] [UserIP:process_response] [INFO]- 2025-05-08 11:58:39: C1010S3/edwin/Edwin> None/None/None > 127.0.0.1/127.0.0.1 > <AsgiRequest: GET '/admin/jsi18n/'>
[2025-05-08 11:58:39,501] [runserver.py:141] [runserver:log_action] [INFO]- HTTP GET /admin/jsi18n/ 200 [0.04, 127.0.0.1:64846]
[2025-05-08 11:58:48,671] [UserIP.py:93] [UserIP:process_response] [INFO]- 2025-05-08 11:58:48: C1010S3/edwin/Edwin> None/None/None > 127.0.0.1/127.0.0.1 > <AsgiRequest: GET '/admin/CommonDevice/commondevice/'>
[2025-05-08 11:58:48,687] [runserver.py:141] [runserver:log_action] [INFO]- HTTP GET /admin/CommonDevice/commondevice/ 200 [0.22, 127.0.0.1:64846]
[2025-05-08 11:58:48,716] [UserIP.py:93] [UserIP:process_response] [INFO]- 2025-05-08 11:58:48: C1010S3/edwin/Edwin> None/None/None > 127.0.0.1/127.0.0.1 > <AsgiRequest: GET '/admin/jsi18n/'>
[2025-05-08 11:58:48,731] [runserver.py:141] [runserver:log_action] [INFO]- HTTP GET /admin/jsi18n/ 200 [0.03, 127.0.0.1:64846]
[2025-05-08 12:00:11,310] [UserIP.py:93] [UserIP:process_response] [INFO]- 2025-05-08 12:00:11: C1010S3/edwin/Edwin> None/None/None > 127.0.0.1/127.0.0.1 > <AsgiRequest: GET '/admin/app01/role/'>
[2025-05-08 12:00:11,328] [runserver.py:141] [runserver:log_action] [INFO]- HTTP GET /admin/app01/role/ 200 [2.24, 127.0.0.1:61681]
[2025-05-08 12:00:11,359] [UserIP.py:93] [UserIP:process_response] [INFO]- 2025-05-08 12:00:11: C1010S3/edwin/Edwin> None/None/None > 127.0.0.1/127.0.0.1 > <AsgiRequest: GET '/favicon.ico'>
[2025-05-08 12:00:11,383] [runserver.py:141] [runserver:log_action] [INFO]- HTTP GET /favicon.ico 200 [2.28, 127.0.0.1:63742]
[2025-05-08 12:00:12,926] [UserIP.py:93] [UserIP:process_response] [INFO]- 2025-05-08 12:00:12: C1010S3/edwin/Edwin> None/None/None > 127.0.0.1/127.0.0.1 > <AsgiRequest: GET '/admin/app01/userinfo/'>
[2025-05-08 12:00:12,960] [runserver.py:141] [runserver:log_action] [INFO]- HTTP GET /admin/app01/userinfo/ 200 [2.97, 127.0.0.1:64798]
[2025-05-08 12:00:12,994] [UserIP.py:93] [UserIP:process_response] [INFO]- 2025-05-08 12:00:12: C1010S3/edwin/Edwin> None/None/None > 127.0.0.1/127.0.0.1 > <AsgiRequest: GET '/admin/jsi18n/'>
[2025-05-08 12:00:13,005] [runserver.py:141] [runserver:log_action] [INFO]- HTTP GET /admin/jsi18n/ 200 [1.66, 127.0.0.1:61681]
[2025-05-08 12:00:13,053] [UserIP.py:93] [UserIP:process_response] [INFO]- 2025-05-08 12:00:13: C1010S3/edwin/Edwin> None/None/None > 127.0.0.1/127.0.0.1 > <AsgiRequest: GET '/favicon.ico'>
[2025-05-08 12:00:13,086] [runserver.py:141] [runserver:log_action] [INFO]- HTTP GET /favicon.ico 200 [1.70, 127.0.0.1:63742]
[2025-05-08 12:00:13,119] [UserIP.py:93] [UserIP:process_response] [INFO]- 2025-05-08 12:00:13: C1010S3/edwin/Edwin> None/None/None > 127.0.0.1/127.0.0.1 > <AsgiRequest: GET '/admin/jsi18n/'>
[2025-05-08 12:00:13,137] [runserver.py:141] [runserver:log_action] [INFO]- HTTP GET /admin/jsi18n/ 200 [0.13, 127.0.0.1:64798]
[2025-05-08 12:00:14,830] [UserIP.py:93] [UserIP:process_response] [INFO]- 2025-05-08 12:00:14: C1010S3/edwin/Edwin> None/None/None > 127.0.0.1/127.0.0.1 > <AsgiRequest: GET '/admin/app01/userinfo/add/'>
[2025-05-08 12:00:14,843] [runserver.py:141] [runserver:log_action] [INFO]- HTTP GET /admin/app01/userinfo/add/ 200 [0.15, 127.0.0.1:64798]
[2025-05-08 12:00:14,878] [UserIP.py:93] [UserIP:process_response] [INFO]- 2025-05-08 12:00:14: C1010S3/edwin/Edwin> None/None/None > 127.0.0.1/127.0.0.1 > <AsgiRequest: GET '/admin/jsi18n/'>
[2025-05-08 12:00:14,896] [runserver.py:141] [runserver:log_action] [INFO]- HTTP GET /admin/jsi18n/ 200 [0.03, 127.0.0.1:64798]
[2025-05-08 12:00:19,614] [UserIP.py:93] [UserIP:process_response] [INFO]- 2025-05-08 12:00:19: C1010S3/edwin/Edwin> None/None/None > 127.0.0.1/127.0.0.1 > <AsgiRequest: GET '/admin/app01/userinfo/'>
[2025-05-08 12:00:19,629] [runserver.py:141] [runserver:log_action] [INFO]- HTTP GET /admin/app01/userinfo/ 200 [1.54, 127.0.0.1:64798]
[2025-05-08 12:00:19,663] [UserIP.py:93] [UserIP:process_response] [INFO]- 2025-05-08 12:00:19: C1010S3/edwin/Edwin> None/None/None > 127.0.0.1/127.0.0.1 > <AsgiRequest: GET '/favicon.ico'>
[2025-05-08 12:00:19,701] [runserver.py:141] [runserver:log_action] [INFO]- HTTP GET /favicon.ico 200 [0.27, 127.0.0.1:63742]
[2025-05-08 12:00:19,732] [UserIP.py:93] [UserIP:process_response] [INFO]- 2025-05-08 12:00:19: C1010S3/edwin/Edwin> None/None/None > 127.0.0.1/127.0.0.1 > <AsgiRequest: GET '/admin/jsi18n/'>
[2025-05-08 12:00:19,745] [runserver.py:141] [runserver:log_action] [INFO]- HTTP GET /admin/jsi18n/ 200 [0.09, 127.0.0.1:61681]
[2025-05-08 12:00:21,710] [UserIP.py:93] [UserIP:process_response] [INFO]- 2025-05-08 12:00:21: C1010S3/edwin/Edwin> None/None/None > 127.0.0.1/127.0.0.1 > <AsgiRequest: GET '/admin/app01/role/add/'>
[2025-05-08 12:00:21,725] [runserver.py:141] [runserver:log_action] [INFO]- HTTP GET /admin/app01/role/add/ 200 [0.56, 127.0.0.1:61681]
[2025-05-08 12:00:21,756] [UserIP.py:93] [UserIP:process_response] [INFO]- 2025-05-08 12:00:21: C1010S3/edwin/Edwin> None/None/None > 127.0.0.1/127.0.0.1 > <AsgiRequest: GET '/admin/jsi18n/'>
[2025-05-08 12:00:21,770] [runserver.py:141] [runserver:log_action] [INFO]- HTTP GET /admin/jsi18n/ 200 [0.03, 127.0.0.1:61681]
[2025-05-08 12:02:39,319] [UserIP.py:93] [UserIP:process_response] [INFO]- 2025-05-08 12:02:39: C1010S3/edwin/Edwin> None/None/None > 127.0.0.1/127.0.0.1 > <AsgiRequest: GET '/admin/app01/role/'>
[2025-05-08 12:02:39,333] [runserver.py:141] [runserver:log_action] [INFO]- HTTP GET /admin/app01/role/ 200 [1.13, 127.0.0.1:61536]
[2025-05-08 12:02:39,358] [UserIP.py:93] [UserIP:process_response] [INFO]- 2025-05-08 12:02:39: C1010S3/edwin/Edwin> None/None/None > 127.0.0.1/127.0.0.1 > <AsgiRequest: GET '/favicon.ico'>
[2025-05-08 12:02:39,386] [runserver.py:141] [runserver:log_action] [INFO]- HTTP GET /favicon.ico 200 [0.66, 127.0.0.1:61532]
[2025-05-08 12:02:39,398] [UserIP.py:93] [UserIP:process_response] [INFO]- 2025-05-08 12:02:39: C1010S3/edwin/Edwin> None/None/None > 127.0.0.1/127.0.0.1 > <AsgiRequest: GET '/admin/jsi18n/'>
[2025-05-08 12:02:39,411] [runserver.py:141] [runserver:log_action] [INFO]- HTTP GET /admin/jsi18n/ 200 [0.06, 127.0.0.1:61536]
[2025-05-08 12:02:40,489] [UserIP.py:93] [UserIP:process_response] [INFO]- 2025-05-08 12:02:40: C1010S3/edwin/Edwin> None/None/None > 127.0.0.1/127.0.0.1 > <AsgiRequest: GET '/admin/'>
[2025-05-08 12:02:40,514] [runserver.py:141] [runserver:log_action] [INFO]- HTTP GET /admin/ 200 [0.62, 127.0.0.1:61536]
[2025-05-08 12:02:40,678] [UserIP.py:93] [UserIP:process_response] [INFO]- 2025-05-08 12:02:40: C1010S3/edwin/Edwin> None/None/None > 127.0.0.1/127.0.0.1 > <AsgiRequest: GET '/admin/CommonDevice/commondevice/'>
[2025-05-08 12:02:40,690] [runserver.py:141] [runserver:log_action] [INFO]- HTTP GET /admin/CommonDevice/commondevice/ 200 [0.09, 127.0.0.1:61536]
[2025-05-08 12:02:40,711] [UserIP.py:93] [UserIP:process_response] [INFO]- 2025-05-08 12:02:40: C1010S3/edwin/Edwin> None/None/None > 127.0.0.1/127.0.0.1 > <AsgiRequest: GET '/admin/jsi18n/'>
[2025-05-08 12:02:40,724] [runserver.py:141] [runserver:log_action] [INFO]- HTTP GET /admin/jsi18n/ 200 [0.02, 127.0.0.1:61536]
[2025-05-08 12:02:40,839] [UserIP.py:93] [UserIP:process_response] [INFO]- 2025-05-08 12:02:40: C1010S3/edwin/Edwin> None/None/None > 127.0.0.1/127.0.0.1 > <AsgiRequest: GET '/favicon.ico'>
[2025-05-08 12:02:40,866] [runserver.py:141] [runserver:log_action] [INFO]- HTTP GET /favicon.ico 200 [0.06, 127.0.0.1:61536]
[2025-05-08 12:02:42,215] [log.py:228] [log:log_response] [ERROR]- Internal Server Error: /admin/CommonDevice/commondevice/2/change/
Traceback (most recent call last):
  File "C:\Python3129\mecheck\lib\site-packages\django\contrib\admin\options.py", line 703, in get_form
    return modelform_factory(self.model, **defaults)
  File "C:\Python3129\mecheck\lib\site-packages\django\forms\models.py", line 551, in modelform_factory
    return type(form)(class_name, (form,), form_class_attrs)
  File "C:\Python3129\mecheck\lib\site-packages\django\forms\models.py", line 266, in __new__
    raise FieldError(message)
django.core.exceptions.FieldError: Unknown field(s) (show_user) specified for CommonDevice

During handling of the above exception, another exception occurred:

Traceback (most recent call last):
  File "C:\Python3129\mecheck\lib\site-packages\django\core\handlers\exception.py", line 34, in inner
    response = get_response(request)
  File "C:\Python3129\mecheck\lib\site-packages\django\core\handlers\base.py", line 126, in _get_response
    response = self.process_exception_by_middleware(e, request)
  File "C:\Python3129\mecheck\lib\site-packages\django\core\handlers\base.py", line 124, in _get_response
    response = wrapped_callback(request, *callback_args, **callback_kwargs)
  File "C:\Python3129\mecheck\lib\site-packages\django\contrib\admin\options.py", line 604, in wrapper
    return self.admin_site.admin_view(view)(*args, **kwargs)
  File "C:\Python3129\mecheck\lib\site-packages\django\utils\decorators.py", line 142, in _wrapped_view
    response = view_func(request, *args, **kwargs)
  File "C:\Python3129\mecheck\lib\site-packages\django\views\decorators\cache.py", line 44, in _wrapped_view_func
    response = view_func(request, *args, **kwargs)
  File "C:\Python3129\mecheck\lib\site-packages\django\contrib\admin\sites.py", line 223, in inner
    return view(request, *args, **kwargs)
  File "C:\Python3129\mecheck\lib\site-packages\django\contrib\admin\options.py", line 1640, in change_view
    return self.changeform_view(request, object_id, form_url, extra_context)
  File "C:\Python3129\mecheck\lib\site-packages\django\utils\decorators.py", line 45, in _wrapper
    return bound_method(*args, **kwargs)
  File "C:\Python3129\mecheck\lib\site-packages\django\utils\decorators.py", line 142, in _wrapped_view
    response = view_func(request, *args, **kwargs)
  File "C:\Python3129\mecheck\lib\site-packages\django\contrib\admin\options.py", line 1525, in changeform_view
    return self._changeform_view(request, object_id, form_url, extra_context)
  File "C:\Python3129\mecheck\lib\site-packages\django\contrib\admin\options.py", line 1554, in _changeform_view
    ModelForm = self.get_form(request, obj, change=not add)
  File "C:\Python3129\mecheck\lib\site-packages\django\contrib\admin\options.py", line 707, in get_form
    % (e, self.__class__.__name__)
django.core.exceptions.FieldError: Unknown field(s) (show_user) specified for CommonDevice. Check fields/fieldsets/exclude attributes of class CommonDeviceAdmin.
[2025-05-08 12:02:42,217] [UserIP.py:93] [UserIP:process_response] [INFO]- 2025-05-08 12:02:42: C1010S3/edwin/Edwin> None/None/None > 127.0.0.1/127.0.0.1 > <AsgiRequest: GET '/admin/CommonDevice/commondevice/2/change/'>
[2025-05-08 12:02:42,218] [runserver.py:154] [runserver:log_action] [ERROR]- HTTP GET /admin/CommonDevice/commondevice/2/change/ 500 [0.05, 127.0.0.1:61536]
[2025-05-08 12:03:34,135] [UserIP.py:93] [UserIP:process_response] [INFO]- 2025-05-08 12:03:34: C1010S3/edwin/Edwin> None/None/None > 127.0.0.1/127.0.0.1 > <AsgiRequest: GET '/admin/CommonDevice/commondevice/'>
[2025-05-08 12:03:34,141] [runserver.py:141] [runserver:log_action] [INFO]- HTTP GET /admin/CommonDevice/commondevice/ 200 [0.30, 127.0.0.1:55953]
[2025-05-08 12:03:36,257] [UserIP.py:93] [UserIP:process_response] [INFO]- 2025-05-08 12:03:36: C1010S3/edwin/Edwin> None/None/None > 127.0.0.1/127.0.0.1 > <AsgiRequest: GET '/admin/'>
[2025-05-08 12:03:36,270] [runserver.py:141] [runserver:log_action] [INFO]- HTTP GET /admin/ 200 [0.60, 127.0.0.1:55953]
[2025-05-08 12:03:36,408] [UserIP.py:93] [UserIP:process_response] [INFO]- 2025-05-08 12:03:36: C1010S3/edwin/Edwin> None/None/None > 127.0.0.1/127.0.0.1 > <AsgiRequest: GET '/admin/CommonDevice/commondevice/'>
[2025-05-08 12:03:36,419] [runserver.py:141] [runserver:log_action] [INFO]- HTTP GET /admin/CommonDevice/commondevice/ 200 [0.09, 127.0.0.1:55953]
[2025-05-08 12:03:36,455] [UserIP.py:93] [UserIP:process_response] [INFO]- 2025-05-08 12:03:36: C1010S3/edwin/Edwin> None/None/None > 127.0.0.1/127.0.0.1 > <AsgiRequest: GET '/admin/jsi18n/'>
[2025-05-08 12:03:36,470] [runserver.py:141] [runserver:log_action] [INFO]- HTTP GET /admin/jsi18n/ 200 [0.04, 127.0.0.1:55953]
[2025-05-08 12:03:36,537] [UserIP.py:93] [UserIP:process_response] [INFO]- 2025-05-08 12:03:36: C1010S3/edwin/Edwin> None/None/None > 127.0.0.1/127.0.0.1 > <AsgiRequest: GET '/favicon.ico'>
[2025-05-08 12:03:36,570] [runserver.py:141] [runserver:log_action] [INFO]- HTTP GET /favicon.ico 200 [0.04, 127.0.0.1:55953]
[2025-05-08 12:03:37,661] [UserIP.py:93] [UserIP:process_response] [INFO]- 2025-05-08 12:03:37: C1010S3/edwin/Edwin> None/None/None > 127.0.0.1/127.0.0.1 > <AsgiRequest: GET '/admin/CommonDevice/commondevice/2/change/'>
[2025-05-08 12:03:37,671] [runserver.py:141] [runserver:log_action] [INFO]- HTTP GET /admin/CommonDevice/commondevice/2/change/ 200 [0.07, 127.0.0.1:55953]
[2025-05-08 12:03:37,716] [UserIP.py:93] [UserIP:process_response] [INFO]- 2025-05-08 12:03:37: C1010S3/edwin/Edwin> None/None/None > 127.0.0.1/127.0.0.1 > <AsgiRequest: GET '/admin/jsi18n/'>
[2025-05-08 12:03:37,726] [runserver.py:141] [runserver:log_action] [INFO]- HTTP GET /admin/jsi18n/ 200 [0.04, 127.0.0.1:55953]
[2025-05-08 12:08:13,308] [UserIP.py:93] [UserIP:process_response] [INFO]- 2025-05-08 12:08:13: C1010S3/edwin/Edwin> None/None/None > 127.0.0.1/127.0.0.1 > <AsgiRequest: GET '/'>
[2025-05-08 12:08:13,335] [runserver.py:141] [runserver:log_action] [INFO]- HTTP GET / 200 [0.11, 127.0.0.1:59632]
[2025-05-08 12:08:13,706] [runserver.py:162] [runserver:log_action] [INFO]- WebSocket HANDSHAKING /ws/msg/Reliability_Row_data/ [127.0.0.1:61422]
[2025-05-08 12:08:13,754] [runserver.py:158] [runserver:log_action] [INFO]- WebSocket CONNECT /ws/msg/Reliability_Row_data/ [127.0.0.1:61422]
[2025-05-08 12:08:14,273] [UserIP.py:93] [UserIP:process_response] [INFO]- 2025-05-08 12:08:14: C1010S3/edwin/Edwin> None/None/None > 127.0.0.1/127.0.0.1 > <AsgiRequest: POST '/PermInfo/'>
[2025-05-08 12:08:14,284] [runserver.py:141] [runserver:log_action] [INFO]- HTTP POST /PermInfo/ 200 [0.05, 127.0.0.1:59632]
[2025-05-08 12:08:14,353] [UserIP.py:93] [UserIP:process_response] [INFO]- 2025-05-08 12:08:14: C1010S3/edwin/Edwin> None/None/None > 127.0.0.1/127.0.0.1 > <AsgiRequest: GET '/favicon.ico'>
[2025-05-08 12:08:14,378] [runserver.py:141] [runserver:log_action] [INFO]- HTTP GET /favicon.ico 200 [0.06, 127.0.0.1:59632]
[2025-05-08 12:08:15,086] [runserver.py:160] [runserver:log_action] [INFO]- WebSocket DISCONNECT /ws/msg/Reliability_Row_data/ [127.0.0.1:61422]
[2025-05-08 12:08:18,149] [UserIP.py:93] [UserIP:process_response] [INFO]- 2025-05-08 12:08:18: C1010S3/edwin/Edwin> None/None/None > 127.0.0.1/127.0.0.1 > <AsgiRequest: GET '/admin/'>
[2025-05-08 12:08:18,162] [runserver.py:141] [runserver:log_action] [INFO]- HTTP GET /admin/ 200 [0.71, 127.0.0.1:59632]
[2025-05-08 12:08:18,355] [UserIP.py:93] [UserIP:process_response] [INFO]- 2025-05-08 12:08:18: C1010S3/edwin/Edwin> None/None/None > 127.0.0.1/127.0.0.1 > <AsgiRequest: GET '/admin/CommonDevice/commondevice/'>
[2025-05-08 12:08:18,366] [runserver.py:141] [runserver:log_action] [INFO]- HTTP GET /admin/CommonDevice/commondevice/ 200 [0.11, 127.0.0.1:59632]
[2025-05-08 12:08:18,394] [UserIP.py:93] [UserIP:process_response] [INFO]- 2025-05-08 12:08:18: C1010S3/edwin/Edwin> None/None/None > 127.0.0.1/127.0.0.1 > <AsgiRequest: GET '/admin/jsi18n/'>
[2025-05-08 12:08:18,409] [runserver.py:141] [runserver:log_action] [INFO]- HTTP GET /admin/jsi18n/ 200 [0.03, 127.0.0.1:59632]
[2025-05-08 12:08:18,525] [UserIP.py:93] [UserIP:process_response] [INFO]- 2025-05-08 12:08:18: C1010S3/edwin/Edwin> None/None/None > 127.0.0.1/127.0.0.1 > <AsgiRequest: GET '/favicon.ico'>
[2025-05-08 12:08:18,544] [runserver.py:141] [runserver:log_action] [INFO]- HTTP GET /favicon.ico 200 [0.03, 127.0.0.1:59632]
[2025-05-08 12:08:20,368] [UserIP.py:93] [UserIP:process_response] [INFO]- 2025-05-08 12:08:20: C1010S3/edwin/Edwin> None/None/None > 127.0.0.1/127.0.0.1 > <AsgiRequest: GET '/admin/CommonDevice/commondevice/2/change/'>
[2025-05-08 12:08:20,380] [runserver.py:141] [runserver:log_action] [INFO]- HTTP GET /admin/CommonDevice/commondevice/2/change/ 200 [0.23, 127.0.0.1:59632]
[2025-05-08 12:08:20,416] [UserIP.py:93] [UserIP:process_response] [INFO]- 2025-05-08 12:08:20: C1010S3/edwin/Edwin> None/None/None > 127.0.0.1/127.0.0.1 > <AsgiRequest: GET '/admin/jsi18n/'>
[2025-05-08 12:08:20,436] [runserver.py:141] [runserver:log_action] [INFO]- HTTP GET /admin/jsi18n/ 200 [0.04, 127.0.0.1:59632]
[2025-05-08 16:16:23,211] [UserIP.py:93] [UserIP:process_response] [INFO]- 2025-05-08 16:16:23: C1010S3/edwin/Edwin> None/None/None > 127.0.0.1/127.0.0.1 > <AsgiRequest: GET '/CommonDevice/CommonDevice_edit/'>
[2025-05-08 16:16:23,240] [runserver.py:141] [runserver:log_action] [INFO]- HTTP GET /CommonDevice/CommonDevice_edit/ 200 [0.07, 127.0.0.1:51393]
[2025-05-08 16:16:23,342] [runserver.py:162] [runserver:log_action] [INFO]- WebSocket HANDSHAKING /ws/msg/Reliability_Row_data/ [127.0.0.1:51411]
[2025-05-08 16:16:23,347] [runserver.py:158] [runserver:log_action] [INFO]- WebSocket CONNECT /ws/msg/Reliability_Row_data/ [127.0.0.1:51411]
[2025-05-08 16:16:23,506] [UserIP.py:93] [UserIP:process_response] [INFO]- 2025-05-08 16:16:23: C1010S3/edwin/Edwin> None/None/None > 127.0.0.1/127.0.0.1 > <AsgiRequest: POST '/PersonalInfo/PublicArea/'>
[2025-05-08 16:16:23,515] [runserver.py:141] [runserver:log_action] [INFO]- HTTP POST /PersonalInfo/PublicArea/ 200 [0.03, 127.0.0.1:51393]
[2025-05-08 16:16:23,527] [UserIP.py:93] [UserIP:process_response] [INFO]- 2025-05-08 16:16:23: C1010S3/edwin/Edwin> None/None/None > 127.0.0.1/127.0.0.1 > <AsgiRequest: GET '/favicon.ico'>
[2025-05-08 16:16:23,549] [runserver.py:141] [runserver:log_action] [INFO]- HTTP GET /favicon.ico 200 [0.04, 127.0.0.1:51397]
[2025-05-08 16:16:26,689] [UserIP.py:93] [UserIP:process_response] [INFO]- 2025-05-08 16:16:26: C1010S3/edwin/Edwin> None/None/None > 127.0.0.1/127.0.0.1 > <AsgiRequest: GET '/CommonDevice/CommonDevice_edit/'>
[2025-05-08 16:16:26,717] [runserver.py:141] [runserver:log_action] [INFO]- HTTP GET /CommonDevice/CommonDevice_edit/ 200 [0.06, 127.0.0.1:51397]
[2025-05-08 16:16:26,723] [runserver.py:160] [runserver:log_action] [INFO]- WebSocket DISCONNECT /ws/msg/Reliability_Row_data/ [127.0.0.1:51411]
[2025-05-08 16:16:26,764] [runserver.py:162] [runserver:log_action] [INFO]- WebSocket HANDSHAKING /ws/msg/Reliability_Row_data/ [127.0.0.1:53283]
[2025-05-08 16:16:26,765] [runserver.py:158] [runserver:log_action] [INFO]- WebSocket CONNECT /ws/msg/Reliability_Row_data/ [127.0.0.1:53283]
[2025-05-08 16:16:26,868] [UserIP.py:93] [UserIP:process_response] [INFO]- 2025-05-08 16:16:26: C1010S3/edwin/Edwin> None/None/None > 127.0.0.1/127.0.0.1 > <AsgiRequest: POST '/PersonalInfo/PublicArea/'>
[2025-05-08 16:16:26,881] [runserver.py:141] [runserver:log_action] [INFO]- HTTP POST /PersonalInfo/PublicArea/ 200 [0.03, 127.0.0.1:51397]
[2025-05-08 16:16:26,891] [UserIP.py:93] [UserIP:process_response] [INFO]- 2025-05-08 16:16:26: C1010S3/edwin/Edwin> None/None/None > 127.0.0.1/127.0.0.1 > <AsgiRequest: GET '/favicon.ico'>
[2025-05-08 16:16:26,912] [runserver.py:141] [runserver:log_action] [INFO]- HTTP GET /favicon.ico 200 [0.04, 127.0.0.1:51393]
[2025-05-08 16:22:39,438] [runserver.py:160] [runserver:log_action] [INFO]- WebSocket DISCONNECT /ws/msg/Reliability_Row_data/ [127.0.0.1:53283]
[2025-05-09 09:25:53,783] [UserIP.py:93] [UserIP:process_response] [INFO]- 2025-05-09 09:25:53: None/AnonymousUser/None> None/None/None > 127.0.0.1/127.0.0.1 > <AsgiRequest: GET '/PersonalInfo/PersonalInfo-search/'>
[2025-05-09 09:25:53,792] [runserver.py:147] [runserver:log_action] [INFO]- HTTP GET /PersonalInfo/PersonalInfo-search/ 302 [0.03, 127.0.0.1:64612]
[2025-05-09 09:25:53,813] [UserIP.py:93] [UserIP:process_response] [INFO]- 2025-05-09 09:25:53: None/AnonymousUser/None> None/None/None > 127.0.0.1/127.0.0.1 > <AsgiRequest: GET '/login/'>
[2025-05-09 09:25:53,818] [runserver.py:141] [runserver:log_action] [INFO]- HTTP GET /login/ 200 [0.02, 127.0.0.1:64612]
[2025-05-09 09:25:53,903] [UserIP.py:93] [UserIP:process_response] [INFO]- 2025-05-09 09:25:53: None/AnonymousUser/None> None/None/None > 127.0.0.1/127.0.0.1 > <AsgiRequest: GET '/favicon.ico'>
[2025-05-09 09:25:53,907] [runserver.py:147] [runserver:log_action] [INFO]- HTTP GET /favicon.ico 302 [0.03, 127.0.0.1:64612]
[2025-05-09 09:25:53,918] [UserIP.py:93] [UserIP:process_response] [INFO]- 2025-05-09 09:25:53: None/AnonymousUser/None> None/None/None > 127.0.0.1/127.0.0.1 > <AsgiRequest: GET '/login/'>
[2025-05-09 09:25:53,920] [runserver.py:141] [runserver:log_action] [INFO]- HTTP GET /login/ 200 [0.01, 127.0.0.1:64612]
[2025-05-09 09:25:56,473] [UserIP.py:93] [UserIP:process_response] [INFO]- 2025-05-09 09:25:56: C1010S3/AnonymousUser/Edwin> None/None/None > 127.0.0.1/127.0.0.1 > <AsgiRequest: POST '/login/?next='>
[2025-05-09 09:25:56,493] [runserver.py:147] [runserver:log_action] [INFO]- HTTP POST /login/?next= 302 [0.11, 127.0.0.1:64612]
[2025-05-09 09:25:56,533] [UserIP.py:93] [UserIP:process_response] [INFO]- 2025-05-09 09:25:56: C1010S3/AnonymousUser/Edwin> None/None/None > 127.0.0.1/127.0.0.1 > <AsgiRequest: GET '/login/'>
[2025-05-09 09:25:56,549] [runserver.py:147] [runserver:log_action] [INFO]- HTTP GET /login/ 302 [0.05, 127.0.0.1:64612]
[2025-05-09 09:25:56,598] [UserIP.py:93] [UserIP:process_response] [INFO]- 2025-05-09 09:25:56: C1010S3/AnonymousUser/Edwin> None/None/None > 127.0.0.1/127.0.0.1 > <AsgiRequest: GET '/Navigations/'>
[2025-05-09 09:25:56,618] [runserver.py:141] [runserver:log_action] [INFO]- HTTP GET /Navigations/ 200 [0.06, 127.0.0.1:64612]
[2025-05-09 09:25:56,719] [runserver.py:162] [runserver:log_action] [INFO]- WebSocket HANDSHAKING /ws/msg/Reliability_Row_data/ [127.0.0.1:64649]
[2025-05-09 09:25:56,740] [runserver.py:158] [runserver:log_action] [INFO]- WebSocket CONNECT /ws/msg/Reliability_Row_data/ [127.0.0.1:64649]
[2025-05-09 09:25:56,935] [UserIP.py:93] [UserIP:process_response] [INFO]- 2025-05-09 09:25:56: C1010S3/AnonymousUser/Edwin> None/None/None > 127.0.0.1/127.0.0.1 > <AsgiRequest: GET '/favicon.ico'>
[2025-05-09 09:25:56,972] [runserver.py:141] [runserver:log_action] [INFO]- HTTP GET /favicon.ico 200 [0.07, 127.0.0.1:64612]
[2025-05-09 09:26:26,375] [UserIP.py:93] [UserIP:process_response] [INFO]- 2025-05-09 09:26:26: C1010S3/AnonymousUser/Edwin> None/None/None > 127.0.0.1/127.0.0.1 > <AsgiRequest: GET '/PersonalInfo/PersonalInfo-search/'>
[2025-05-09 09:26:26,392] [runserver.py:141] [runserver:log_action] [INFO]- HTTP GET /PersonalInfo/PersonalInfo-search/ 200 [0.08, 127.0.0.1:64612]
[2025-05-09 09:26:26,401] [runserver.py:160] [runserver:log_action] [INFO]- WebSocket DISCONNECT /ws/msg/Reliability_Row_data/ [127.0.0.1:64649]
[2025-05-09 09:26:26,471] [runserver.py:162] [runserver:log_action] [INFO]- WebSocket HANDSHAKING /ws/msg/Reliability_Row_data/ [127.0.0.1:64684]
[2025-05-09 09:26:26,475] [runserver.py:158] [runserver:log_action] [INFO]- WebSocket CONNECT /ws/msg/Reliability_Row_data/ [127.0.0.1:64684]
[2025-05-09 09:26:27,939] [UserIP.py:93] [UserIP:process_response] [INFO]- 2025-05-09 09:26:27: C1010S3/AnonymousUser/Edwin> None/None/None > 127.0.0.1/127.0.0.1 > <AsgiRequest: POST '/PersonalInfo/PersonalInfo-search/'>
[2025-05-09 09:26:27,955] [runserver.py:141] [runserver:log_action] [INFO]- HTTP POST /PersonalInfo/PersonalInfo-search/ 200 [1.38, 127.0.0.1:64612]
[2025-05-09 09:26:27,984] [UserIP.py:93] [UserIP:process_response] [INFO]- 2025-05-09 09:26:27: C1010S3/AnonymousUser/Edwin> None/None/None > 127.0.0.1/127.0.0.1 > <AsgiRequest: GET '/favicon.ico'>
[2025-05-09 09:26:28,016] [runserver.py:141] [runserver:log_action] [INFO]- HTTP GET /favicon.ico 200 [1.43, 127.0.0.1:64613]
[2025-05-09 09:26:44,949] [UserIP.py:93] [UserIP:process_response] [INFO]- 2025-05-09 09:26:44: C1010S3/AnonymousUser/Edwin> None/None/None > 127.0.0.1/127.0.0.1 > <AsgiRequest: POST '/PersonalInfo/PersonalInfo-search/'>
[2025-05-09 09:26:44,970] [runserver.py:141] [runserver:log_action] [INFO]- HTTP POST /PersonalInfo/PersonalInfo-search/ 200 [0.16, 127.0.0.1:64613]
[2025-05-09 09:27:41,600] [UserIP.py:93] [UserIP:process_response] [INFO]- 2025-05-09 09:27:41: C1010S3/AnonymousUser/Edwin> None/None/None > 127.0.0.1/127.0.0.1 > <AsgiRequest: GET '/admin/CommonDevice/commondevice/'>
[2025-05-09 09:27:41,611] [runserver.py:147] [runserver:log_action] [INFO]- HTTP GET /admin/CommonDevice/commondevice/ 302 [0.03, 127.0.0.1:64613]
[2025-05-09 09:27:41,654] [UserIP.py:93] [UserIP:process_response] [INFO]- 2025-05-09 09:27:41: C1010S3/AnonymousUser/Edwin> None/None/None > 127.0.0.1/127.0.0.1 > <AsgiRequest: GET '/admin/login/?next=/admin/CommonDevice/commondevice/'>
[2025-05-09 09:27:41,663] [runserver.py:141] [runserver:log_action] [INFO]- HTTP GET /admin/login/?next=/admin/CommonDevice/commondevice/ 200 [0.05, 127.0.0.1:64613]
[2025-05-09 09:27:41,723] [UserIP.py:93] [UserIP:process_response] [INFO]- 2025-05-09 09:27:41: C1010S3/AnonymousUser/Edwin> None/None/None > 127.0.0.1/127.0.0.1 > <AsgiRequest: GET '/admin/'>
[2025-05-09 09:27:41,734] [runserver.py:147] [runserver:log_action] [INFO]- HTTP GET /admin/ 302 [0.02, 127.0.0.1:64613]
[2025-05-09 09:27:41,772] [UserIP.py:93] [UserIP:process_response] [INFO]- 2025-05-09 09:27:41: C1010S3/AnonymousUser/Edwin> None/None/None > 127.0.0.1/127.0.0.1 > <AsgiRequest: GET '/admin/login/?next=/admin/'>
[2025-05-09 09:27:41,781] [runserver.py:141] [runserver:log_action] [INFO]- HTTP GET /admin/login/?next=/admin/ 200 [0.04, 127.0.0.1:64613]
[2025-05-09 09:27:41,834] [UserIP.py:93] [UserIP:process_response] [INFO]- 2025-05-09 09:27:41: C1010S3/AnonymousUser/Edwin> None/None/None > 127.0.0.1/127.0.0.1 > <AsgiRequest: GET '/favicon.ico'>
[2025-05-09 09:27:41,852] [runserver.py:141] [runserver:log_action] [INFO]- HTTP GET /favicon.ico 200 [0.03, 127.0.0.1:64613]
[2025-05-09 09:27:44,541] [UserIP.py:93] [UserIP:process_response] [INFO]- 2025-05-09 09:27:44: C1010S3/edwin/Edwin> None/None/None > 127.0.0.1/127.0.0.1 > <AsgiRequest: POST '/admin/login/?next=/admin/'>
[2025-05-09 09:27:44,556] [runserver.py:147] [runserver:log_action] [INFO]- HTTP POST /admin/login/?next=/admin/ 302 [0.12, 127.0.0.1:64613]
[2025-05-09 09:27:45,058] [UserIP.py:93] [UserIP:process_response] [INFO]- 2025-05-09 09:27:45: C1010S3/edwin/Edwin> None/None/None > 127.0.0.1/127.0.0.1 > <AsgiRequest: GET '/admin/'>
[2025-05-09 09:27:45,091] [runserver.py:141] [runserver:log_action] [INFO]- HTTP GET /admin/ 200 [0.53, 127.0.0.1:64613]
[2025-05-09 09:27:45,209] [UserIP.py:93] [UserIP:process_response] [INFO]- 2025-05-09 09:27:45: C1010S3/edwin/Edwin> None/None/None > 127.0.0.1/127.0.0.1 > <AsgiRequest: GET '/favicon.ico'>
[2025-05-09 09:27:45,234] [runserver.py:141] [runserver:log_action] [INFO]- HTTP GET /favicon.ico 200 [0.04, 127.0.0.1:64613]
[2025-05-09 09:28:01,018] [UserIP.py:93] [UserIP:process_response] [INFO]- 2025-05-09 09:28:01: C1010S3/edwin/Edwin> None/None/None > 127.0.0.1/127.0.0.1 > <AsgiRequest: GET '/admin/CommonDevice/commondevice/'>
[2025-05-09 09:28:01,031] [runserver.py:141] [runserver:log_action] [INFO]- HTTP GET /admin/CommonDevice/commondevice/ 200 [0.10, 127.0.0.1:64613]
[2025-05-09 09:28:01,044] [UserIP.py:93] [UserIP:process_response] [INFO]- 2025-05-09 09:28:01: C1010S3/edwin/Edwin> None/None/None > 127.0.0.1/127.0.0.1 > <AsgiRequest: GET '/favicon.ico'>
[2025-05-09 09:28:01,066] [runserver.py:141] [runserver:log_action] [INFO]- HTTP GET /favicon.ico 200 [0.12, 127.0.0.1:64887]
[2025-05-09 09:28:01,074] [UserIP.py:93] [UserIP:process_response] [INFO]- 2025-05-09 09:28:01: C1010S3/edwin/Edwin> None/None/None > 127.0.0.1/127.0.0.1 > <AsgiRequest: GET '/admin/jsi18n/'>
[2025-05-09 09:28:01,083] [runserver.py:141] [runserver:log_action] [INFO]- HTTP GET /admin/jsi18n/ 200 [0.04, 127.0.0.1:64613]
[2025-05-09 09:29:48,563] [UserIP.py:93] [UserIP:process_response] [INFO]- 2025-05-09 09:29:48: C1010S3/edwin/Edwin> None/None/None > 127.0.0.1/127.0.0.1 > <AsgiRequest: GET '/admin/app01/userinfo/'>
[2025-05-09 09:29:48,574] [runserver.py:141] [runserver:log_action] [INFO]- HTTP GET /admin/app01/userinfo/ 200 [0.45, 127.0.0.1:65162]
[2025-05-09 09:29:48,596] [UserIP.py:93] [UserIP:process_response] [INFO]- 2025-05-09 09:29:48: C1010S3/edwin/Edwin> None/None/None > 127.0.0.1/127.0.0.1 > <AsgiRequest: GET '/favicon.ico'>
[2025-05-09 09:29:48,622] [runserver.py:141] [runserver:log_action] [INFO]- HTTP GET /favicon.ico 200 [0.45, 127.0.0.1:65169]
[2025-05-09 09:29:48,647] [UserIP.py:93] [UserIP:process_response] [INFO]- 2025-05-09 09:29:48: C1010S3/edwin/Edwin> None/None/None > 127.0.0.1/127.0.0.1 > <AsgiRequest: GET '/admin/jsi18n/'>
[2025-05-09 09:29:48,655] [runserver.py:141] [runserver:log_action] [INFO]- HTTP GET /admin/jsi18n/ 200 [0.07, 127.0.0.1:65162]
[2025-05-09 09:29:53,746] [UserIP.py:93] [UserIP:process_response] [INFO]- 2025-05-09 09:29:53: C1010S3/edwin/Edwin> None/None/None > 127.0.0.1/127.0.0.1 > <AsgiRequest: GET '/favicon.ico'>
[2025-05-09 09:29:53,769] [runserver.py:141] [runserver:log_action] [INFO]- HTTP GET /favicon.ico 200 [0.03, 127.0.0.1:65162]
