[2024-09-13 07:42:53,229] [runserver.py:147] [runserver:log_action] [INFO]- HTTP GET / 302 [0.11, 127.0.0.1:65001]
[2024-09-13 07:42:53,242] [runserver.py:141] [runserver:log_action] [INFO]- HTTP GET /login/ 200 [0.00, 127.0.0.1:65001]
[2024-09-13 07:42:53,372] [runserver.py:147] [runserver:log_action] [INFO]- HTTP GET /favicon.ico 302 [0.01, 127.0.0.1:65001]
[2024-09-13 07:42:53,383] [runserver.py:141] [runserver:log_action] [INFO]- HTTP GET /login/ 200 [0.01, 127.0.0.1:65001]
[2024-09-13 07:42:53,931] [runserver.py:147] [runserver:log_action] [INFO]- HTTP GET /favicon.ico 302 [0.01, 127.0.0.1:65001]
[2024-09-13 07:42:53,945] [runserver.py:141] [runserver:log_action] [INFO]- HTTP GET /login/ 200 [0.01, 127.0.0.1:65001]
[2024-09-13 07:42:57,265] [UserIP.py:90] [UserIP:process_response] [INFO]- 2024-09-13 07:42:57 C1010S3>Edwin None>None>None 127.0.0.1 127.0.0.1 /login/ POST
[2024-09-13 07:42:57,279] [runserver.py:147] [runserver:log_action] [INFO]- HTTP POST /login/?next= 302 [0.06, 127.0.0.1:65001]
[2024-09-13 07:42:57,325] [runserver.py:147] [runserver:log_action] [INFO]- HTTP GET /login/ 302 [0.04, 127.0.0.1:65001]
[2024-09-13 07:42:57,388] [runserver.py:141] [runserver:log_action] [INFO]- HTTP GET /Navigations/ 200 [0.06, 127.0.0.1:65001]
[2024-09-13 07:42:57,416] [runserver.py:145] [runserver:log_action] [INFO]- HTTP GET /static/css/lib/menubar/sidebar.css 304 [0.01, 127.0.0.1:65001]
[2024-09-13 07:42:57,584] [runserver.py:162] [runserver:log_action] [INFO]- WebSocket HANDSHAKING /ws/msg/Reliability_Row_data/ [127.0.0.1:65012]
[2024-09-13 07:42:57,749] [runserver.py:158] [runserver:log_action] [INFO]- WebSocket CONNECT /ws/msg/Reliability_Row_data/ [127.0.0.1:65012]
[2024-09-13 07:42:57,779] [runserver.py:141] [runserver:log_action] [INFO]- HTTP GET /favicon.ico 200 [0.05, 127.0.0.1:65001]
[2024-09-13 07:42:58,011] [runserver.py:141] [runserver:log_action] [INFO]- HTTP GET / 200 [0.04, 127.0.0.1:65001]
[2024-09-13 07:42:58,255] [runserver.py:162] [runserver:log_action] [INFO]- WebSocket HANDSHAKING /ws/msg/Reliability_Row_data/ [127.0.0.1:65019]
[2024-09-13 07:42:58,258] [runserver.py:158] [runserver:log_action] [INFO]- WebSocket CONNECT /ws/msg/Reliability_Row_data/ [127.0.0.1:65019]
[2024-09-13 07:42:58,408] [UserIP.py:90] [UserIP:process_response] [INFO]- 2024-09-13 07:42:58 C1010S3>Edwin None>None>None 127.0.0.1 127.0.0.1 /PermInfo/ POST
[2024-09-13 07:42:58,426] [runserver.py:141] [runserver:log_action] [INFO]- HTTP POST /PermInfo/ 200 [0.03, 127.0.0.1:65001]
[2024-09-13 07:42:58,429] [runserver.py:145] [runserver:log_action] [INFO]- HTTP GET /static/src/PerC38.jpg 304 [0.03, 127.0.0.1:65002]
[2024-09-13 07:42:58,435] [runserver.py:145] [runserver:log_action] [INFO]- HTTP GET /static/src/PerCQT88.jpg 304 [0.04, 127.0.0.1:65022]
[2024-09-13 07:42:58,439] [runserver.py:145] [runserver:log_action] [INFO]- HTTP GET /static/src/PerABO.jpg 304 [0.04, 127.0.0.1:65021]
[2024-09-13 07:42:58,446] [runserver.py:145] [runserver:log_action] [INFO]- HTTP GET /static/src/PerA31.jpg 304 [0.05, 127.0.0.1:65023]
[2024-09-13 07:42:58,451] [runserver.py:145] [runserver:log_action] [INFO]- HTTP GET /static/src/PerA32.jpg 304 [0.05, 127.0.0.1:65024]
[2024-09-13 07:42:58,561] [runserver.py:141] [runserver:log_action] [INFO]- HTTP GET /favicon.ico 200 [0.05, 127.0.0.1:65024]
[2024-09-13 07:43:02,439] [runserver.py:147] [runserver:log_action] [INFO]- HTTP GET /admin/ 302 [0.08, 127.0.0.1:65024]
[2024-09-13 07:43:02,489] [runserver.py:141] [runserver:log_action] [INFO]- HTTP GET /admin/login/?next=/admin/ 200 [0.05, 127.0.0.1:65024]
[2024-09-13 07:43:02,513] [runserver.py:160] [runserver:log_action] [INFO]- WebSocket DISCONNECT /ws/msg/Reliability_Row_data/ [127.0.0.1:65012]
[2024-09-13 07:43:02,651] [runserver.py:141] [runserver:log_action] [INFO]- HTTP GET /favicon.ico 200 [0.05, 127.0.0.1:65024]
[2024-09-13 07:43:07,945] [UserIP.py:90] [UserIP:process_response] [INFO]- 2024-09-13 07:43:07 C1010S3>Edwin None>None>None 127.0.0.1 127.0.0.1 /admin/login/ POST
[2024-09-13 07:43:07,956] [runserver.py:147] [runserver:log_action] [INFO]- HTTP POST /admin/login/?next=/admin/ 302 [0.19, 127.0.0.1:65024]
[2024-09-13 07:43:09,326] [runserver.py:141] [runserver:log_action] [INFO]- HTTP GET /admin/ 200 [1.37, 127.0.0.1:65024]
[2024-09-13 07:43:09,355] [runserver.py:145] [runserver:log_action] [INFO]- HTTP GET /static/admin/simpleui-x/js/index.js?_=2022.4.9 304 [0.00, 127.0.0.1:65024]
[2024-09-13 07:43:09,602] [runserver.py:141] [runserver:log_action] [INFO]- HTTP GET /favicon.ico 200 [0.06, 127.0.0.1:65024]
[2024-09-13 07:43:56,697] [runserver.py:141] [runserver:log_action] [INFO]- HTTP GET /admin/CriticalIssueCrossCheck/criticalissue/ 200 [0.12, 127.0.0.1:65024]
[2024-09-13 07:43:56,730] [runserver.py:141] [runserver:log_action] [INFO]- HTTP GET /favicon.ico 200 [0.13, 127.0.0.1:65023]
[2024-09-13 07:43:56,734] [runserver.py:145] [runserver:log_action] [INFO]- HTTP GET /static/admin/simpleui-x/css/base.css?_=2.7 304 [0.03, 127.0.0.1:65024]
[2024-09-13 07:43:56,780] [runserver.py:141] [runserver:log_action] [INFO]- HTTP GET /admin/jsi18n/ 200 [0.07, 127.0.0.1:65021]
[2024-09-13 07:44:00,724] [log.py:228] [log:log_response] [ERROR]- Internal Server Error: /admin/CriticalIssueCrossCheck/criticalissue/add/
Traceback (most recent call last):
  File "C:\Python372\mecheck\lib\site-packages\django\forms\forms.py", line 163, in __getitem__
    field = self.fields[name]
KeyError: 'IssueNum'

During handling of the above exception, another exception occurred:

Traceback (most recent call last):
  File "C:\Python372\mecheck\lib\site-packages\django\core\handlers\exception.py", line 34, in inner
    response = get_response(request)
  File "C:\Python372\mecheck\lib\site-packages\django\core\handlers\base.py", line 156, in _get_response
    response = self.process_exception_by_middleware(e, request)
  File "C:\Python372\mecheck\lib\site-packages\django\core\handlers\base.py", line 154, in _get_response
    response = response.render()
  File "C:\Python372\mecheck\lib\site-packages\django\template\response.py", line 106, in render
    self.content = self.rendered_content
  File "C:\Python372\mecheck\lib\site-packages\django\template\response.py", line 83, in rendered_content
    content = template.render(context, self._request)
  File "C:\Python372\mecheck\lib\site-packages\django\template\backends\django.py", line 61, in render
    return self.template.render(context)
  File "C:\Python372\mecheck\lib\site-packages\django\template\base.py", line 171, in render
    return self._render(context)
  File "C:\Python372\mecheck\lib\site-packages\django\template\base.py", line 163, in _render
    return self.nodelist.render(context)
  File "C:\Python372\mecheck\lib\site-packages\django\template\base.py", line 937, in render
    bit = node.render_annotated(context)
  File "C:\Python372\mecheck\lib\site-packages\django\template\base.py", line 904, in render_annotated
    return self.render(context)
  File "C:\Python372\mecheck\lib\site-packages\django\template\loader_tags.py", line 150, in render
    return compiled_parent._render(context)
  File "C:\Python372\mecheck\lib\site-packages\django\template\base.py", line 163, in _render
    return self.nodelist.render(context)
  File "C:\Python372\mecheck\lib\site-packages\django\template\base.py", line 937, in render
    bit = node.render_annotated(context)
  File "C:\Python372\mecheck\lib\site-packages\django\template\base.py", line 904, in render_annotated
    return self.render(context)
  File "C:\Python372\mecheck\lib\site-packages\django\template\loader_tags.py", line 150, in render
    return compiled_parent._render(context)
  File "C:\Python372\mecheck\lib\site-packages\django\template\base.py", line 163, in _render
    return self.nodelist.render(context)
  File "C:\Python372\mecheck\lib\site-packages\django\template\base.py", line 937, in render
    bit = node.render_annotated(context)
  File "C:\Python372\mecheck\lib\site-packages\django\template\base.py", line 904, in render_annotated
    return self.render(context)
  File "C:\Python372\mecheck\lib\site-packages\django\template\loader_tags.py", line 62, in render
    result = block.nodelist.render(context)
  File "C:\Python372\mecheck\lib\site-packages\django\template\base.py", line 937, in render
    bit = node.render_annotated(context)
  File "C:\Python372\mecheck\lib\site-packages\django\template\base.py", line 904, in render_annotated
    return self.render(context)
  File "C:\Python372\mecheck\lib\site-packages\django\template\loader_tags.py", line 62, in render
    result = block.nodelist.render(context)
  File "C:\Python372\mecheck\lib\site-packages\django\template\base.py", line 937, in render
    bit = node.render_annotated(context)
  File "C:\Python372\mecheck\lib\site-packages\django\template\base.py", line 904, in render_annotated
    return self.render(context)
  File "C:\Python372\mecheck\lib\site-packages\django\template\defaulttags.py", line 209, in render
    nodelist.append(node.render_annotated(context))
  File "C:\Python372\mecheck\lib\site-packages\django\template\base.py", line 904, in render_annotated
    return self.render(context)
  File "C:\Python372\mecheck\lib\site-packages\django\template\loader_tags.py", line 188, in render
    return template.render(context)
  File "C:\Python372\mecheck\lib\site-packages\django\template\base.py", line 173, in render
    return self._render(context)
  File "C:\Python372\mecheck\lib\site-packages\django\template\base.py", line 163, in _render
    return self.nodelist.render(context)
  File "C:\Python372\mecheck\lib\site-packages\django\template\base.py", line 937, in render
    bit = node.render_annotated(context)
  File "C:\Python372\mecheck\lib\site-packages\django\template\base.py", line 904, in render_annotated
    return self.render(context)
  File "C:\Python372\mecheck\lib\site-packages\django\template\defaulttags.py", line 209, in render
    nodelist.append(node.render_annotated(context))
  File "C:\Python372\mecheck\lib\site-packages\django\template\base.py", line 904, in render_annotated
    return self.render(context)
  File "C:\Python372\mecheck\lib\site-packages\django\template\defaulttags.py", line 165, in render
    values = list(values)
  File "C:\Python372\mecheck\lib\site-packages\django\contrib\admin\helpers.py", line 118, in __iter__
    yield AdminField(self.form, field, is_first=(i == 0))
  File "C:\Python372\mecheck\lib\site-packages\django\contrib\admin\helpers.py", line 130, in __init__
    self.field = form[field]  # A django.forms.BoundField instance
  File "C:\Python372\mecheck\lib\site-packages\django\forms\forms.py", line 169, in __getitem__
    ', '.join(sorted(f for f in self.fields)),
KeyError: "Key 'IssueNum' not found in 'CriticalIssueForm'. Choices are: Action, CG, Category, Object, Photo, Project, Reproduce_Steps, Root_Cause, Solution, Status, Symptom, edit_time, editor, video."
[2024-09-13 07:44:00,743] [runserver.py:154] [runserver:log_action] [ERROR]- HTTP GET /admin/CriticalIssueCrossCheck/criticalissue/add/ 500 [0.15, 127.0.0.1:65021]
[2024-09-13 07:46:24,702] [runserver.py:141] [runserver:log_action] [INFO]- HTTP GET /admin/ 200 [1.23, 127.0.0.1:65336]
[2024-09-13 07:46:24,898] [runserver.py:141] [runserver:log_action] [INFO]- HTTP GET /admin/CriticalIssueCrossCheck/criticalissue/ 200 [0.10, 127.0.0.1:65336]
[2024-09-13 07:46:24,968] [runserver.py:141] [runserver:log_action] [INFO]- HTTP GET /admin/jsi18n/ 200 [0.05, 127.0.0.1:65336]
[2024-09-13 07:46:25,116] [runserver.py:141] [runserver:log_action] [INFO]- HTTP GET /favicon.ico 200 [0.06, 127.0.0.1:65336]
[2024-09-13 07:46:26,888] [runserver.py:141] [runserver:log_action] [INFO]- HTTP GET /admin/CriticalIssueCrossCheck/criticalissue/add/ 200 [0.18, 127.0.0.1:65336]
[2024-09-13 07:46:26,930] [runserver.py:141] [runserver:log_action] [INFO]- HTTP GET /admin/jsi18n/ 200 [0.03, 127.0.0.1:65336]
[2024-09-13 07:46:26,935] [runserver.py:145] [runserver:log_action] [INFO]- HTTP GET /static/admin/js/SelectBox.js 304 [0.03, 127.0.0.1:65337]
[2024-09-13 07:46:26,939] [runserver.py:145] [runserver:log_action] [INFO]- HTTP GET /static/admin/js/SelectFilter2.js 304 [0.03, 127.0.0.1:65350]
[2024-09-13 07:46:26,970] [runserver.py:145] [runserver:log_action] [INFO]- HTTP GET /static/admin/img/icon-unknown.svg 304 [0.01, 127.0.0.1:65350]
[2024-09-13 07:46:26,973] [runserver.py:145] [runserver:log_action] [INFO]- HTTP GET /static/admin/img/search.svg 304 [0.01, 127.0.0.1:65337]
[2024-09-13 07:46:26,979] [runserver.py:145] [runserver:log_action] [INFO]- HTTP GET /static/admin/img/selector-icons.svg 304 [0.01, 127.0.0.1:65336]
[2024-09-13 07:46:26,983] [runserver.py:145] [runserver:log_action] [INFO]- HTTP GET /static/admin/img/icon-unknown-alt.svg 304 [0.02, 127.0.0.1:65351]
[2024-09-13 07:46:38,028] [runserver.py:141] [runserver:log_action] [INFO]- HTTP GET /admin/CriticalIssueCrossCheck/criticalissue/ 200 [0.10, 127.0.0.1:65351]
[2024-09-13 07:49:09,034] [runserver.py:141] [runserver:log_action] [INFO]- HTTP GET /admin/app01/permission/ 200 [1.04, 127.0.0.1:49177]
[2024-09-13 07:49:09,111] [runserver.py:141] [runserver:log_action] [INFO]- HTTP GET /favicon.ico 200 [1.11, 127.0.0.1:49179]
[2024-09-13 07:49:09,160] [runserver.py:141] [runserver:log_action] [INFO]- HTTP GET /admin/jsi18n/ 200 [0.11, 127.0.0.1:49177]
[2024-09-13 07:49:26,370] [runserver.py:141] [runserver:log_action] [INFO]- HTTP GET /admin/app01/menu/ 200 [0.43, 127.0.0.1:49177]
[2024-09-13 07:49:26,437] [runserver.py:141] [runserver:log_action] [INFO]- HTTP GET /favicon.ico 200 [0.48, 127.0.0.1:49179]
[2024-09-13 07:49:26,480] [runserver.py:141] [runserver:log_action] [INFO]- HTTP GET /admin/jsi18n/ 200 [0.09, 127.0.0.1:49177]
[2024-09-13 07:49:49,288] [runserver.py:141] [runserver:log_action] [INFO]- HTTP GET /admin/app01/menu/add/ 200 [0.21, 127.0.0.1:49177]
[2024-09-13 07:49:49,341] [runserver.py:141] [runserver:log_action] [INFO]- HTTP GET /admin/jsi18n/ 200 [0.04, 127.0.0.1:49177]
[2024-09-13 07:49:49,348] [runserver.py:145] [runserver:log_action] [INFO]- HTTP GET /static/admin/img/icon-changelink.svg 304 [0.04, 127.0.0.1:49179]
[2024-09-13 07:49:49,353] [runserver.py:145] [runserver:log_action] [INFO]- HTTP GET /static/admin/img/icon-deletelink.svg 304 [0.03, 127.0.0.1:49242]
[2024-09-13 07:50:30,343] [UserIP.py:90] [UserIP:process_response] [INFO]- 2024-09-13 07:50:30 C1010S3>Edwin None>None>None 127.0.0.1 127.0.0.1 /admin/app01/menu/add/ POST
[2024-09-13 07:50:30,357] [runserver.py:147] [runserver:log_action] [INFO]- HTTP POST /admin/app01/menu/add/ 302 [0.08, 127.0.0.1:49242]
[2024-09-13 07:50:30,655] [runserver.py:141] [runserver:log_action] [INFO]- HTTP GET /admin/app01/menu/ 200 [0.30, 127.0.0.1:49242]
[2024-09-13 07:50:30,697] [runserver.py:141] [runserver:log_action] [INFO]- HTTP GET /admin/jsi18n/ 200 [0.03, 127.0.0.1:49242]
[2024-09-13 07:50:33,056] [runserver.py:141] [runserver:log_action] [INFO]- HTTP GET /favicon.ico 200 [0.04, 127.0.0.1:49242]
[2024-09-13 07:50:50,141] [runserver.py:141] [runserver:log_action] [INFO]- HTTP GET /admin/app01/permission/add/ 200 [0.11, 127.0.0.1:49242]
[2024-09-13 07:50:50,177] [runserver.py:141] [runserver:log_action] [INFO]- HTTP GET /admin/jsi18n/ 200 [0.03, 127.0.0.1:49242]
[2024-09-13 07:51:01,710] [runserver.py:141] [runserver:log_action] [INFO]- HTTP GET /favicon.ico 200 [0.07, 127.0.0.1:49242]
[2024-09-13 07:51:03,096] [runserver.py:141] [runserver:log_action] [INFO]- HTTP GET /favicon.ico 200 [0.03, 127.0.0.1:49242]
[2024-09-13 07:52:51,094] [UserIP.py:90] [UserIP:process_response] [INFO]- 2024-09-13 07:52:51 C1010S3>Edwin None>None>None 127.0.0.1 127.0.0.1 /admin/app01/permission/add/ POST
[2024-09-13 07:52:51,110] [runserver.py:147] [runserver:log_action] [INFO]- HTTP POST /admin/app01/permission/add/ 302 [0.06, 127.0.0.1:49792]
[2024-09-13 07:52:51,284] [runserver.py:141] [runserver:log_action] [INFO]- HTTP GET /admin/app01/permission/add/ 200 [0.17, 127.0.0.1:49792]
[2024-09-13 07:52:51,318] [runserver.py:141] [runserver:log_action] [INFO]- HTTP GET /admin/jsi18n/ 200 [0.02, 127.0.0.1:49792]
[2024-09-13 07:55:05,348] [UserIP.py:90] [UserIP:process_response] [INFO]- 2024-09-13 07:55:05 C1010S3>Edwin None>None>None 127.0.0.1 127.0.0.1 /admin/app01/permission/add/ POST
[2024-09-13 07:55:05,361] [runserver.py:147] [runserver:log_action] [INFO]- HTTP POST /admin/app01/permission/add/ 302 [0.06, 127.0.0.1:49951]
[2024-09-13 07:55:05,563] [runserver.py:141] [runserver:log_action] [INFO]- HTTP GET /admin/app01/permission/add/ 200 [0.20, 127.0.0.1:49951]
[2024-09-13 07:55:05,598] [runserver.py:141] [runserver:log_action] [INFO]- HTTP GET /admin/jsi18n/ 200 [0.03, 127.0.0.1:49951]
[2024-09-13 07:55:22,897] [runserver.py:141] [runserver:log_action] [INFO]- HTTP GET /ABOProjectLessonL/Lesson_ProjectResult/ 200 [0.04, 127.0.0.1:49951]
[2024-09-13 07:55:23,009] [runserver.py:149] [runserver:log_action] [WARNING]- HTTP GET /static/css/bootstrap.min.css.map 404 [0.01, 127.0.0.1:49951]
[2024-09-13 07:55:23,036] [runserver.py:149] [runserver:log_action] [WARNING]- HTTP GET /static/js/lib/bootstrap.min.js.map 404 [0.01, 127.0.0.1:49951]
[2024-09-13 07:55:23,080] [runserver.py:162] [runserver:log_action] [INFO]- WebSocket HANDSHAKING /ws/msg/Reliability_Row_data/ [127.0.0.1:49975]
[2024-09-13 07:55:23,202] [runserver.py:149] [runserver:log_action] [WARNING]- HTTP GET /static/js/axios.min.map 404 [0.01, 127.0.0.1:49951]
[2024-09-13 07:55:23,210] [runserver.py:149] [runserver:log_action] [WARNING]- HTTP GET /static/js/xlsx/FileSaver.min.js.map 404 [0.02, 127.0.0.1:49972]
[2024-09-13 07:55:23,214] [runserver.py:158] [runserver:log_action] [INFO]- WebSocket CONNECT /ws/msg/Reliability_Row_data/ [127.0.0.1:49975]
[2024-09-13 07:55:23,346] [runserver.py:141] [runserver:log_action] [INFO]- HTTP GET /ABOProjectLessonL/Lesson_ProjectResult/?action=get&csrfmiddlewaretoken=uE9RtDuoYXeHlaiLby4XLNY761STsNruSGqCwrU6pZf8rlhbKItHx7o4QXOfMOSU 200 [0.03, 127.0.0.1:49972]
[2024-09-13 07:55:23,387] [runserver.py:141] [runserver:log_action] [INFO]- HTTP GET /favicon.ico 200 [0.05, 127.0.0.1:49951]
[2024-09-13 07:55:52,310] [runserver.py:141] [runserver:log_action] [INFO]- HTTP GET /ABOProjectLessonL/Lesson_SearchByProject/ 200 [0.04, 127.0.0.1:49951]
[2024-09-13 07:55:52,317] [runserver.py:160] [runserver:log_action] [INFO]- WebSocket DISCONNECT /ws/msg/Reliability_Row_data/ [127.0.0.1:49975]
[2024-09-13 07:55:52,396] [runserver.py:149] [runserver:log_action] [WARNING]- HTTP GET /static/css/bootstrap.min.css.map 404 [0.01, 127.0.0.1:49951]
[2024-09-13 07:55:52,409] [runserver.py:149] [runserver:log_action] [WARNING]- HTTP GET /static/js/lib/bootstrap.min.js.map 404 [0.01, 127.0.0.1:49951]
[2024-09-13 07:55:52,461] [runserver.py:162] [runserver:log_action] [INFO]- WebSocket HANDSHAKING /ws/msg/Reliability_Row_data/ [127.0.0.1:50030]
[2024-09-13 07:55:52,464] [runserver.py:158] [runserver:log_action] [INFO]- WebSocket CONNECT /ws/msg/Reliability_Row_data/ [127.0.0.1:50030]
[2024-09-13 07:55:52,556] [runserver.py:149] [runserver:log_action] [WARNING]- HTTP GET /static/js/axios.min.map 404 [0.01, 127.0.0.1:49951]
[2024-09-13 07:55:52,603] [runserver.py:149] [runserver:log_action] [WARNING]- HTTP GET /static/js/xlsx/FileSaver.min.js.map 404 [0.01, 127.0.0.1:49951]
[2024-09-13 07:55:52,759] [runserver.py:141] [runserver:log_action] [INFO]- HTTP GET /ABOProjectLessonL/Lesson_SearchByProject/?action=get&csrfmiddlewaretoken=ClsdBm2YGHQLv0TyEqdFJ2kTo8YT5fnN0nJYEasG7JRcBbSYdACpvmKQ84UfpgOd 200 [0.04, 127.0.0.1:49951]
[2024-09-13 07:55:52,810] [runserver.py:141] [runserver:log_action] [INFO]- HTTP GET /favicon.ico 200 [0.08, 127.0.0.1:49972]
[2024-09-13 07:56:58,221] [UserIP.py:90] [UserIP:process_response] [INFO]- 2024-09-13 07:56:58 C1010S3>Edwin None>None>None 127.0.0.1 127.0.0.1 /admin/app01/permission/add/ POST
[2024-09-13 07:56:58,232] [runserver.py:147] [runserver:log_action] [INFO]- HTTP POST /admin/app01/permission/add/ 302 [0.04, 127.0.0.1:50179]
[2024-09-13 07:56:59,008] [runserver.py:141] [runserver:log_action] [INFO]- HTTP GET /admin/app01/permission/ 200 [0.77, 127.0.0.1:50179]
[2024-09-13 07:56:59,045] [runserver.py:141] [runserver:log_action] [INFO]- HTTP GET /admin/jsi18n/ 200 [0.02, 127.0.0.1:50179]
[2024-09-13 08:02:50,168] [runserver.py:141] [runserver:log_action] [INFO]- HTTP GET /favicon.ico 200 [0.11, 127.0.0.1:57627]
