[2025-09-03 10:43:42,345] [UserIP.py:93] [UserIP:process_response] [INFO]- 2025-09-03 10:43:42: None/AnonymousUser/None> None/None/None > 127.0.0.1/127.0.0.1 > <AsgiRequest: GET '/'>
[2025-09-03 10:43:42,387] [runserver.py:147] [runserver:log_action] [INFO]- HTTP GET / 302 [0.13, 127.0.0.1:61400]
[2025-09-03 10:43:42,396] [UserIP.py:93] [UserIP:process_response] [INFO]- 2025-09-03 10:43:42: None/AnonymousUser/None> None/None/None > 127.0.0.1/127.0.0.1 > <AsgiRequest: GET '/login/'>
[2025-09-03 10:43:42,397] [runserver.py:141] [runserver:log_action] [INFO]- HTTP GET /login/ 200 [0.00, 127.0.0.1:61400]
[2025-09-03 10:43:42,529] [UserIP.py:93] [UserIP:process_response] [INFO]- 2025-09-03 10:43:42: None/AnonymousUser/None> None/None/None > 127.0.0.1/127.0.0.1 > <AsgiRequest: GET '/favicon.ico'>
[2025-09-03 10:43:42,532] [runserver.py:147] [runserver:log_action] [INFO]- HTTP GET /favicon.ico 302 [0.02, 127.0.0.1:61400]
[2025-09-03 10:43:42,539] [UserIP.py:93] [UserIP:process_response] [INFO]- 2025-09-03 10:43:42: None/AnonymousUser/None> None/None/None > 127.0.0.1/127.0.0.1 > <AsgiRequest: GET '/login/'>
[2025-09-03 10:43:42,540] [runserver.py:141] [runserver:log_action] [INFO]- HTTP GET /login/ 200 [0.00, 127.0.0.1:61400]
[2025-09-03 10:43:44,892] [UserIP.py:93] [UserIP:process_response] [INFO]- 2025-09-03 10:43:44: C1010S3/AnonymousUser/Edwin> None/None/None > 127.0.0.1/127.0.0.1 > <AsgiRequest: POST '/login/?next='>
[2025-09-03 10:43:44,911] [runserver.py:147] [runserver:log_action] [INFO]- HTTP POST /login/?next= 302 [0.08, 127.0.0.1:61400]
[2025-09-03 10:43:44,930] [UserIP.py:93] [UserIP:process_response] [INFO]- 2025-09-03 10:43:44: C1010S3/AnonymousUser/Edwin> None/None/None > 127.0.0.1/127.0.0.1 > <AsgiRequest: GET '/login/'>
[2025-09-03 10:43:44,945] [runserver.py:147] [runserver:log_action] [INFO]- HTTP GET /login/ 302 [0.03, 127.0.0.1:61400]
[2025-09-03 10:43:45,049] [UserIP.py:93] [UserIP:process_response] [INFO]- 2025-09-03 10:43:45: C1010S3/AnonymousUser/Edwin> None/None/None > 127.0.0.1/127.0.0.1 > <AsgiRequest: GET '/Navigations/'>
[2025-09-03 10:43:45,062] [runserver.py:141] [runserver:log_action] [INFO]- HTTP GET /Navigations/ 200 [0.11, 127.0.0.1:61400]
[2025-09-03 10:43:45,133] [runserver.py:145] [runserver:log_action] [INFO]- HTTP GET /static/css/lib/menubar/sidebar.css 304 [0.00, 127.0.0.1:61400]
[2025-09-03 10:43:45,441] [runserver.py:162] [runserver:log_action] [INFO]- WebSocket HANDSHAKING /ws/msg/Reliability_Row_data/ [127.0.0.1:56059]
[2025-09-03 10:43:45,610] [runserver.py:158] [runserver:log_action] [INFO]- WebSocket CONNECT /ws/msg/Reliability_Row_data/ [127.0.0.1:56059]
[2025-09-03 10:43:46,277] [UserIP.py:93] [UserIP:process_response] [INFO]- 2025-09-03 10:43:46: C1010S3/AnonymousUser/Edwin> None/None/None > 127.0.0.1/127.0.0.1 > <AsgiRequest: GET '/favicon.ico'>
[2025-09-03 10:43:46,317] [runserver.py:141] [runserver:log_action] [INFO]- HTTP GET /favicon.ico 200 [0.06, 127.0.0.1:61400]
[2025-09-03 13:50:50,760] [UserIP.py:93] [UserIP:process_response] [INFO]- 2025-09-03 13:50:50: C1010S3/AnonymousUser/Edwin> None/None/None > 127.0.0.1/127.0.0.1 > <AsgiRequest: GET '/Navigations/'>
[2025-09-03 13:50:50,782] [runserver.py:141] [runserver:log_action] [INFO]- HTTP GET /Navigations/ 200 [0.10, 127.0.0.1:55742]
[2025-09-03 13:50:50,877] [UserIP.py:93] [UserIP:process_response] [INFO]- 2025-09-03 13:50:50: C1010S3/AnonymousUser/Edwin> None/None/None > 127.0.0.1/127.0.0.1 > <AsgiRequest: GET '/.well-known/appspecific/com.chrome.devtools.json'>
[2025-09-03 13:50:50,894] [runserver.py:141] [runserver:log_action] [INFO]- HTTP GET /.well-known/appspecific/com.chrome.devtools.json 200 [0.05, 127.0.0.1:55742]
[2025-09-03 13:50:50,916] [runserver.py:149] [runserver:log_action] [WARNING]- HTTP GET /static/css/bootstrap.min.css.map 404 [0.01, 127.0.0.1:55742]
[2025-09-03 13:50:50,953] [runserver.py:149] [runserver:log_action] [WARNING]- HTTP GET /static/js/lib/bootstrap.min.js.map 404 [0.01, 127.0.0.1:55742]
[2025-09-03 13:50:50,994] [runserver.py:162] [runserver:log_action] [INFO]- WebSocket HANDSHAKING /ws/msg/Reliability_Row_data/ [127.0.0.1:53178]
[2025-09-03 13:50:51,010] [runserver.py:158] [runserver:log_action] [INFO]- WebSocket CONNECT /ws/msg/Reliability_Row_data/ [127.0.0.1:53178]
[2025-09-03 13:50:51,025] [runserver.py:149] [runserver:log_action] [WARNING]- HTTP GET /static/js/lib/bootstrap.min.js.map 404 [0.01, 127.0.0.1:55742]
[2025-09-03 13:50:51,089] [runserver.py:149] [runserver:log_action] [WARNING]- HTTP GET /static/js/axios.min.map 404 [0.01, 127.0.0.1:55742]
[2025-09-03 13:50:51,269] [UserIP.py:93] [UserIP:process_response] [INFO]- 2025-09-03 13:50:51: C1010S3/AnonymousUser/Edwin> None/None/None > 127.0.0.1/127.0.0.1 > <AsgiRequest: GET '/favicon.ico'>
[2025-09-03 13:50:51,300] [runserver.py:141] [runserver:log_action] [INFO]- HTTP GET /favicon.ico 200 [0.06, 127.0.0.1:55742]
[2025-09-03 13:50:56,482] [UserIP.py:93] [UserIP:process_response] [INFO]- 2025-09-03 13:50:56: C1010S3/AnonymousUser/Edwin> None/None/None > 127.0.0.1/127.0.0.1 > <AsgiRequest: GET '/admin/'>
[2025-09-03 13:50:56,494] [runserver.py:147] [runserver:log_action] [INFO]- HTTP GET /admin/ 302 [0.67, 127.0.0.1:55742]
[2025-09-03 13:50:56,569] [UserIP.py:93] [UserIP:process_response] [INFO]- 2025-09-03 13:50:56: C1010S3/AnonymousUser/Edwin> None/None/None > 127.0.0.1/127.0.0.1 > <AsgiRequest: GET '/admin/login/?next=/admin/'>
[2025-09-03 13:50:56,579] [runserver.py:141] [runserver:log_action] [INFO]- HTTP GET /admin/login/?next=/admin/ 200 [0.08, 127.0.0.1:55742]
[2025-09-03 13:50:56,609] [runserver.py:160] [runserver:log_action] [INFO]- WebSocket DISCONNECT /ws/msg/Reliability_Row_data/ [127.0.0.1:53178]
[2025-09-03 13:50:56,702] [UserIP.py:93] [UserIP:process_response] [INFO]- 2025-09-03 13:50:56: C1010S3/AnonymousUser/Edwin> None/None/None > 127.0.0.1/127.0.0.1 > <AsgiRequest: GET '/favicon.ico'>
[2025-09-03 13:50:56,730] [runserver.py:141] [runserver:log_action] [INFO]- HTTP GET /favicon.ico 200 [0.05, 127.0.0.1:55742]
[2025-09-03 13:51:10,449] [UserIP.py:93] [UserIP:process_response] [INFO]- 2025-09-03 13:51:10: C1010S3/edwin/Edwin> None/None/None > 127.0.0.1/127.0.0.1 > <AsgiRequest: POST '/admin/login/?next=/admin/'>
[2025-09-03 13:51:10,463] [runserver.py:147] [runserver:log_action] [INFO]- HTTP POST /admin/login/?next=/admin/ 302 [0.40, 127.0.0.1:61112]
[2025-09-03 13:51:11,627] [UserIP.py:93] [UserIP:process_response] [INFO]- 2025-09-03 13:51:11: C1010S3/edwin/Edwin> None/None/None > 127.0.0.1/127.0.0.1 > <AsgiRequest: GET '/admin/'>
[2025-09-03 13:51:11,666] [runserver.py:141] [runserver:log_action] [INFO]- HTTP GET /admin/ 200 [1.20, 127.0.0.1:61112]
[2025-09-03 13:51:11,933] [UserIP.py:93] [UserIP:process_response] [INFO]- 2025-09-03 13:51:11: C1010S3/edwin/Edwin> None/None/None > 127.0.0.1/127.0.0.1 > <AsgiRequest: GET '/favicon.ico'>
[2025-09-03 13:51:11,968] [runserver.py:141] [runserver:log_action] [INFO]- HTTP GET /favicon.ico 200 [0.08, 127.0.0.1:61112]
[2025-09-03 13:51:26,610] [UserIP.py:93] [UserIP:process_response] [INFO]- 2025-09-03 13:51:26: C1010S3/edwin/Edwin> None/None/None > 127.0.0.1/127.0.0.1 > <AsgiRequest: GET '/admin/TestPlanSW/testprojectsw/'>
[2025-09-03 13:51:26,626] [runserver.py:141] [runserver:log_action] [INFO]- HTTP GET /admin/TestPlanSW/testprojectsw/ 200 [1.10, 127.0.0.1:61112]
[2025-09-03 13:51:26,649] [UserIP.py:93] [UserIP:process_response] [INFO]- 2025-09-03 13:51:26: C1010S3/edwin/Edwin> None/None/None > 127.0.0.1/127.0.0.1 > <AsgiRequest: GET '/favicon.ico'>
[2025-09-03 13:51:26,679] [runserver.py:141] [runserver:log_action] [INFO]- HTTP GET /favicon.ico 200 [1.13, 127.0.0.1:55125]
[2025-09-03 13:51:26,701] [UserIP.py:93] [UserIP:process_response] [INFO]- 2025-09-03 13:51:26: C1010S3/edwin/Edwin> None/None/None > 127.0.0.1/127.0.0.1 > <AsgiRequest: GET '/admin/jsi18n/'>
[2025-09-03 13:51:26,710] [runserver.py:141] [runserver:log_action] [INFO]- HTTP GET /admin/jsi18n/ 200 [0.07, 127.0.0.1:61112]
[2025-09-03 13:51:36,863] [UserIP.py:93] [UserIP:process_response] [INFO]- 2025-09-03 13:51:36: C1010S3/edwin/Edwin> None/None/None > 127.0.0.1/127.0.0.1 > <AsgiRequest: GET '/admin/TestPlanSW/testplansw/'>
[2025-09-03 13:51:36,882] [runserver.py:141] [runserver:log_action] [INFO]- HTTP GET /admin/TestPlanSW/testplansw/ 200 [4.64, 127.0.0.1:61112]
[2025-09-03 13:51:36,919] [UserIP.py:93] [UserIP:process_response] [INFO]- 2025-09-03 13:51:36: C1010S3/edwin/Edwin> None/None/None > 127.0.0.1/127.0.0.1 > <AsgiRequest: GET '/favicon.ico'>
[2025-09-03 13:51:36,953] [runserver.py:141] [runserver:log_action] [INFO]- HTTP GET /favicon.ico 200 [4.70, 127.0.0.1:55125]
[2025-09-03 13:51:36,983] [UserIP.py:93] [UserIP:process_response] [INFO]- 2025-09-03 13:51:36: C1010S3/edwin/Edwin> None/None/None > 127.0.0.1/127.0.0.1 > <AsgiRequest: GET '/admin/jsi18n/'>
[2025-09-03 13:51:36,996] [runserver.py:141] [runserver:log_action] [INFO]- HTTP GET /admin/jsi18n/ 200 [0.10, 127.0.0.1:54846]
[2025-09-03 13:51:45,796] [UserIP.py:93] [UserIP:process_response] [INFO]- 2025-09-03 13:51:45: C1010S3/edwin/Edwin> None/None/None > 127.0.0.1/127.0.0.1 > <AsgiRequest: GET '/admin/TestPlanSW/testplansw/476207/change/'>
[2025-09-03 13:51:48,172] [UserIP.py:93] [UserIP:process_response] [INFO]- 2025-09-03 13:51:48: C1010S3/edwin/Edwin> None/None/None > 127.0.0.1/127.0.0.1 > <AsgiRequest: GET '/admin/TestPlanSW/testplansw/476207/change/'>
[2025-09-03 13:51:48,188] [runserver.py:141] [runserver:log_action] [INFO]- HTTP GET /admin/TestPlanSW/testplansw/476207/change/ 200 [3.07, 127.0.0.1:55125]
[2025-09-03 13:51:48,228] [UserIP.py:93] [UserIP:process_response] [INFO]- 2025-09-03 13:51:48: C1010S3/edwin/Edwin> None/None/None > 127.0.0.1/127.0.0.1 > <AsgiRequest: GET '/admin/jsi18n/'>
[2025-09-03 13:51:48,243] [runserver.py:141] [runserver:log_action] [INFO]- HTTP GET /admin/jsi18n/ 200 [0.04, 127.0.0.1:55125]
[2025-09-03 14:31:56,451] [UserIP.py:93] [UserIP:process_response] [INFO]- 2025-09-03 14:31:56: C1010S3/edwin/Edwin> None/None/None > 127.0.0.1/127.0.0.1 > <AsgiRequest: GET '/TestPlanSW/TestPlanSW-search/'>
[2025-09-03 14:31:56,471] [runserver.py:141] [runserver:log_action] [INFO]- HTTP GET /TestPlanSW/TestPlanSW-search/ 200 [0.21, 127.0.0.1:53350]
[2025-09-03 14:31:56,496] [runserver.py:160] [runserver:log_action] [INFO]- WebSocket DISCONNECT /ws/msg/Reliability_Row_data/ [127.0.0.1:56059]
[2025-09-03 14:31:56,582] [runserver.py:162] [runserver:log_action] [INFO]- WebSocket HANDSHAKING /ws/msg/Reliability_Row_data/ [127.0.0.1:51078]
[2025-09-03 14:31:56,586] [runserver.py:158] [runserver:log_action] [INFO]- WebSocket CONNECT /ws/msg/Reliability_Row_data/ [127.0.0.1:51078]
[2025-09-03 14:31:56,986] [UserIP.py:93] [UserIP:process_response] [INFO]- 2025-09-03 14:31:56: C1010S3/edwin/Edwin> None/None/None > 127.0.0.1/127.0.0.1 > <AsgiRequest: GET '/TestPlanSW/TestPlanSW-search/?action=first'>
[2025-09-03 14:31:57,014] [runserver.py:141] [runserver:log_action] [INFO]- HTTP GET /TestPlanSW/TestPlanSW-search/?action=first 200 [0.17, 127.0.0.1:53350]
[2025-09-03 14:31:57,168] [UserIP.py:93] [UserIP:process_response] [INFO]- 2025-09-03 14:31:57: C1010S3/edwin/Edwin> None/None/None > 127.0.0.1/127.0.0.1 > <AsgiRequest: POST '/TestPlanSW/TestPlanSW-search/'>
[2025-09-03 14:31:57,184] [runserver.py:141] [runserver:log_action] [INFO]- HTTP POST /TestPlanSW/TestPlanSW-search/ 200 [0.33, 127.0.0.1:53183]
[2025-09-03 14:31:57,230] [UserIP.py:93] [UserIP:process_response] [INFO]- 2025-09-03 14:31:57: C1010S3/edwin/Edwin> None/None/None > 127.0.0.1/127.0.0.1 > <AsgiRequest: GET '/favicon.ico'>
[2025-09-03 14:31:57,258] [runserver.py:141] [runserver:log_action] [INFO]- HTTP GET /favicon.ico 200 [0.40, 127.0.0.1:53483]
[2025-09-03 14:34:49,180] [UserIP.py:93] [UserIP:process_response] [INFO]- 2025-09-03 14:34:49: C1010S3/edwin/Edwin> None/None/None > 127.0.0.1/127.0.0.1 > <AsgiRequest: POST '/TestPlanSW/TestPlanSW-search/'>
[2025-09-03 14:34:49,192] [runserver.py:141] [runserver:log_action] [INFO]- HTTP POST /TestPlanSW/TestPlanSW-search/ 200 [2.54, 127.0.0.1:62383]
[2025-09-03 14:34:51,700] [UserIP.py:93] [UserIP:process_response] [INFO]- 2025-09-03 14:34:51: C1010S3/edwin/Edwin> None/None/None > 127.0.0.1/127.0.0.1 > <AsgiRequest: POST '/TestPlanSW/TestPlanSW-search/'>
[2025-09-03 14:34:51,713] [runserver.py:141] [runserver:log_action] [INFO]- HTTP POST /TestPlanSW/TestPlanSW-search/ 200 [0.42, 127.0.0.1:62383]
[2025-09-03 14:34:54,601] [UserIP.py:93] [UserIP:process_response] [INFO]- 2025-09-03 14:34:54: C1010S3/edwin/Edwin> None/None/None > 127.0.0.1/127.0.0.1 > <AsgiRequest: GET '/TestPlanSW/TestPlanSW-search/?action=getCategory&customer=C38(NB)&project=GLMS1&phase=0'>
[2025-09-03 14:34:54,614] [runserver.py:141] [runserver:log_action] [INFO]- HTTP GET /TestPlanSW/TestPlanSW-search/?action=getCategory&customer=C38(NB)&project=GLMS1&phase=0 200 [0.22, 127.0.0.1:62383]
[2025-09-03 14:34:55,739] [UserIP.py:93] [UserIP:process_response] [INFO]- 2025-09-03 14:34:55: C1010S3/edwin/Edwin> None/None/None > 127.0.0.1/127.0.0.1 > <AsgiRequest: GET '/TestPlanSW/TestPlanSW-search/?action=getContent&customer=C38(NB)&project=GLMS1&phase=0&category='>
[2025-09-03 14:34:55,751] [runserver.py:141] [runserver:log_action] [INFO]- HTTP GET /TestPlanSW/TestPlanSW-search/?action=getContent&customer=C38(NB)&project=GLMS1&phase=0&category= 200 [0.85, 127.0.0.1:62383]
[2025-09-03 14:34:57,586] [UserIP.py:93] [UserIP:process_response] [INFO]- 2025-09-03 14:34:57: C1010S3/edwin/Edwin> None/None/None > 127.0.0.1/127.0.0.1 > <AsgiRequest: POST '/TestPlanSW/TestPlanSW-search/'>
[2025-09-03 14:34:57,602] [runserver.py:141] [runserver:log_action] [INFO]- HTTP POST /TestPlanSW/TestPlanSW-search/ 200 [0.22, 127.0.0.1:62383]
[2025-09-03 14:35:02,936] [UserIP.py:93] [UserIP:process_response] [INFO]- 2025-09-03 14:35:02: C1010S3/edwin/Edwin> None/None/None > 127.0.0.1/127.0.0.1 > <AsgiRequest: POST '/TestPlanSW/TestPlanSW-search/'>
[2025-09-03 14:35:02,950] [runserver.py:141] [runserver:log_action] [INFO]- HTTP POST /TestPlanSW/TestPlanSW-search/ 200 [0.23, 127.0.0.1:62383]
[2025-09-03 14:35:58,995] [UserIP.py:93] [UserIP:process_response] [INFO]- 2025-09-03 14:35:58: C1010S3/edwin/Edwin> None/None/None > 127.0.0.1/127.0.0.1 > <AsgiRequest: GET '/TestPlanSW/TestPlanSW-search/?action=getCategory&customer=C38(NB)&project=GLMS1&phase=24'>
[2025-09-03 14:35:59,007] [runserver.py:141] [runserver:log_action] [INFO]- HTTP GET /TestPlanSW/TestPlanSW-search/?action=getCategory&customer=C38(NB)&project=GLMS1&phase=24 200 [0.16, 127.0.0.1:62383]
[2025-09-03 14:36:01,180] [UserIP.py:93] [UserIP:process_response] [INFO]- 2025-09-03 14:36:01: C1010S3/edwin/Edwin> None/None/None > 127.0.0.1/127.0.0.1 > <AsgiRequest: GET '/TestPlanSW/TestPlanSW-search/?action=getContent&customer=C38(NB)&project=GLMS1&phase=24&category='>
[2025-09-03 14:36:01,191] [runserver.py:141] [runserver:log_action] [INFO]- HTTP GET /TestPlanSW/TestPlanSW-search/?action=getContent&customer=C38(NB)&project=GLMS1&phase=24&category= 200 [1.02, 127.0.0.1:62383]
[2025-09-03 14:36:02,862] [UserIP.py:93] [UserIP:process_response] [INFO]- 2025-09-03 14:36:02: C1010S3/edwin/Edwin> None/None/None > 127.0.0.1/127.0.0.1 > <AsgiRequest: POST '/TestPlanSW/TestPlanSW-search/'>
[2025-09-03 14:36:02,876] [runserver.py:141] [runserver:log_action] [INFO]- HTTP POST /TestPlanSW/TestPlanSW-search/ 200 [0.23, 127.0.0.1:62383]
[2025-09-03 14:36:13,051] [UserIP.py:93] [UserIP:process_response] [INFO]- 2025-09-03 14:36:13: C1010S3/edwin/Edwin> None/None/None > 127.0.0.1/127.0.0.1 > <AsgiRequest: POST '/TestPlanSW/TestPlanSW-search/'>
[2025-09-03 14:36:13,066] [runserver.py:141] [runserver:log_action] [INFO]- HTTP POST /TestPlanSW/TestPlanSW-search/ 200 [0.24, 127.0.0.1:62383]
[2025-09-03 14:36:32,104] [UserIP.py:93] [UserIP:process_response] [INFO]- 2025-09-03 14:36:32: C1010S3/edwin/Edwin> None/None/None > 127.0.0.1/127.0.0.1 > <AsgiRequest: GET '/TestPlanSW/TestPlanSW-edit/'>
[2025-09-03 14:36:32,123] [runserver.py:141] [runserver:log_action] [INFO]- HTTP GET /TestPlanSW/TestPlanSW-edit/ 200 [0.16, 127.0.0.1:62383]
[2025-09-03 14:36:32,188] [runserver.py:160] [runserver:log_action] [INFO]- WebSocket DISCONNECT /ws/msg/Reliability_Row_data/ [127.0.0.1:51078]
[2025-09-03 14:36:32,216] [runserver.py:162] [runserver:log_action] [INFO]- WebSocket HANDSHAKING /ws/msg/Reliability_Row_data/ [127.0.0.1:64063]
[2025-09-03 14:36:32,222] [runserver.py:158] [runserver:log_action] [INFO]- WebSocket CONNECT /ws/msg/Reliability_Row_data/ [127.0.0.1:64063]
[2025-09-03 14:36:32,554] [UserIP.py:93] [UserIP:process_response] [INFO]- 2025-09-03 14:36:32: C1010S3/edwin/Edwin> None/None/None > 127.0.0.1/127.0.0.1 > <AsgiRequest: GET '/TestPlanSW/TestPlanSW-edit/?action=first'>
[2025-09-03 14:36:32,569] [runserver.py:141] [runserver:log_action] [INFO]- HTTP GET /TestPlanSW/TestPlanSW-edit/?action=first 200 [0.17, 127.0.0.1:62383]
[2025-09-03 14:36:32,604] [UserIP.py:93] [UserIP:process_response] [INFO]- 2025-09-03 14:36:32: C1010S3/edwin/Edwin> None/None/None > 127.0.0.1/127.0.0.1 > <AsgiRequest: GET '/favicon.ico'>
[2025-09-03 14:36:32,642] [runserver.py:141] [runserver:log_action] [INFO]- HTTP GET /favicon.ico 200 [0.21, 127.0.0.1:50052]
[2025-09-03 14:36:39,916] [UserIP.py:93] [UserIP:process_response] [INFO]- 2025-09-03 14:36:39: C1010S3/edwin/Edwin> None/None/None > 127.0.0.1/127.0.0.1 > <AsgiRequest: GET '/TestPlanSW/TestPlanSW-edit/?action=getCategory&customer=C38(NB)&project=FLIT4&phase=24'>
[2025-09-03 14:36:39,930] [runserver.py:141] [runserver:log_action] [INFO]- HTTP GET /TestPlanSW/TestPlanSW-edit/?action=getCategory&customer=C38(NB)&project=FLIT4&phase=24 200 [0.91, 127.0.0.1:50052]
[2025-09-03 14:36:42,224] [UserIP.py:93] [UserIP:process_response] [INFO]- 2025-09-03 14:36:42: C1010S3/edwin/Edwin> None/None/None > 127.0.0.1/127.0.0.1 > <AsgiRequest: GET '/TestPlanSW/TestPlanSW-edit/?action=getContent&customer=C38(NB)&project=FLIT4&phase=24&category=Application'>
[2025-09-03 14:36:42,239] [runserver.py:141] [runserver:log_action] [INFO]- HTTP GET /TestPlanSW/TestPlanSW-edit/?action=getContent&customer=C38(NB)&project=FLIT4&phase=24&category=Application 200 [0.30, 127.0.0.1:50052]
[2025-09-03 14:36:52,752] [UserIP.py:93] [UserIP:process_response] [INFO]- 2025-09-03 14:36:52: C1010S3/edwin/Edwin> None/None/None > 127.0.0.1/127.0.0.1 > <AsgiRequest: GET '/TestPlanSW/TestPlanSW-edit/?action=getContent&customer=C38(NB)&project=FLIT4&phase=24&category=BT%20Folio%20Case'>
[2025-09-03 14:36:52,764] [runserver.py:141] [runserver:log_action] [INFO]- HTTP GET /TestPlanSW/TestPlanSW-edit/?action=getContent&customer=C38(NB)&project=FLIT4&phase=24&category=BT%20Folio%20Case 200 [0.20, 127.0.0.1:50052]
[2025-09-03 15:14:31,245] [UserIP.py:93] [UserIP:process_response] [INFO]- 2025-09-03 15:14:31: C1010S3/edwin/Edwin> None/None/None > 127.0.0.1/127.0.0.1 > <AsgiRequest: GET '/TestPlanSW/TestPlanSW-search/'>
[2025-09-03 15:14:31,263] [runserver.py:141] [runserver:log_action] [INFO]- HTTP GET /TestPlanSW/TestPlanSW-search/ 200 [0.26, 127.0.0.1:56249]
[2025-09-03 15:14:31,346] [runserver.py:162] [runserver:log_action] [INFO]- WebSocket HANDSHAKING /ws/msg/Reliability_Row_data/ [127.0.0.1:61947]
[2025-09-03 15:14:31,436] [runserver.py:158] [runserver:log_action] [INFO]- WebSocket CONNECT /ws/msg/Reliability_Row_data/ [127.0.0.1:61947]
[2025-09-03 15:14:31,667] [UserIP.py:93] [UserIP:process_response] [INFO]- 2025-09-03 15:14:31: C1010S3/edwin/Edwin> None/None/None > 127.0.0.1/127.0.0.1 > <AsgiRequest: POST '/TestPlanSW/TestPlanSW-search/'>
[2025-09-03 15:14:31,681] [runserver.py:141] [runserver:log_action] [INFO]- HTTP POST /TestPlanSW/TestPlanSW-search/ 200 [0.13, 127.0.0.1:56249]
[2025-09-03 15:14:31,703] [UserIP.py:93] [UserIP:process_response] [INFO]- 2025-09-03 15:14:31: C1010S3/edwin/Edwin> None/None/None > 127.0.0.1/127.0.0.1 > <AsgiRequest: GET '/favicon.ico'>
[2025-09-03 15:14:31,733] [runserver.py:141] [runserver:log_action] [INFO]- HTTP GET /favicon.ico 200 [0.17, 127.0.0.1:51513]
[2025-09-03 15:14:37,781] [UserIP.py:93] [UserIP:process_response] [INFO]- 2025-09-03 15:14:37: C1010S3/edwin/Edwin> None/None/None > 127.0.0.1/127.0.0.1 > <AsgiRequest: POST '/TestPlanSW/TestPlanSW-search/'>
[2025-09-03 15:14:37,795] [runserver.py:141] [runserver:log_action] [INFO]- HTTP POST /TestPlanSW/TestPlanSW-search/ 200 [2.60, 127.0.0.1:51513]
[2025-09-03 15:14:39,532] [UserIP.py:93] [UserIP:process_response] [INFO]- 2025-09-03 15:14:39: C1010S3/edwin/Edwin> None/None/None > 127.0.0.1/127.0.0.1 > <AsgiRequest: POST '/TestPlanSW/TestPlanSW-search/'>
[2025-09-03 15:14:39,545] [runserver.py:141] [runserver:log_action] [INFO]- HTTP POST /TestPlanSW/TestPlanSW-search/ 200 [0.35, 127.0.0.1:51513]
[2025-09-03 15:14:43,371] [UserIP.py:93] [UserIP:process_response] [INFO]- 2025-09-03 15:14:43: C1010S3/edwin/Edwin> None/None/None > 127.0.0.1/127.0.0.1 > <AsgiRequest: GET '/TestPlanSW/TestPlanSW-search/?action=getCategory&customer=C38(NB)&project=GLS1A1B&phase=4'>
[2025-09-03 15:14:43,384] [runserver.py:141] [runserver:log_action] [INFO]- HTTP GET /TestPlanSW/TestPlanSW-search/?action=getCategory&customer=C38(NB)&project=GLS1A1B&phase=4 200 [0.23, 127.0.0.1:51513]
[2025-09-03 15:14:45,315] [log.py:228] [log:log_response] [ERROR]- Internal Server Error: /TestPlanSW/TestPlanSW-search/
Traceback (most recent call last):
  File "C:\Python3129\mecheck\lib\site-packages\django\db\backends\utils.py", line 85, in _execute
    return self.cursor.execute(sql, params)
  File "C:\Python3129\mecheck\lib\site-packages\django\db\backends\mysql\base.py", line 71, in execute
    return self.cursor.execute(query, args)
  File "C:\Python3129\mecheck\lib\site-packages\pymysql\cursors.py", line 170, in execute
    result = self._query(query)
  File "C:\Python3129\mecheck\lib\site-packages\pymysql\cursors.py", line 328, in _query
    conn.query(q)
  File "C:\Python3129\mecheck\lib\site-packages\pymysql\connections.py", line 517, in query
    self._affected_rows = self._read_query_result(unbuffered=unbuffered)
  File "C:\Python3129\mecheck\lib\site-packages\pymysql\connections.py", line 732, in _read_query_result
    result.read()
  File "C:\Python3129\mecheck\lib\site-packages\pymysql\connections.py", line 1075, in read
    first_packet = self.connection._read_packet()
  File "C:\Python3129\mecheck\lib\site-packages\pymysql\connections.py", line 684, in _read_packet
    packet.check_error()
  File "C:\Python3129\mecheck\lib\site-packages\pymysql\protocol.py", line 220, in check_error
    err.raise_mysql_exception(self._data)
  File "C:\Python3129\mecheck\lib\site-packages\pymysql\err.py", line 109, in raise_mysql_exception
    raise errorclass(errno, errval)
pymysql.err.InternalError: (1054, "Unknown column 'TestPlanSW_testplansw.RevisedbasetimeorAttendedtime' in 'field list'")

The above exception was the direct cause of the following exception:

Traceback (most recent call last):
  File "C:\Python3129\mecheck\lib\site-packages\django\core\handlers\exception.py", line 34, in inner
    response = get_response(request)
  File "C:\Python3129\mecheck\lib\site-packages\django\core\handlers\base.py", line 126, in _get_response
    response = self.process_exception_by_middleware(e, request)
  File "C:\Python3129\mecheck\lib\site-packages\django\core\handlers\base.py", line 124, in _get_response
    response = wrapped_callback(request, *callback_args, **callback_kwargs)
  File "C:\Python3129\mecheck\lib\site-packages\django\views\decorators\csrf.py", line 54, in wrapped_view
    return view_func(*args, **kwargs)
  File "C:\djangoproject\Reliability_Row_data\TestPlanSW\views.py", line 5513, in TestPlanSW_search
    for i in TestPlanSW.objects.filter(**dicPlan):
  File "C:\Python3129\mecheck\lib\site-packages\django\db\models\query.py", line 268, in __iter__
    self._fetch_all()
  File "C:\Python3129\mecheck\lib\site-packages\django\db\models\query.py", line 1186, in _fetch_all
    self._result_cache = list(self._iterable_class(self))
  File "C:\Python3129\mecheck\lib\site-packages\django\db\models\query.py", line 54, in __iter__
    results = compiler.execute_sql(chunked_fetch=self.chunked_fetch, chunk_size=self.chunk_size)
  File "C:\Python3129\mecheck\lib\site-packages\django\db\models\sql\compiler.py", line 1065, in execute_sql
    cursor.execute(sql, params)
  File "C:\Python3129\mecheck\lib\site-packages\django\db\backends\utils.py", line 100, in execute
    return super().execute(sql, params)
  File "C:\Python3129\mecheck\lib\site-packages\django\db\backends\utils.py", line 68, in execute
    return self._execute_with_wrappers(sql, params, many=False, executor=self._execute)
  File "C:\Python3129\mecheck\lib\site-packages\django\db\backends\utils.py", line 77, in _execute_with_wrappers
    return executor(sql, params, many, context)
  File "C:\Python3129\mecheck\lib\site-packages\django\db\backends\utils.py", line 85, in _execute
    return self.cursor.execute(sql, params)
  File "C:\Python3129\mecheck\lib\site-packages\django\db\utils.py", line 89, in __exit__
    raise dj_exc_value.with_traceback(traceback) from exc_value
  File "C:\Python3129\mecheck\lib\site-packages\django\db\backends\utils.py", line 85, in _execute
    return self.cursor.execute(sql, params)
  File "C:\Python3129\mecheck\lib\site-packages\django\db\backends\mysql\base.py", line 71, in execute
    return self.cursor.execute(query, args)
  File "C:\Python3129\mecheck\lib\site-packages\pymysql\cursors.py", line 170, in execute
    result = self._query(query)
  File "C:\Python3129\mecheck\lib\site-packages\pymysql\cursors.py", line 328, in _query
    conn.query(q)
  File "C:\Python3129\mecheck\lib\site-packages\pymysql\connections.py", line 517, in query
    self._affected_rows = self._read_query_result(unbuffered=unbuffered)
  File "C:\Python3129\mecheck\lib\site-packages\pymysql\connections.py", line 732, in _read_query_result
    result.read()
  File "C:\Python3129\mecheck\lib\site-packages\pymysql\connections.py", line 1075, in read
    first_packet = self.connection._read_packet()
  File "C:\Python3129\mecheck\lib\site-packages\pymysql\connections.py", line 684, in _read_packet
    packet.check_error()
  File "C:\Python3129\mecheck\lib\site-packages\pymysql\protocol.py", line 220, in check_error
    err.raise_mysql_exception(self._data)
  File "C:\Python3129\mecheck\lib\site-packages\pymysql\err.py", line 109, in raise_mysql_exception
    raise errorclass(errno, errval)
django.db.utils.InternalError: (1054, "Unknown column 'TestPlanSW_testplansw.RevisedbasetimeorAttendedtime' in 'field list'")
[2025-09-03 15:14:45,344] [UserIP.py:93] [UserIP:process_response] [INFO]- 2025-09-03 15:14:45: C1010S3/edwin/Edwin> None/None/None > 127.0.0.1/127.0.0.1 > <AsgiRequest: GET '/TestPlanSW/TestPlanSW-search/?action=getContent&customer=C38(NB)&project=GLS1A1B&phase=4&category='>
[2025-09-03 15:14:45,346] [runserver.py:154] [runserver:log_action] [ERROR]- HTTP GET /TestPlanSW/TestPlanSW-search/?action=getContent&customer=C38(NB)&project=GLS1A1B&phase=4&category= 500 [1.50, 127.0.0.1:51513]
[2025-09-03 15:14:54,889] [UserIP.py:93] [UserIP:process_response] [INFO]- 2025-09-03 15:14:54: C1010S3/edwin/Edwin> None/None/None > 127.0.0.1/127.0.0.1 > <AsgiRequest: GET '/.well-known/appspecific/com.chrome.devtools.json'>
[2025-09-03 15:14:54,918] [runserver.py:141] [runserver:log_action] [INFO]- HTTP GET /.well-known/appspecific/com.chrome.devtools.json 200 [0.06, 127.0.0.1:51513]
[2025-09-03 15:14:55,074] [runserver.py:149] [runserver:log_action] [WARNING]- HTTP GET /static/js/lib/bootstrap.min.js.map 404 [0.01, 127.0.0.1:51513]
[2025-09-03 15:14:55,089] [runserver.py:149] [runserver:log_action] [WARNING]- HTTP GET /static/js/axios.min.map 404 [0.02, 127.0.0.1:56249]
[2025-09-03 15:14:55,095] [runserver.py:149] [runserver:log_action] [WARNING]- HTTP GET /static/js/xlsx/FileSaver.min.js.map 404 [0.02, 127.0.0.1:55755]
[2025-09-03 15:14:55,117] [runserver.py:149] [runserver:log_action] [WARNING]- HTTP GET /static/css/bootstrap.min.css.map 404 [0.01, 127.0.0.1:55755]
[2025-09-03 15:15:28,134] [UserIP.py:93] [UserIP:process_response] [INFO]- 2025-09-03 15:15:28: C1010S3/edwin/Edwin> None/None/None > 127.0.0.1/127.0.0.1 > <AsgiRequest: GET '/TestPlanSW/TestPlanSW-search/?action=getCategory&customer=C38(NB)&project=FLMA0&phase=0'>
[2025-09-03 15:15:28,148] [runserver.py:141] [runserver:log_action] [INFO]- HTTP GET /TestPlanSW/TestPlanSW-search/?action=getCategory&customer=C38(NB)&project=FLMA0&phase=0 200 [0.17, 127.0.0.1:55755]
[2025-09-03 15:15:30,103] [UserIP.py:93] [UserIP:process_response] [INFO]- 2025-09-03 15:15:30: C1010S3/edwin/Edwin> None/None/None > 127.0.0.1/127.0.0.1 > <AsgiRequest: GET '/TestPlanSW/TestPlanSW-search/'>
[2025-09-03 15:15:30,132] [runserver.py:141] [runserver:log_action] [INFO]- HTTP GET /TestPlanSW/TestPlanSW-search/ 200 [0.17, 127.0.0.1:55755]
[2025-09-03 15:15:30,152] [runserver.py:160] [runserver:log_action] [INFO]- WebSocket DISCONNECT /ws/msg/Reliability_Row_data/ [127.0.0.1:61947]
[2025-09-03 15:15:30,194] [UserIP.py:93] [UserIP:process_response] [INFO]- 2025-09-03 15:15:30: C1010S3/edwin/Edwin> None/None/None > 127.0.0.1/127.0.0.1 > <AsgiRequest: GET '/.well-known/appspecific/com.chrome.devtools.json'>
[2025-09-03 15:15:30,220] [runserver.py:141] [runserver:log_action] [INFO]- HTTP GET /.well-known/appspecific/com.chrome.devtools.json 200 [0.04, 127.0.0.1:55755]
[2025-09-03 15:15:30,230] [runserver.py:149] [runserver:log_action] [WARNING]- HTTP GET /static/css/bootstrap.min.css.map 404 [0.01, 127.0.0.1:55755]
[2025-09-03 15:15:30,246] [runserver.py:149] [runserver:log_action] [WARNING]- HTTP GET /static/js/lib/bootstrap.min.js.map 404 [0.01, 127.0.0.1:55755]
[2025-09-03 15:15:30,278] [runserver.py:162] [runserver:log_action] [INFO]- WebSocket HANDSHAKING /ws/msg/Reliability_Row_data/ [127.0.0.1:51185]
[2025-09-03 15:15:30,280] [runserver.py:158] [runserver:log_action] [INFO]- WebSocket CONNECT /ws/msg/Reliability_Row_data/ [127.0.0.1:51185]
[2025-09-03 15:15:30,349] [runserver.py:149] [runserver:log_action] [WARNING]- HTTP GET /static/js/axios.min.map 404 [0.01, 127.0.0.1:55755]
[2025-09-03 15:15:30,355] [runserver.py:149] [runserver:log_action] [WARNING]- HTTP GET /static/js/xlsx/FileSaver.min.js.map 404 [0.01, 127.0.0.1:56249]
[2025-09-03 15:15:30,617] [UserIP.py:93] [UserIP:process_response] [INFO]- 2025-09-03 15:15:30: C1010S3/edwin/Edwin> None/None/None > 127.0.0.1/127.0.0.1 > <AsgiRequest: GET '/TestPlanSW/TestPlanSW-search/?action=first'>
[2025-09-03 15:15:30,630] [runserver.py:141] [runserver:log_action] [INFO]- HTTP GET /TestPlanSW/TestPlanSW-search/?action=first 200 [0.14, 127.0.0.1:56249]
[2025-09-03 15:15:30,758] [UserIP.py:93] [UserIP:process_response] [INFO]- 2025-09-03 15:15:30: C1010S3/edwin/Edwin> None/None/None > 127.0.0.1/127.0.0.1 > <AsgiRequest: POST '/TestPlanSW/TestPlanSW-search/'>
[2025-09-03 15:15:30,768] [runserver.py:141] [runserver:log_action] [INFO]- HTTP POST /TestPlanSW/TestPlanSW-search/ 200 [0.27, 127.0.0.1:55755]
[2025-09-03 15:15:30,783] [UserIP.py:93] [UserIP:process_response] [INFO]- 2025-09-03 15:15:30: C1010S3/edwin/Edwin> None/None/None > 127.0.0.1/127.0.0.1 > <AsgiRequest: GET '/favicon.ico'>
[2025-09-03 15:15:30,813] [runserver.py:141] [runserver:log_action] [INFO]- HTTP GET /favicon.ico 200 [0.31, 127.0.0.1:51513]
[2025-09-03 15:15:37,442] [UserIP.py:93] [UserIP:process_response] [INFO]- 2025-09-03 15:15:37: C1010S3/edwin/Edwin> None/None/None > 127.0.0.1/127.0.0.1 > <AsgiRequest: POST '/TestPlanSW/TestPlanSW-search/'>
[2025-09-03 15:15:37,455] [runserver.py:141] [runserver:log_action] [INFO]- HTTP POST /TestPlanSW/TestPlanSW-search/ 200 [2.43, 127.0.0.1:51513]
[2025-09-03 15:15:40,745] [UserIP.py:93] [UserIP:process_response] [INFO]- 2025-09-03 15:15:40: C1010S3/edwin/Edwin> None/None/None > 127.0.0.1/127.0.0.1 > <AsgiRequest: POST '/TestPlanSW/TestPlanSW-search/'>
[2025-09-03 15:15:40,756] [runserver.py:141] [runserver:log_action] [INFO]- HTTP POST /TestPlanSW/TestPlanSW-search/ 200 [0.41, 127.0.0.1:51513]
[2025-09-03 15:15:44,492] [UserIP.py:93] [UserIP:process_response] [INFO]- 2025-09-03 15:15:44: C1010S3/edwin/Edwin> None/None/None > 127.0.0.1/127.0.0.1 > <AsgiRequest: GET '/TestPlanSW/TestPlanSW-search/?action=getCategory&customer=C38(NB)&project=GLMS1&phase=4'>
[2025-09-03 15:15:44,503] [runserver.py:141] [runserver:log_action] [INFO]- HTTP GET /TestPlanSW/TestPlanSW-search/?action=getCategory&customer=C38(NB)&project=GLMS1&phase=4 200 [0.22, 127.0.0.1:51513]
[2025-09-03 15:15:45,807] [log.py:228] [log:log_response] [ERROR]- Internal Server Error: /TestPlanSW/TestPlanSW-search/
Traceback (most recent call last):
  File "C:\Python3129\mecheck\lib\site-packages\django\db\backends\utils.py", line 85, in _execute
    return self.cursor.execute(sql, params)
  File "C:\Python3129\mecheck\lib\site-packages\django\db\backends\mysql\base.py", line 71, in execute
    return self.cursor.execute(query, args)
  File "C:\Python3129\mecheck\lib\site-packages\pymysql\cursors.py", line 170, in execute
    result = self._query(query)
  File "C:\Python3129\mecheck\lib\site-packages\pymysql\cursors.py", line 328, in _query
    conn.query(q)
  File "C:\Python3129\mecheck\lib\site-packages\pymysql\connections.py", line 517, in query
    self._affected_rows = self._read_query_result(unbuffered=unbuffered)
  File "C:\Python3129\mecheck\lib\site-packages\pymysql\connections.py", line 732, in _read_query_result
    result.read()
  File "C:\Python3129\mecheck\lib\site-packages\pymysql\connections.py", line 1075, in read
    first_packet = self.connection._read_packet()
  File "C:\Python3129\mecheck\lib\site-packages\pymysql\connections.py", line 684, in _read_packet
    packet.check_error()
  File "C:\Python3129\mecheck\lib\site-packages\pymysql\protocol.py", line 220, in check_error
    err.raise_mysql_exception(self._data)
  File "C:\Python3129\mecheck\lib\site-packages\pymysql\err.py", line 109, in raise_mysql_exception
    raise errorclass(errno, errval)
pymysql.err.InternalError: (1054, "Unknown column 'TestPlanSW_testplansw.RevisedbasetimeorAttendedtime' in 'field list'")

The above exception was the direct cause of the following exception:

Traceback (most recent call last):
  File "C:\Python3129\mecheck\lib\site-packages\django\core\handlers\exception.py", line 34, in inner
    response = get_response(request)
  File "C:\Python3129\mecheck\lib\site-packages\django\core\handlers\base.py", line 126, in _get_response
    response = self.process_exception_by_middleware(e, request)
  File "C:\Python3129\mecheck\lib\site-packages\django\core\handlers\base.py", line 124, in _get_response
    response = wrapped_callback(request, *callback_args, **callback_kwargs)
  File "C:\Python3129\mecheck\lib\site-packages\django\views\decorators\csrf.py", line 54, in wrapped_view
    return view_func(*args, **kwargs)
  File "C:\djangoproject\Reliability_Row_data\TestPlanSW\views.py", line 5513, in TestPlanSW_search
    for i in TestPlanSW.objects.filter(**dicPlan):
  File "C:\Python3129\mecheck\lib\site-packages\django\db\models\query.py", line 268, in __iter__
    self._fetch_all()
  File "C:\Python3129\mecheck\lib\site-packages\django\db\models\query.py", line 1186, in _fetch_all
    self._result_cache = list(self._iterable_class(self))
  File "C:\Python3129\mecheck\lib\site-packages\django\db\models\query.py", line 54, in __iter__
    results = compiler.execute_sql(chunked_fetch=self.chunked_fetch, chunk_size=self.chunk_size)
  File "C:\Python3129\mecheck\lib\site-packages\django\db\models\sql\compiler.py", line 1065, in execute_sql
    cursor.execute(sql, params)
  File "C:\Python3129\mecheck\lib\site-packages\django\db\backends\utils.py", line 100, in execute
    return super().execute(sql, params)
  File "C:\Python3129\mecheck\lib\site-packages\django\db\backends\utils.py", line 68, in execute
    return self._execute_with_wrappers(sql, params, many=False, executor=self._execute)
  File "C:\Python3129\mecheck\lib\site-packages\django\db\backends\utils.py", line 77, in _execute_with_wrappers
    return executor(sql, params, many, context)
  File "C:\Python3129\mecheck\lib\site-packages\django\db\backends\utils.py", line 85, in _execute
    return self.cursor.execute(sql, params)
  File "C:\Python3129\mecheck\lib\site-packages\django\db\utils.py", line 89, in __exit__
    raise dj_exc_value.with_traceback(traceback) from exc_value
  File "C:\Python3129\mecheck\lib\site-packages\django\db\backends\utils.py", line 85, in _execute
    return self.cursor.execute(sql, params)
  File "C:\Python3129\mecheck\lib\site-packages\django\db\backends\mysql\base.py", line 71, in execute
    return self.cursor.execute(query, args)
  File "C:\Python3129\mecheck\lib\site-packages\pymysql\cursors.py", line 170, in execute
    result = self._query(query)
  File "C:\Python3129\mecheck\lib\site-packages\pymysql\cursors.py", line 328, in _query
    conn.query(q)
  File "C:\Python3129\mecheck\lib\site-packages\pymysql\connections.py", line 517, in query
    self._affected_rows = self._read_query_result(unbuffered=unbuffered)
  File "C:\Python3129\mecheck\lib\site-packages\pymysql\connections.py", line 732, in _read_query_result
    result.read()
  File "C:\Python3129\mecheck\lib\site-packages\pymysql\connections.py", line 1075, in read
    first_packet = self.connection._read_packet()
  File "C:\Python3129\mecheck\lib\site-packages\pymysql\connections.py", line 684, in _read_packet
    packet.check_error()
  File "C:\Python3129\mecheck\lib\site-packages\pymysql\protocol.py", line 220, in check_error
    err.raise_mysql_exception(self._data)
  File "C:\Python3129\mecheck\lib\site-packages\pymysql\err.py", line 109, in raise_mysql_exception
    raise errorclass(errno, errval)
django.db.utils.InternalError: (1054, "Unknown column 'TestPlanSW_testplansw.RevisedbasetimeorAttendedtime' in 'field list'")
[2025-09-03 15:15:45,818] [UserIP.py:93] [UserIP:process_response] [INFO]- 2025-09-03 15:15:45: C1010S3/edwin/Edwin> None/None/None > 127.0.0.1/127.0.0.1 > <AsgiRequest: GET '/TestPlanSW/TestPlanSW-search/?action=getContent&customer=C38(NB)&project=GLMS1&phase=4&category='>
[2025-09-03 15:15:45,821] [runserver.py:154] [runserver:log_action] [ERROR]- HTTP GET /TestPlanSW/TestPlanSW-search/?action=getContent&customer=C38(NB)&project=GLMS1&phase=4&category= 500 [0.99, 127.0.0.1:51513]
[2025-09-03 15:53:44,621] [UserIP.py:93] [UserIP:process_response] [INFO]- 2025-09-03 15:53:44: C1010S3/edwin/Edwin> None/None/None > 127.0.0.1/127.0.0.1 > <AsgiRequest: GET '/TestPlanSW/TestPlanSW-search/'>
[2025-09-03 15:53:44,658] [runserver.py:141] [runserver:log_action] [INFO]- HTTP GET /TestPlanSW/TestPlanSW-search/ 200 [0.19, 127.0.0.1:58078]
[2025-09-03 15:53:44,709] [UserIP.py:93] [UserIP:process_response] [INFO]- 2025-09-03 15:53:44: C1010S3/edwin/Edwin> None/None/None > 127.0.0.1/127.0.0.1 > <AsgiRequest: GET '/.well-known/appspecific/com.chrome.devtools.json'>
[2025-09-03 15:53:44,735] [runserver.py:141] [runserver:log_action] [INFO]- HTTP GET /.well-known/appspecific/com.chrome.devtools.json 200 [0.04, 127.0.0.1:58078]
[2025-09-03 15:53:44,769] [runserver.py:149] [runserver:log_action] [WARNING]- HTTP GET /static/css/bootstrap.min.css.map 404 [0.01, 127.0.0.1:58078]
[2025-09-03 15:53:44,791] [runserver.py:149] [runserver:log_action] [WARNING]- HTTP GET /static/js/lib/bootstrap.min.js.map 404 [0.00, 127.0.0.1:58078]
[2025-09-03 15:53:44,851] [runserver.py:162] [runserver:log_action] [INFO]- WebSocket HANDSHAKING /ws/msg/Reliability_Row_data/ [127.0.0.1:65328]
[2025-09-03 15:53:44,890] [runserver.py:158] [runserver:log_action] [INFO]- WebSocket CONNECT /ws/msg/Reliability_Row_data/ [127.0.0.1:65328]
[2025-09-03 15:53:44,946] [runserver.py:149] [runserver:log_action] [WARNING]- HTTP GET /static/js/axios.min.map 404 [0.01, 127.0.0.1:58078]
[2025-09-03 15:53:44,953] [runserver.py:149] [runserver:log_action] [WARNING]- HTTP GET /static/js/xlsx/FileSaver.min.js.map 404 [0.01, 127.0.0.1:64141]
[2025-09-03 15:53:45,349] [UserIP.py:93] [UserIP:process_response] [INFO]- 2025-09-03 15:53:45: C1010S3/edwin/Edwin> None/None/None > 127.0.0.1/127.0.0.1 > <AsgiRequest: GET '/TestPlanSW/TestPlanSW-search/?action=first'>
[2025-09-03 15:53:45,362] [runserver.py:141] [runserver:log_action] [INFO]- HTTP GET /TestPlanSW/TestPlanSW-search/?action=first 200 [0.13, 127.0.0.1:64141]
[2025-09-03 15:53:45,473] [UserIP.py:93] [UserIP:process_response] [INFO]- 2025-09-03 15:53:45: C1010S3/edwin/Edwin> None/None/None > 127.0.0.1/127.0.0.1 > <AsgiRequest: POST '/TestPlanSW/TestPlanSW-search/'>
[2025-09-03 15:53:45,484] [runserver.py:141] [runserver:log_action] [INFO]- HTTP POST /TestPlanSW/TestPlanSW-search/ 200 [0.25, 127.0.0.1:58078]
[2025-09-03 15:53:45,512] [UserIP.py:93] [UserIP:process_response] [INFO]- 2025-09-03 15:53:45: C1010S3/edwin/Edwin> None/None/None > 127.0.0.1/127.0.0.1 > <AsgiRequest: GET '/favicon.ico'>
[2025-09-03 15:53:45,539] [runserver.py:141] [runserver:log_action] [INFO]- HTTP GET /favicon.ico 200 [0.30, 127.0.0.1:53135]
[2025-09-03 15:53:50,815] [UserIP.py:93] [UserIP:process_response] [INFO]- 2025-09-03 15:53:50: C1010S3/edwin/Edwin> None/None/None > 127.0.0.1/127.0.0.1 > <AsgiRequest: POST '/TestPlanSW/TestPlanSW-search/'>
[2025-09-03 15:53:50,826] [runserver.py:141] [runserver:log_action] [INFO]- HTTP POST /TestPlanSW/TestPlanSW-search/ 200 [2.56, 127.0.0.1:53135]
[2025-09-03 15:53:52,317] [UserIP.py:93] [UserIP:process_response] [INFO]- 2025-09-03 15:53:52: C1010S3/edwin/Edwin> None/None/None > 127.0.0.1/127.0.0.1 > <AsgiRequest: POST '/TestPlanSW/TestPlanSW-search/'>
[2025-09-03 15:53:52,331] [runserver.py:141] [runserver:log_action] [INFO]- HTTP POST /TestPlanSW/TestPlanSW-search/ 200 [0.49, 127.0.0.1:53135]
[2025-09-03 15:53:54,393] [UserIP.py:93] [UserIP:process_response] [INFO]- 2025-09-03 15:53:54: C1010S3/edwin/Edwin> None/None/None > 127.0.0.1/127.0.0.1 > <AsgiRequest: GET '/TestPlanSW/TestPlanSW-search/?action=getCategory&customer=C38(NB)&project=GLMS1&phase=0'>
[2025-09-03 15:53:54,403] [runserver.py:141] [runserver:log_action] [INFO]- HTTP GET /TestPlanSW/TestPlanSW-search/?action=getCategory&customer=C38(NB)&project=GLMS1&phase=0 200 [0.28, 127.0.0.1:53135]
[2025-09-03 15:53:55,462] [UserIP.py:93] [UserIP:process_response] [INFO]- 2025-09-03 15:53:55: C1010S3/edwin/Edwin> None/None/None > 127.0.0.1/127.0.0.1 > <AsgiRequest: GET '/TestPlanSW/TestPlanSW-search/?action=getContent&customer=C38(NB)&project=GLMS1&phase=0&category='>
[2025-09-03 15:53:55,477] [runserver.py:141] [runserver:log_action] [INFO]- HTTP GET /TestPlanSW/TestPlanSW-search/?action=getContent&customer=C38(NB)&project=GLMS1&phase=0&category= 200 [0.82, 127.0.0.1:53135]
[2025-09-03 15:54:03,864] [UserIP.py:93] [UserIP:process_response] [INFO]- 2025-09-03 15:54:03: C1010S3/edwin/Edwin> None/None/None > 127.0.0.1/127.0.0.1 > <AsgiRequest: POST '/TestPlanSW/TestPlanSW-search/'>
[2025-09-03 15:54:03,876] [runserver.py:141] [runserver:log_action] [INFO]- HTTP POST /TestPlanSW/TestPlanSW-search/ 200 [0.18, 127.0.0.1:53135]
[2025-09-03 15:54:36,322] [UserIP.py:93] [UserIP:process_response] [INFO]- 2025-09-03 15:54:36: C1010S3/edwin/Edwin> None/None/None > 127.0.0.1/127.0.0.1 > <AsgiRequest: GET '/admin/'>
[2025-09-03 15:54:36,339] [runserver.py:141] [runserver:log_action] [INFO]- HTTP GET /admin/ 200 [0.75, 127.0.0.1:59768]
[2025-09-03 15:54:42,011] [UserIP.py:93] [UserIP:process_response] [INFO]- 2025-09-03 15:54:42: C1010S3/edwin/Edwin> None/None/None > 127.0.0.1/127.0.0.1 > <AsgiRequest: GET '/admin/TestPlanSW/testplansw/'>
[2025-09-03 15:54:42,030] [runserver.py:141] [runserver:log_action] [INFO]- HTTP GET /admin/TestPlanSW/testplansw/ 200 [5.59, 127.0.0.1:59768]
[2025-09-03 15:54:42,055] [UserIP.py:93] [UserIP:process_response] [INFO]- 2025-09-03 15:54:42: C1010S3/edwin/Edwin> None/None/None > 127.0.0.1/127.0.0.1 > <AsgiRequest: GET '/admin/jsi18n/'>
[2025-09-03 15:54:42,066] [runserver.py:141] [runserver:log_action] [INFO]- HTTP GET /admin/jsi18n/ 200 [0.02, 127.0.0.1:59768]
[2025-09-03 15:54:42,460] [UserIP.py:93] [UserIP:process_response] [INFO]- 2025-09-03 15:54:42: C1010S3/edwin/Edwin> None/None/None > 127.0.0.1/127.0.0.1 > <AsgiRequest: GET '/favicon.ico'>
[2025-09-03 15:54:42,495] [runserver.py:141] [runserver:log_action] [INFO]- HTTP GET /favicon.ico 200 [0.06, 127.0.0.1:59768]
[2025-09-03 15:54:50,380] [UserIP.py:93] [UserIP:process_response] [INFO]- 2025-09-03 15:54:50: C1010S3/edwin/Edwin> None/None/None > 127.0.0.1/127.0.0.1 > <AsgiRequest: GET '/admin/TestPlanSW/testplansw/8836/change/'>
[2025-09-03 15:54:52,813] [UserIP.py:93] [UserIP:process_response] [INFO]- 2025-09-03 15:54:52: C1010S3/edwin/Edwin> None/None/None > 127.0.0.1/127.0.0.1 > <AsgiRequest: GET '/admin/TestPlanSW/testplansw/8836/change/'>
[2025-09-03 15:54:55,274] [UserIP.py:93] [UserIP:process_response] [INFO]- 2025-09-03 15:54:55: C1010S3/edwin/Edwin> None/None/None > 127.0.0.1/127.0.0.1 > <AsgiRequest: GET '/admin/TestPlanSW/testplansw/8836/change/'>
[2025-09-03 15:54:57,872] [UserIP.py:93] [UserIP:process_response] [INFO]- 2025-09-03 15:54:57: C1010S3/edwin/Edwin> None/None/None > 127.0.0.1/127.0.0.1 > <AsgiRequest: GET '/admin/TestPlanSW/testplansw/8836/change/'>
[2025-09-03 15:55:00,295] [UserIP.py:93] [UserIP:process_response] [INFO]- 2025-09-03 15:55:00: C1010S3/edwin/Edwin> None/None/None > 127.0.0.1/127.0.0.1 > <AsgiRequest: GET '/admin/TestPlanSW/testplansw/8836/change/'>
[2025-09-03 15:55:02,755] [UserIP.py:93] [UserIP:process_response] [INFO]- 2025-09-03 15:55:02: C1010S3/edwin/Edwin> None/None/None > 127.0.0.1/127.0.0.1 > <AsgiRequest: GET '/admin/TestPlanSW/testplansw/8836/change/'>
[2025-09-03 15:55:05,458] [UserIP.py:93] [UserIP:process_response] [INFO]- 2025-09-03 15:55:05: C1010S3/edwin/Edwin> None/None/None > 127.0.0.1/127.0.0.1 > <AsgiRequest: GET '/admin/TestPlanSW/testplansw/8836/change/'>
[2025-09-03 15:55:07,996] [UserIP.py:93] [UserIP:process_response] [INFO]- 2025-09-03 15:55:07: C1010S3/edwin/Edwin> None/None/None > 127.0.0.1/127.0.0.1 > <AsgiRequest: GET '/admin/TestPlanSW/testplansw/8836/change/'>
[2025-09-03 15:55:08,009] [runserver.py:141] [runserver:log_action] [INFO]- HTTP GET /admin/TestPlanSW/testplansw/8836/change/ 200 [6.24, 127.0.0.1:55363]
[2025-09-03 15:55:08,039] [UserIP.py:93] [UserIP:process_response] [INFO]- 2025-09-03 15:55:08: C1010S3/edwin/Edwin> None/None/None > 127.0.0.1/127.0.0.1 > <AsgiRequest: GET '/admin/jsi18n/'>
[2025-09-03 15:55:08,051] [runserver.py:141] [runserver:log_action] [INFO]- HTTP GET /admin/jsi18n/ 200 [0.02, 127.0.0.1:55363]
[2025-09-03 16:14:43,219] [UserIP.py:93] [UserIP:process_response] [INFO]- 2025-09-03 16:14:43: C1010S3/edwin/Edwin> None/None/None > 127.0.0.1/127.0.0.1 > <AsgiRequest: GET '/admin/TestPlanSW/testprojectsw/'>
[2025-09-03 16:14:43,230] [runserver.py:141] [runserver:log_action] [INFO]- HTTP GET /admin/TestPlanSW/testprojectsw/ 200 [0.65, 127.0.0.1:49183]
[2025-09-03 16:14:43,240] [UserIP.py:93] [UserIP:process_response] [INFO]- 2025-09-03 16:14:43: C1010S3/edwin/Edwin> None/None/None > 127.0.0.1/127.0.0.1 > <AsgiRequest: GET '/favicon.ico'>
[2025-09-03 16:14:43,263] [runserver.py:141] [runserver:log_action] [INFO]- HTTP GET /favicon.ico 200 [0.67, 127.0.0.1:57697]
[2025-09-03 16:14:43,289] [UserIP.py:93] [UserIP:process_response] [INFO]- 2025-09-03 16:14:43: C1010S3/edwin/Edwin> None/None/None > 127.0.0.1/127.0.0.1 > <AsgiRequest: GET '/admin/jsi18n/'>
[2025-09-03 16:14:43,297] [runserver.py:141] [runserver:log_action] [INFO]- HTTP GET /admin/jsi18n/ 200 [0.05, 127.0.0.1:49183]
[2025-09-03 16:14:51,539] [UserIP.py:93] [UserIP:process_response] [INFO]- 2025-09-03 16:14:51: C1010S3/edwin/Edwin> None/None/None > 127.0.0.1/127.0.0.1 > <AsgiRequest: GET '/admin/TestPlanSW/retestitemsw/'>
[2025-09-03 16:14:51,561] [runserver.py:141] [runserver:log_action] [INFO]- HTTP GET /admin/TestPlanSW/retestitemsw/ 200 [3.12, 127.0.0.1:49183]
[2025-09-03 16:14:51,584] [UserIP.py:93] [UserIP:process_response] [INFO]- 2025-09-03 16:14:51: C1010S3/edwin/Edwin> None/None/None > 127.0.0.1/127.0.0.1 > <AsgiRequest: GET '/favicon.ico'>
[2025-09-03 16:14:51,611] [runserver.py:141] [runserver:log_action] [INFO]- HTTP GET /favicon.ico 200 [3.15, 127.0.0.1:57697]
[2025-09-03 16:14:51,624] [UserIP.py:93] [UserIP:process_response] [INFO]- 2025-09-03 16:14:51: C1010S3/edwin/Edwin> None/None/None > 127.0.0.1/127.0.0.1 > <AsgiRequest: GET '/admin/jsi18n/'>
[2025-09-03 16:14:51,636] [runserver.py:141] [runserver:log_action] [INFO]- HTTP GET /admin/jsi18n/ 200 [0.06, 127.0.0.1:50490]
[2025-09-03 16:14:54,148] [UserIP.py:93] [UserIP:process_response] [INFO]- 2025-09-03 16:14:54: C1010S3/edwin/Edwin> None/None/None > 127.0.0.1/127.0.0.1 > <AsgiRequest: GET '/admin/TestPlanSW/retestitemsw/847/change/'>
[2025-09-03 16:14:54,164] [runserver.py:141] [runserver:log_action] [INFO]- HTTP GET /admin/TestPlanSW/retestitemsw/847/change/ 200 [0.70, 127.0.0.1:50490]
[2025-09-03 16:14:54,223] [UserIP.py:93] [UserIP:process_response] [INFO]- 2025-09-03 16:14:54: C1010S3/edwin/Edwin> None/None/None > 127.0.0.1/127.0.0.1 > <AsgiRequest: GET '/admin/jsi18n/'>
[2025-09-03 16:14:54,234] [runserver.py:141] [runserver:log_action] [INFO]- HTTP GET /admin/jsi18n/ 200 [0.05, 127.0.0.1:50490]
[2025-09-03 16:15:07,638] [UserIP.py:93] [UserIP:process_response] [INFO]- 2025-09-03 16:15:07: C1010S3/edwin/Edwin> None/None/None > 127.0.0.1/127.0.0.1 > <AsgiRequest: GET '/favicon.ico'>
[2025-09-03 16:15:07,670] [runserver.py:141] [runserver:log_action] [INFO]- HTTP GET /favicon.ico 200 [0.05, 127.0.0.1:50490]
